<?xml version="1.0" encoding="UTF-8"?>
<coverage generated="1512326837643" clover="3.2.0">
  <project timestamp="1512326837643" name="All files">
    <metrics statements="401" coveredstatements="109" conditionals="533" coveredconditionals="96" methods="110" coveredmethods="24" elements="1044" coveredelements="229" complexity="0" loc="401" ncloc="401" packages="9" files="73" classes="73">
      <package name="src">
        <metrics statements="15" coveredstatements="0" conditionals="20" coveredconditionals="0" methods="6" coveredmethods="0"/>
        <file name="Root.js" path="D:\Code\snippets\trivia\src\Root.js">
          <metrics statements="15" coveredstatements="0" conditionals="20" coveredconditionals="0" methods="6" coveredmethods="0"/>
          <line num="1" count="0" type="cond" truecount="0" falsecount="16"/>
          <line num="3" count="0" type="stmt"/>
          <line num="4" count="0" type="stmt"/>
          <line num="5" count="0" type="stmt"/>
          <line num="6" count="0" type="stmt"/>
          <line num="7" count="0" type="stmt"/>
          <line num="8" count="0" type="stmt"/>
          <line num="9" count="0" type="stmt"/>
          <line num="10" count="0" type="stmt"/>
          <line num="11" count="0" type="cond" truecount="0" falsecount="4"/>
          <line num="13" count="0" type="stmt"/>
          <line num="15" count="0" type="stmt"/>
          <line num="16" count="0" type="stmt"/>
          <line num="22" count="0" type="stmt"/>
          <line num="31" count="0" type="stmt"/>
        </file>
      </package>
      <package name="src.components">
        <metrics statements="19" coveredstatements="13" conditionals="8" coveredconditionals="5" methods="7" coveredmethods="4"/>
        <file name="List.js" path="D:\Code\snippets\trivia\src\components\List.js">
          <metrics statements="10" coveredstatements="5" conditionals="4" coveredconditionals="2" methods="5" coveredmethods="2"/>
          <line num="21" count="1" type="stmt"/>
          <line num="22" count="1" type="cond" truecount="1" falsecount="1"/>
          <line num="23" count="0" type="stmt"/>
          <line num="28" count="1" type="stmt"/>
          <line num="30" count="1" type="cond" truecount="1" falsecount="1"/>
          <line num="31" count="0" type="stmt"/>
          <line num="34" count="0" type="stmt"/>
          <line num="41" count="1" type="stmt"/>
          <line num="44" count="0" type="stmt"/>
          <line num="46" count="0" type="stmt"/>
        </file>
        <file name="QuestionBox.js" path="D:\Code\snippets\trivia\src\components\QuestionBox.js">
          <metrics statements="3" coveredstatements="3" conditionals="0" coveredconditionals="0" methods="1" coveredmethods="1"/>
          <line num="12" count="1" type="stmt"/>
          <line num="13" count="1" type="stmt"/>
          <line num="15" count="1" type="stmt"/>
        </file>
        <file name="ResultItem.js" path="D:\Code\snippets\trivia\src\components\ResultItem.js">
          <metrics statements="6" coveredstatements="5" conditionals="4" coveredconditionals="3" methods="1" coveredmethods="1"/>
          <line num="12" count="1" type="stmt"/>
          <line num="13" count="1" type="stmt"/>
          <line num="16" count="1" type="cond" truecount="1" falsecount="1"/>
          <line num="17" count="0" type="stmt"/>
          <line num="19" count="1" type="stmt"/>
          <line num="22" count="1" type="stmt"/>
        </file>
        <file name="index.js" path="D:\Code\snippets\trivia\src\components\index.js">
          <metrics statements="0" coveredstatements="0" conditionals="0" coveredconditionals="0" methods="0" coveredmethods="0"/>
        </file>
      </package>
      <package name="src.navigation">
        <metrics statements="33" coveredstatements="19" conditionals="7" coveredconditionals="3" methods="7" coveredmethods="1"/>
        <file name="ConnectedNavigator.js" path="D:\Code\snippets\trivia\src\navigation\ConnectedNavigator.js">
          <metrics statements="20" coveredstatements="10" conditionals="2" coveredconditionals="0" methods="4" coveredmethods="0"/>
          <line num="15" count="5" type="stmt"/>
          <line num="16" count="1" type="stmt"/>
          <line num="17" count="1" type="stmt"/>
          <line num="18" count="1" type="stmt"/>
          <line num="22" count="5" type="stmt"/>
          <line num="28" count="5" type="stmt"/>
          <line num="40" count="5" type="stmt"/>
          <line num="42" count="5" type="stmt"/>
          <line num="43" count="0" type="stmt"/>
          <line num="51" count="0" type="stmt"/>
          <line num="52" count="0" type="stmt"/>
          <line num="53" count="0" type="stmt"/>
          <line num="57" count="0" type="stmt"/>
          <line num="58" count="0" type="stmt"/>
          <line num="62" count="0" type="stmt"/>
          <line num="63" count="0" type="cond" truecount="0" falsecount="2"/>
          <line num="64" count="0" type="stmt"/>
          <line num="66" count="0" type="stmt"/>
          <line num="70" count="5" type="stmt"/>
          <line num="72" count="5" type="stmt"/>
        </file>
        <file name="index.js" path="D:\Code\snippets\trivia\src\navigation\index.js">
          <metrics statements="0" coveredstatements="0" conditionals="0" coveredconditionals="0" methods="0" coveredmethods="0"/>
        </file>
        <file name="utils.js" path="D:\Code\snippets\trivia\src\navigation\utils.js">
          <metrics statements="13" coveredstatements="9" conditionals="5" coveredconditionals="3" methods="3" coveredmethods="1"/>
          <line num="5" count="5" type="cond" truecount="1" falsecount="0"/>
          <line num="6" count="3" type="stmt"/>
          <line num="8" count="3" type="stmt"/>
          <line num="9" count="3" type="stmt"/>
          <line num="10" count="3" type="stmt"/>
          <line num="11" count="0" type="cond" truecount="0" falsecount="2"/>
          <line num="12" count="0" type="stmt"/>
          <line num="14" count="0" type="stmt"/>
          <line num="17" count="3" type="cond" truecount="2" falsecount="0"/>
          <line num="18" count="1" type="stmt"/>
          <line num="27" count="3" type="stmt"/>
          <line num="30" count="5" type="stmt"/>
          <line num="31" count="0" type="stmt"/>
        </file>
      </package>
      <package name="src.redux">
        <metrics statements="71" coveredstatements="55" conditionals="30" coveredconditionals="23" methods="20" coveredmethods="16"/>
        <file name="actions.js" path="D:\Code\snippets\trivia\src\redux\actions.js">
          <metrics statements="11" coveredstatements="11" conditionals="0" coveredconditionals="0" methods="7" coveredmethods="7"/>
          <line num="6" count="5" type="stmt"/>
          <line num="10" count="1" type="stmt"/>
          <line num="11" count="1" type="stmt"/>
          <line num="14" count="1" type="stmt"/>
          <line num="17" count="1" type="stmt"/>
          <line num="18" count="1" type="stmt"/>
          <line num="27" count="5" type="stmt"/>
          <line num="31" count="1" type="stmt"/>
          <line num="32" count="1" type="stmt"/>
          <line num="43" count="1" type="stmt"/>
          <line num="44" count="1" type="stmt"/>
        </file>
        <file name="index.js" path="D:\Code\snippets\trivia\src\redux\index.js">
          <metrics statements="0" coveredstatements="0" conditionals="0" coveredconditionals="0" methods="0" coveredmethods="0"/>
        </file>
        <file name="reducers.js" path="D:\Code\snippets\trivia\src\redux\reducers.js">
          <metrics statements="37" coveredstatements="36" conditionals="20" coveredconditionals="19" methods="4" coveredmethods="4"/>
          <line num="10" count="5" type="stmt"/>
          <line num="12" count="5" type="cond" truecount="1" falsecount="0"/>
          <line num="14" count="12" type="cond" truecount="3" falsecount="0"/>
          <line num="16" count="1" type="stmt"/>
          <line num="17" count="1" type="stmt"/>
          <line num="18" count="1" type="stmt"/>
          <line num="24" count="2" type="stmt"/>
          <line num="26" count="2" type="cond" truecount="2" falsecount="0"/>
          <line num="27" count="1" type="stmt"/>
          <line num="29" count="1" type="stmt"/>
          <line num="32" count="2" type="stmt"/>
          <line num="33" count="2" type="stmt"/>
          <line num="36" count="7" type="stmt"/>
          <line num="37" count="7" type="stmt"/>
          <line num="41" count="10" type="stmt"/>
          <line num="45" count="5" type="stmt"/>
          <line num="47" count="5" type="cond" truecount="1" falsecount="0"/>
          <line num="50" count="9" type="cond" truecount="3" falsecount="0"/>
          <line num="52" count="1" type="stmt"/>
          <line num="53" count="1" type="stmt"/>
          <line num="55" count="1" type="stmt"/>
          <line num="56" count="1" type="stmt"/>
          <line num="60" count="9" type="cond" truecount="2" falsecount="0"/>
          <line num="63" count="5" type="stmt"/>
          <line num="65" count="5" type="cond" truecount="1" falsecount="0"/>
          <line num="68" count="9" type="cond" truecount="3" falsecount="0"/>
          <line num="70" count="1" type="stmt"/>
          <line num="71" count="1" type="stmt"/>
          <line num="73" count="1" type="stmt"/>
          <line num="74" count="1" type="stmt"/>
          <line num="76" count="1" type="cond" truecount="1" falsecount="1"/>
          <line num="77" count="0" type="stmt"/>
          <line num="79" count="1" type="stmt"/>
          <line num="82" count="1" type="stmt"/>
          <line num="83" count="1" type="stmt"/>
          <line num="88" count="9" type="cond" truecount="2" falsecount="0"/>
          <line num="91" count="5" type="stmt"/>
        </file>
        <file name="selectors.js" path="D:\Code\snippets\trivia\src\redux\selectors.js">
          <metrics statements="7" coveredstatements="7" conditionals="4" coveredconditionals="4" methods="5" coveredmethods="5"/>
          <line num="6" count="9" type="stmt"/>
          <line num="7" count="9" type="stmt"/>
          <line num="9" count="9" type="stmt"/>
          <line num="13" count="9" type="stmt"/>
          <line num="14" count="27" type="stmt"/>
          <line num="15" count="18" type="stmt"/>
          <line num="24" count="9" type="stmt"/>
        </file>
        <file name="state.js" path="D:\Code\snippets\trivia\src\redux\state.js">
          <metrics statements="1" coveredstatements="1" conditionals="0" coveredconditionals="0" methods="0" coveredmethods="0"/>
          <line num="32" count="9" type="stmt"/>
        </file>
        <file name="store.js" path="D:\Code\snippets\trivia\src\redux\store.js">
          <metrics statements="15" coveredstatements="0" conditionals="6" coveredconditionals="0" methods="4" coveredmethods="0"/>
          <line num="14" count="0" type="stmt"/>
          <line num="19" count="0" type="cond" truecount="0" falsecount="2"/>
          <line num="20" count="0" type="stmt"/>
          <line num="23" count="0" type="stmt"/>
          <line num="28" count="0" type="stmt"/>
          <line num="30" count="0" type="stmt"/>
          <line num="31" count="0" type="stmt"/>
          <line num="32" count="0" type="stmt"/>
          <line num="37" count="0" type="stmt"/>
          <line num="41" count="0" type="stmt"/>
          <line num="42" count="0" type="cond" truecount="0" falsecount="4"/>
          <line num="44" count="0" type="stmt"/>
          <line num="47" count="0" type="stmt"/>
          <line num="48" count="0" type="stmt"/>
          <line num="54" count="0" type="stmt"/>
        </file>
      </package>
      <package name="src.screens">
        <metrics statements="32" coveredstatements="4" conditionals="4" coveredconditionals="0" methods="18" coveredmethods="0"/>
        <file name="Home.js" path="D:\Code\snippets\trivia\src\screens\Home.js">
          <metrics statements="8" coveredstatements="1" conditionals="4" coveredconditionals="0" methods="4" coveredmethods="0"/>
          <line num="10" count="5" type="stmt"/>
          <line num="11" count="0" type="stmt"/>
          <line num="18" count="0" type="stmt"/>
          <line num="19" count="0" type="stmt"/>
          <line num="23" count="0" type="stmt"/>
          <line num="25" count="0" type="cond" truecount="0" falsecount="2"/>
          <line num="28" count="0" type="stmt"/>
          <line num="52" count="0" type="stmt"/>
        </file>
        <file name="Quiz.js" path="D:\Code\snippets\trivia\src\screens\Quiz.js">
          <metrics statements="9" coveredstatements="1" conditionals="0" coveredconditionals="0" methods="5" coveredmethods="0"/>
          <line num="11" count="5" type="stmt"/>
          <line num="12" count="0" type="stmt"/>
          <line num="14" count="0" type="stmt"/>
          <line num="22" count="0" type="stmt"/>
          <line num="23" count="0" type="stmt"/>
          <line num="27" count="0" type="stmt"/>
          <line num="29" count="0" type="stmt"/>
          <line num="47" count="0" type="stmt"/>
          <line num="58" count="0" type="stmt"/>
        </file>
        <file name="Results.js" path="D:\Code\snippets\trivia\src\screens\Results.js">
          <metrics statements="13" coveredstatements="1" conditionals="0" coveredconditionals="0" methods="8" coveredmethods="0"/>
          <line num="12" count="5" type="stmt"/>
          <line num="13" count="0" type="stmt"/>
          <line num="14" count="0" type="stmt"/>
          <line num="16" count="0" type="stmt"/>
          <line num="26" count="0" type="stmt"/>
          <line num="27" count="0" type="stmt"/>
          <line num="31" count="0" type="stmt"/>
          <line num="32" count="0" type="stmt"/>
          <line num="36" count="0" type="stmt"/>
          <line num="38" count="0" type="stmt"/>
          <line num="51" count="0" type="stmt"/>
          <line num="63" count="0" type="stmt"/>
          <line num="74" count="0" type="stmt"/>
        </file>
        <file name="Splash.js" path="D:\Code\snippets\trivia\src\screens\Splash.js">
          <metrics statements="2" coveredstatements="1" conditionals="0" coveredconditionals="0" methods="1" coveredmethods="0"/>
          <line num="8" count="5" type="stmt"/>
          <line num="9" count="0" type="stmt"/>
        </file>
        <file name="index.js" path="D:\Code\snippets\trivia\src\screens\index.js">
          <metrics statements="0" coveredstatements="0" conditionals="0" coveredconditionals="0" methods="0" coveredmethods="0"/>
        </file>
      </package>
      <package name="src.styles">
        <metrics statements="0" coveredstatements="0" conditionals="2" coveredconditionals="1" methods="0" coveredmethods="0"/>
        <file name="Colors.js" path="D:\Code\snippets\trivia\src\styles\Colors.js">
          <metrics statements="0" coveredstatements="0" conditionals="0" coveredconditionals="0" methods="0" coveredmethods="0"/>
        </file>
        <file name="Images.js" path="D:\Code\snippets\trivia\src\styles\Images.js">
          <metrics statements="0" coveredstatements="0" conditionals="0" coveredconditionals="0" methods="0" coveredmethods="0"/>
        </file>
        <file name="Styles.js" path="D:\Code\snippets\trivia\src\styles\Styles.js">
          <metrics statements="0" coveredstatements="0" conditionals="2" coveredconditionals="1" methods="0" coveredmethods="0"/>
        </file>
        <file name="Theme.js" path="D:\Code\snippets\trivia\src\styles\Theme.js">
          <metrics statements="0" coveredstatements="0" conditionals="0" coveredconditionals="0" methods="0" coveredmethods="0"/>
        </file>
        <file name="index.js" path="D:\Code\snippets\trivia\src\styles\index.js">
          <metrics statements="0" coveredstatements="0" conditionals="0" coveredconditionals="0" methods="0" coveredmethods="0"/>
        </file>
      </package>
      <package name="src.styles.native-base-theme.components">
        <metrics statements="117" coveredstatements="1" conditionals="208" coveredconditionals="0" methods="47" coveredmethods="0"/>
        <file name="Badge.js" path="D:\Code\snippets\trivia\src\styles\native-base-theme\components\Badge.js">
          <metrics statements="2" coveredstatements="0" conditionals="1" coveredconditionals="0" methods="1" coveredmethods="0"/>
          <line num="4" count="0" type="stmt"/>
          <line num="34" count="0" type="stmt"/>
        </file>
        <file name="Body.js" path="D:\Code\snippets\trivia\src\styles\native-base-theme\components\Body.js">
          <metrics statements="2" coveredstatements="0" conditionals="1" coveredconditionals="0" methods="1" coveredmethods="0"/>
          <line num="4" count="0" type="stmt"/>
          <line num="10" count="0" type="stmt"/>
        </file>
        <file name="Button.js" path="D:\Code\snippets\trivia\src\styles\native-base-theme\components\Button.js">
          <metrics statements="4" coveredstatements="0" conditionals="13" coveredconditionals="0" methods="1" coveredmethods="0"/>
          <line num="4" count="0" type="stmt"/>
          <line num="5" count="0" type="stmt"/>
          <line num="7" count="0" type="stmt"/>
          <line num="483" count="0" type="stmt"/>
        </file>
        <file name="Card.js" path="D:\Code\snippets\trivia\src\styles\native-base-theme\components\Card.js">
          <metrics statements="2" coveredstatements="0" conditionals="1" coveredconditionals="0" methods="1" coveredmethods="0"/>
          <line num="4" count="0" type="stmt"/>
          <line num="27" count="0" type="stmt"/>
        </file>
        <file name="CardItem.js" path="D:\Code\snippets\trivia\src\styles\native-base-theme\components\CardItem.js">
          <metrics statements="3" coveredstatements="0" conditionals="13" coveredconditionals="0" methods="1" coveredmethods="0"/>
          <line num="4" count="0" type="stmt"/>
          <line num="6" count="0" type="stmt"/>
          <line num="212" count="0" type="stmt"/>
        </file>
        <file name="CheckBox.js" path="D:\Code\snippets\trivia\src\styles\native-base-theme\components\CheckBox.js">
          <metrics statements="2" coveredstatements="0" conditionals="1" coveredconditionals="0" methods="1" coveredmethods="0"/>
          <line num="4" count="0" type="stmt"/>
          <line num="35" count="0" type="stmt"/>
        </file>
        <file name="Container.js" path="D:\Code\snippets\trivia\src\styles\native-base-theme\components\Container.js">
          <metrics statements="3" coveredstatements="1" conditionals="3" coveredconditionals="0" methods="1" coveredmethods="0"/>
          <line num="5" count="8" type="stmt"/>
          <line num="7" count="0" type="stmt"/>
          <line num="16" count="0" type="stmt"/>
        </file>
        <file name="Content.js" path="D:\Code\snippets\trivia\src\styles\native-base-theme\components\Content.js">
          <metrics statements="2" coveredstatements="0" conditionals="1" coveredconditionals="0" methods="1" coveredmethods="0"/>
          <line num="4" count="0" type="stmt"/>
          <line num="16" count="0" type="stmt"/>
        </file>
        <file name="Fab.js" path="D:\Code\snippets\trivia\src\styles\native-base-theme\components\Fab.js">
          <metrics statements="3" coveredstatements="0" conditionals="1" coveredconditionals="0" methods="1" coveredmethods="0"/>
          <line num="4" count="0" type="stmt"/>
          <line num="6" count="0" type="stmt"/>
          <line num="26" count="0" type="stmt"/>
        </file>
        <file name="Footer.js" path="D:\Code\snippets\trivia\src\styles\native-base-theme\components\Footer.js">
          <metrics statements="4" coveredstatements="0" conditionals="9" coveredconditionals="0" methods="1" coveredmethods="0"/>
          <line num="4" count="0" type="stmt"/>
          <line num="5" count="0" type="stmt"/>
          <line num="7" count="0" type="stmt"/>
          <line num="98" count="0" type="stmt"/>
        </file>
        <file name="FooterTab.js" path="D:\Code\snippets\trivia\src\styles\native-base-theme\components\FooterTab.js">
          <metrics statements="3" coveredstatements="0" conditionals="7" coveredconditionals="0" methods="1" coveredmethods="0"/>
          <line num="6" count="0" type="stmt"/>
          <line num="8" count="0" type="stmt"/>
          <line num="76" count="0" type="stmt"/>
        </file>
        <file name="Form.js" path="D:\Code\snippets\trivia\src\styles\native-base-theme\components\Form.js">
          <metrics statements="3" coveredstatements="0" conditionals="1" coveredconditionals="0" methods="1" coveredmethods="0"/>
          <line num="4" count="0" type="stmt"/>
          <line num="6" count="0" type="stmt"/>
          <line num="87" count="0" type="stmt"/>
        </file>
        <file name="H1.js" path="D:\Code\snippets\trivia\src\styles\native-base-theme\components\H1.js">
          <metrics statements="2" coveredstatements="0" conditionals="1" coveredconditionals="0" methods="1" coveredmethods="0"/>
          <line num="6" count="0" type="stmt"/>
          <line num="18" count="0" type="stmt"/>
        </file>
        <file name="H2.js" path="D:\Code\snippets\trivia\src\styles\native-base-theme\components\H2.js">
          <metrics statements="2" coveredstatements="0" conditionals="1" coveredconditionals="0" methods="1" coveredmethods="0"/>
          <line num="4" count="0" type="stmt"/>
          <line num="10" count="0" type="stmt"/>
        </file>
        <file name="H3.js" path="D:\Code\snippets\trivia\src\styles\native-base-theme\components\H3.js">
          <metrics statements="2" coveredstatements="0" conditionals="1" coveredconditionals="0" methods="1" coveredmethods="0"/>
          <line num="4" count="0" type="stmt"/>
          <line num="10" count="0" type="stmt"/>
        </file>
        <file name="Header.js" path="D:\Code\snippets\trivia\src\styles\native-base-theme\components\Header.js">
          <metrics statements="4" coveredstatements="0" conditionals="37" coveredconditionals="0" methods="1" coveredmethods="0"/>
          <line num="6" count="0" type="stmt"/>
          <line num="7" count="0" type="stmt"/>
          <line num="9" count="0" type="stmt"/>
          <line num="317" count="0" type="stmt"/>
        </file>
        <file name="Icon.js" path="D:\Code\snippets\trivia\src\styles\native-base-theme\components\Icon.js">
          <metrics statements="2" coveredstatements="0" conditionals="1" coveredconditionals="0" methods="1" coveredmethods="0"/>
          <line num="4" count="0" type="stmt"/>
          <line num="9" count="0" type="stmt"/>
        </file>
        <file name="Input.js" path="D:\Code\snippets\trivia\src\styles\native-base-theme\components\Input.js">
          <metrics statements="2" coveredstatements="0" conditionals="1" coveredconditionals="0" methods="1" coveredmethods="0"/>
          <line num="4" count="0" type="stmt"/>
          <line num="17" count="0" type="stmt"/>
        </file>
        <file name="InputGroup.js" path="D:\Code\snippets\trivia\src\styles\native-base-theme\components\InputGroup.js">
          <metrics statements="2" coveredstatements="0" conditionals="1" coveredconditionals="0" methods="1" coveredmethods="0"/>
          <line num="4" count="0" type="stmt"/>
          <line num="129" count="0" type="stmt"/>
        </file>
        <file name="Item.js" path="D:\Code\snippets\trivia\src\styles\native-base-theme\components\Item.js">
          <metrics statements="2" coveredstatements="0" conditionals="7" coveredconditionals="0" methods="1" coveredmethods="0"/>
          <line num="6" count="0" type="stmt"/>
          <line num="214" count="0" type="stmt"/>
        </file>
        <file name="Label.js" path="D:\Code\snippets\trivia\src\styles\native-base-theme\components\Label.js">
          <metrics statements="2" coveredstatements="0" conditionals="1" coveredconditionals="0" methods="1" coveredmethods="0"/>
          <line num="4" count="0" type="stmt"/>
          <line num="11" count="0" type="stmt"/>
        </file>
        <file name="Left.js" path="D:\Code\snippets\trivia\src\styles\native-base-theme\components\Left.js">
          <metrics statements="2" coveredstatements="0" conditionals="1" coveredconditionals="0" methods="1" coveredmethods="0"/>
          <line num="4" count="0" type="stmt"/>
          <line num="10" count="0" type="stmt"/>
        </file>
        <file name="ListItem.js" path="D:\Code\snippets\trivia\src\styles\native-base-theme\components\ListItem.js">
          <metrics statements="3" coveredstatements="0" conditionals="23" coveredconditionals="0" methods="1" coveredmethods="0"/>
          <line num="7" count="0" type="stmt"/>
          <line num="9" count="0" type="stmt"/>
          <line num="409" count="0" type="stmt"/>
        </file>
        <file name="Picker.android.js" path="D:\Code\snippets\trivia\src\styles\native-base-theme\components\Picker.android.js">
          <metrics statements="4" coveredstatements="0" conditionals="8" coveredconditionals="0" methods="2" coveredmethods="0"/>
          <line num="1" count="0" type="cond" truecount="0" falsecount="4"/>
          <line num="3" count="0" type="cond" truecount="0" falsecount="4"/>
          <line num="4" count="0" type="stmt"/>
          <line num="12" count="0" type="stmt"/>
        </file>
        <file name="Picker.ios.js" path="D:\Code\snippets\trivia\src\styles\native-base-theme\components\Picker.ios.js">
          <metrics statements="2" coveredstatements="0" conditionals="1" coveredconditionals="0" methods="1" coveredmethods="0"/>
          <line num="4" count="0" type="stmt"/>
          <line num="6" count="0" type="stmt"/>
        </file>
        <file name="Radio.js" path="D:\Code\snippets\trivia\src\styles\native-base-theme\components\Radio.js">
          <metrics statements="2" coveredstatements="0" conditionals="13" coveredconditionals="0" methods="1" coveredmethods="0"/>
          <line num="6" count="0" type="stmt"/>
          <line num="25" count="0" type="stmt"/>
        </file>
        <file name="Right.js" path="D:\Code\snippets\trivia\src\styles\native-base-theme\components\Right.js">
          <metrics statements="2" coveredstatements="0" conditionals="1" coveredconditionals="0" methods="1" coveredmethods="0"/>
          <line num="4" count="0" type="stmt"/>
          <line num="13" count="0" type="stmt"/>
        </file>
        <file name="Segment.js" path="D:\Code\snippets\trivia\src\styles\native-base-theme\components\Segment.js">
          <metrics statements="3" coveredstatements="0" conditionals="9" coveredconditionals="0" methods="1" coveredmethods="0"/>
          <line num="4" count="0" type="stmt"/>
          <line num="6" count="0" type="stmt"/>
          <line num="44" count="0" type="stmt"/>
        </file>
        <file name="Separator.js" path="D:\Code\snippets\trivia\src\styles\native-base-theme\components\Separator.js">
          <metrics statements="2" coveredstatements="0" conditionals="1" coveredconditionals="0" methods="1" coveredmethods="0"/>
          <line num="4" count="0" type="stmt"/>
          <line num="46" count="0" type="stmt"/>
        </file>
        <file name="Spinner.js" path="D:\Code\snippets\trivia\src\styles\native-base-theme\components\Spinner.js">
          <metrics statements="2" coveredstatements="0" conditionals="1" coveredconditionals="0" methods="1" coveredmethods="0"/>
          <line num="4" count="0" type="stmt"/>
          <line num="8" count="0" type="stmt"/>
        </file>
        <file name="Subtitle.js" path="D:\Code\snippets\trivia\src\styles\native-base-theme\components\Subtitle.js">
          <metrics statements="2" coveredstatements="0" conditionals="1" coveredconditionals="0" methods="1" coveredmethods="0"/>
          <line num="4" count="0" type="stmt"/>
          <line num="11" count="0" type="stmt"/>
        </file>
        <file name="SwipeRow.js" path="D:\Code\snippets\trivia\src\styles\native-base-theme\components\SwipeRow.js">
          <metrics statements="2" coveredstatements="0" conditionals="1" coveredconditionals="0" methods="1" coveredmethods="0"/>
          <line num="4" count="0" type="stmt"/>
          <line num="45" count="0" type="stmt"/>
        </file>
        <file name="Switch.js" path="D:\Code\snippets\trivia\src\styles\native-base-theme\components\Switch.js">
          <metrics statements="2" coveredstatements="0" conditionals="1" coveredconditionals="0" methods="1" coveredmethods="0"/>
          <line num="4" count="0" type="stmt"/>
          <line num="8" count="0" type="stmt"/>
        </file>
        <file name="Tab.js" path="D:\Code\snippets\trivia\src\styles\native-base-theme\components\Tab.js">
          <metrics statements="2" coveredstatements="0" conditionals="1" coveredconditionals="0" methods="1" coveredmethods="0"/>
          <line num="4" count="0" type="stmt"/>
          <line num="9" count="0" type="stmt"/>
        </file>
        <file name="TabBar.js" path="D:\Code\snippets\trivia\src\styles\native-base-theme\components\TabBar.js">
          <metrics statements="2" coveredstatements="0" conditionals="1" coveredconditionals="0" methods="1" coveredmethods="0"/>
          <line num="4" count="0" type="stmt"/>
          <line num="54" count="0" type="stmt"/>
        </file>
        <file name="TabContainer.js" path="D:\Code\snippets\trivia\src\styles\native-base-theme\components\TabContainer.js">
          <metrics statements="4" coveredstatements="0" conditionals="11" coveredconditionals="0" methods="1" coveredmethods="0"/>
          <line num="5" count="0" type="stmt"/>
          <line num="6" count="0" type="stmt"/>
          <line num="8" count="0" type="stmt"/>
          <line num="23" count="0" type="stmt"/>
        </file>
        <file name="TabHeading.js" path="D:\Code\snippets\trivia\src\styles\native-base-theme\components\TabHeading.js">
          <metrics statements="3" coveredstatements="0" conditionals="7" coveredconditionals="0" methods="1" coveredmethods="0"/>
          <line num="4" count="0" type="stmt"/>
          <line num="6" count="0" type="stmt"/>
          <line num="36" count="0" type="stmt"/>
        </file>
        <file name="Text.js" path="D:\Code\snippets\trivia\src\styles\native-base-theme\components\Text.js">
          <metrics statements="2" coveredstatements="0" conditionals="1" coveredconditionals="0" methods="1" coveredmethods="0"/>
          <line num="6" count="0" type="stmt"/>
          <line num="26" count="0" type="stmt"/>
        </file>
        <file name="Textarea.js" path="D:\Code\snippets\trivia\src\styles\native-base-theme\components\Textarea.js">
          <metrics statements="2" coveredstatements="0" conditionals="1" coveredconditionals="0" methods="1" coveredmethods="0"/>
          <line num="4" count="0" type="stmt"/>
          <line num="22" count="0" type="stmt"/>
        </file>
        <file name="Thumbnail.js" path="D:\Code\snippets\trivia\src\styles\native-base-theme\components\Thumbnail.js">
          <metrics statements="2" coveredstatements="0" conditionals="1" coveredconditionals="0" methods="1" coveredmethods="0"/>
          <line num="4" count="0" type="stmt"/>
          <line num="39" count="0" type="stmt"/>
        </file>
        <file name="Title.js" path="D:\Code\snippets\trivia\src\styles\native-base-theme\components\Title.js">
          <metrics statements="2" coveredstatements="0" conditionals="3" coveredconditionals="0" methods="1" coveredmethods="0"/>
          <line num="6" count="0" type="stmt"/>
          <line num="14" count="0" type="stmt"/>
        </file>
        <file name="Toast.js" path="D:\Code\snippets\trivia\src\styles\native-base-theme\components\Toast.js">
          <metrics statements="3" coveredstatements="0" conditionals="3" coveredconditionals="0" methods="1" coveredmethods="0"/>
          <line num="4" count="0" type="stmt"/>
          <line num="6" count="0" type="stmt"/>
          <line num="37" count="0" type="stmt"/>
        </file>
        <file name="View.js" path="D:\Code\snippets\trivia\src\styles\native-base-theme\components\View.js">
          <metrics statements="2" coveredstatements="0" conditionals="1" coveredconditionals="0" methods="1" coveredmethods="0"/>
          <line num="4" count="0" type="stmt"/>
          <line num="10" count="0" type="stmt"/>
        </file>
        <file name="index.js" path="D:\Code\snippets\trivia\src\styles\native-base-theme\components\index.js">
          <metrics statements="12" coveredstatements="0" conditionals="14" coveredconditionals="0" methods="3" coveredmethods="0"/>
          <line num="46" count="0" type="stmt"/>
          <line num="214" count="0" type="stmt"/>
          <line num="215" count="0" type="stmt"/>
          <line num="218" count="0" type="cond" truecount="0" falsecount="2"/>
          <line num="223" count="0" type="cond" truecount="0" falsecount="2"/>
          <line num="224" count="0" type="cond" truecount="0" falsecount="2"/>
          <line num="225" count="0" type="stmt"/>
          <line num="227" count="0" type="stmt"/>
          <line num="231" count="0" type="cond" truecount="0" falsecount="4"/>
          <line num="232" count="0" type="stmt"/>
          <line num="237" count="0" type="stmt"/>
          <line num="239" count="0" type="stmt"/>
        </file>
      </package>
      <package name="src.styles.native-base-theme.variables">
        <metrics statements="98" coveredstatements="5" conditionals="237" coveredconditionals="54" methods="2" coveredmethods="0"/>
        <file name="commonColor.js" path="D:\Code\snippets\trivia\src\styles\native-base-theme\variables\commonColor.js">
          <metrics statements="33" coveredstatements="0" conditionals="75" coveredconditionals="0" methods="1" coveredmethods="0"/>
          <line num="1" count="0" type="stmt"/>
          <line num="3" count="0" type="cond" truecount="0" falsecount="4"/>
          <line num="5" count="0" type="stmt"/>
          <line num="6" count="0" type="stmt"/>
          <line num="7" count="0" type="stmt"/>
          <line num="8" count="0" type="stmt"/>
          <line num="9" count="0" type="cond" truecount="0" falsecount="3"/>
          <line num="53" count="0" type="stmt"/>
          <line num="57" count="0" type="stmt"/>
          <line num="60" count="0" type="stmt"/>
          <line num="63" count="0" type="stmt"/>
          <line num="66" count="0" type="stmt"/>
          <line num="69" count="0" type="stmt"/>
          <line num="72" count="0" type="stmt"/>
          <line num="75" count="0" type="stmt"/>
          <line num="78" count="0" type="stmt"/>
          <line num="81" count="0" type="stmt"/>
          <line num="84" count="0" type="stmt"/>
          <line num="87" count="0" type="cond" truecount="0" falsecount="2"/>
          <line num="90" count="0" type="stmt"/>
          <line num="93" count="0" type="stmt"/>
          <line num="96" count="0" type="stmt"/>
          <line num="102" count="0" type="stmt"/>
          <line num="105" count="0" type="stmt"/>
          <line num="126" count="0" type="stmt"/>
          <line num="129" count="0" type="stmt"/>
          <line num="132" count="0" type="stmt"/>
          <line num="169" count="0" type="stmt"/>
          <line num="187" count="0" type="stmt"/>
          <line num="190" count="0" type="stmt"/>
          <line num="198" count="0" type="stmt"/>
          <line num="239" count="0" type="stmt"/>
          <line num="273" count="0" type="stmt"/>
        </file>
        <file name="material.js" path="D:\Code\snippets\trivia\src\styles\native-base-theme\variables\material.js">
          <metrics statements="34" coveredstatements="0" conditionals="53" coveredconditionals="0" methods="1" coveredmethods="0"/>
          <line num="1" count="0" type="stmt"/>
          <line num="3" count="0" type="stmt"/>
          <line num="4" count="0" type="cond" truecount="0" falsecount="4"/>
          <line num="6" count="0" type="stmt"/>
          <line num="7" count="0" type="stmt"/>
          <line num="8" count="0" type="stmt"/>
          <line num="9" count="0" type="stmt"/>
          <line num="10" count="0" type="cond" truecount="0" falsecount="3"/>
          <line num="54" count="0" type="stmt"/>
          <line num="58" count="0" type="stmt"/>
          <line num="61" count="0" type="stmt"/>
          <line num="64" count="0" type="stmt"/>
          <line num="67" count="0" type="stmt"/>
          <line num="70" count="0" type="stmt"/>
          <line num="73" count="0" type="stmt"/>
          <line num="76" count="0" type="stmt"/>
          <line num="79" count="0" type="stmt"/>
          <line num="82" count="0" type="stmt"/>
          <line num="85" count="0" type="stmt"/>
          <line num="88" count="0" type="cond" truecount="0" falsecount="2"/>
          <line num="91" count="0" type="stmt"/>
          <line num="94" count="0" type="stmt"/>
          <line num="97" count="0" type="stmt"/>
          <line num="103" count="0" type="stmt"/>
          <line num="106" count="0" type="stmt"/>
          <line num="127" count="0" type="stmt"/>
          <line num="130" count="0" type="stmt"/>
          <line num="133" count="0" type="stmt"/>
          <line num="170" count="0" type="stmt"/>
          <line num="188" count="0" type="stmt"/>
          <line num="191" count="0" type="stmt"/>
          <line num="199" count="0" type="stmt"/>
          <line num="240" count="0" type="stmt"/>
          <line num="274" count="0" type="stmt"/>
        </file>
        <file name="platform.js" path="D:\Code\snippets\trivia\src\styles\native-base-theme\variables\platform.js">
          <metrics statements="31" coveredstatements="5" conditionals="109" coveredconditionals="54" methods="0" coveredmethods="0"/>
          <line num="6" count="8" type="stmt"/>
          <line num="7" count="8" type="stmt"/>
          <line num="8" count="8" type="stmt"/>
          <line num="9" count="8" type="stmt"/>
          <line num="10" count="8" type="cond" truecount="2" falsecount="1"/>
          <line num="54" count="0" type="stmt"/>
          <line num="58" count="0" type="stmt"/>
          <line num="61" count="0" type="stmt"/>
          <line num="64" count="0" type="stmt"/>
          <line num="67" count="0" type="stmt"/>
          <line num="70" count="0" type="stmt"/>
          <line num="73" count="0" type="stmt"/>
          <line num="76" count="0" type="stmt"/>
          <line num="79" count="0" type="stmt"/>
          <line num="82" count="0" type="stmt"/>
          <line num="85" count="0" type="stmt"/>
          <line num="88" count="0" type="cond" truecount="0" falsecount="2"/>
          <line num="91" count="0" type="stmt"/>
          <line num="94" count="0" type="stmt"/>
          <line num="97" count="0" type="stmt"/>
          <line num="103" count="0" type="stmt"/>
          <line num="106" count="0" type="stmt"/>
          <line num="127" count="0" type="stmt"/>
          <line num="130" count="0" type="stmt"/>
          <line num="133" count="0" type="stmt"/>
          <line num="173" count="0" type="stmt"/>
          <line num="191" count="0" type="stmt"/>
          <line num="194" count="0" type="stmt"/>
          <line num="202" count="0" type="stmt"/>
          <line num="243" count="0" type="stmt"/>
          <line num="277" count="0" type="stmt"/>
        </file>
      </package>
      <package name="src.utils">
        <metrics statements="16" coveredstatements="12" conditionals="17" coveredconditionals="10" methods="3" coveredmethods="3"/>
        <file name="api.js" path="D:\Code\snippets\trivia\src\utils\api.js">
          <metrics statements="16" coveredstatements="12" conditionals="17" coveredconditionals="10" methods="3" coveredmethods="3"/>
          <line num="28" count="2" type="stmt"/>
          <line num="35" count="2" type="stmt"/>
          <line num="42" count="2" type="stmt"/>
          <line num="44" count="2" type="stmt"/>
          <line num="45" count="2" type="stmt"/>
          <line num="46" count="2" type="cond" truecount="1" falsecount="1"/>
          <line num="47" count="2" type="stmt"/>
          <line num="48" count="0" type="cond" truecount="0" falsecount="2"/>
          <line num="49" count="0" type="stmt"/>
          <line num="58" count="2" type="cond" truecount="1" falsecount="1"/>
          <line num="64" count="0" type="stmt"/>
          <line num="70" count="2" type="stmt"/>
          <line num="77" count="2" type="stmt"/>
          <line num="79" count="2" type="cond" truecount="5" falsecount="1"/>
          <line num="80" count="0" type="stmt"/>
          <line num="85" count="4" type="stmt"/>
        </file>
        <file name="index.js" path="D:\Code\snippets\trivia\src\utils\index.js">
          <metrics statements="0" coveredstatements="0" conditionals="0" coveredconditionals="0" methods="0" coveredmethods="0"/>
        </file>
      </package>
    </metrics>
  </project>
</coverage>
