{"D:\\Code\\snippets\\trivia\\src\\Root.js": {"path":"D:\\Code\\snippets\\trivia\\src\\Root.js","statementMap":{"0":{"start":{"line":1,"column":0},"end":{"line":1,"column":57}},"1":{"start":{"line":1,"column":76},"end":{"line":1,"column":706}},"2":{"start":{"line":1,"column":126},"end":{"line":1,"column":128}},"3":{"start":{"line":1,"column":136},"end":{"line":1,"column":140}},"4":{"start":{"line":1,"column":148},"end":{"line":1,"column":153}},"5":{"start":{"line":1,"column":161},"end":{"line":1,"column":170}},"6":{"start":{"line":1,"column":171},"end":{"line":1,"column":438}},"7":{"start":{"line":1,"column":175},"end":{"line":1,"column":336}},"8":{"start":{"line":1,"column":287},"end":{"line":1,"column":307}},"9":{"start":{"line":1,"column":307},"end":{"line":1,"column":335}},"10":{"start":{"line":1,"column":329},"end":{"line":1,"column":335}},"11":{"start":{"line":1,"column":348},"end":{"line":1,"column":356}},"12":{"start":{"line":1,"column":356},"end":{"line":1,"column":363}},"13":{"start":{"line":1,"column":372},"end":{"line":1,"column":437}},"14":{"start":{"line":1,"column":376},"end":{"line":1,"column":412}},"15":{"start":{"line":1,"column":397},"end":{"line":1,"column":412}},"16":{"start":{"line":1,"column":421},"end":{"line":1,"column":436}},"17":{"start":{"line":1,"column":427},"end":{"line":1,"column":436}},"18":{"start":{"line":1,"column":438},"end":{"line":1,"column":450}},"19":{"start":{"line":1,"column":451},"end":{"line":1,"column":703}},"20":{"start":{"line":1,"column":474},"end":{"line":1,"column":701}},"21":{"start":{"line":1,"column":497},"end":{"line":1,"column":508}},"22":{"start":{"line":1,"column":514},"end":{"line":1,"column":701}},"23":{"start":{"line":1,"column":590},"end":{"line":1,"column":618}},"24":{"start":{"line":1,"column":624},"end":{"line":1,"column":700}},"25":{"start":{"line":3,"column":11},"end":{"line":3,"column":27}},"26":{"start":{"line":3,"column":40},"end":{"line":3,"column":70}},"27":{"start":{"line":4,"column":11},"end":{"line":4,"column":31}},"28":{"start":{"line":5,"column":16},"end":{"line":5,"column":38}},"29":{"start":{"line":6,"column":13},"end":{"line":6,"column":35}},"30":{"start":{"line":7,"column":16},"end":{"line":7,"column":38}},"31":{"start":{"line":8,"column":16},"end":{"line":8,"column":41}},"32":{"start":{"line":9,"column":12},"end":{"line":9,"column":33}},"33":{"start":{"line":10,"column":12},"end":{"line":10,"column":58}},"34":{"start":{"line":11,"column":13},"end":{"line":11,"column":46}},"35":{"start":{"line":11,"column":61},"end":{"line":11,"column":93}},"36":{"start":{"line":11,"column":131},"end":{"line":11,"column":176}},"37":{"start":{"line":13,"column":0},"end":{"line":13,"column":44}},"38":{"start":{"line":13,"column":66},"end":{"line":13,"column":103}},"39":{"start":{"line":13,"column":110},"end":{"line":13,"column":133}},"40":{"start":{"line":13,"column":144},"end":{"line":13,"column":167}},"41":{"start":{"line":15,"column":9},"end":{"line":31,"column":1}},"42":{"start":{"line":16,"column":0},"end":{"line":25,"column":72}},"43":{"start":{"line":22,"column":37},"end":{"line":22,"column":83}},"44":{"start":{"line":31,"column":2},"end":{"line":33,"column":5}}},"fnMap":{"0":{"name":"(anonymous_0)","decl":{"start":{"line":1,"column":76},"end":{"line":1,"column":77}},"loc":{"start":{"line":1,"column":86},"end":{"line":1,"column":704}},"line":1},"1":{"name":"sliceIterator","decl":{"start":{"line":1,"column":96},"end":{"line":1,"column":109}},"loc":{"start":{"line":1,"column":116},"end":{"line":1,"column":451}},"line":1},"2":{"name":"(anonymous_2)","decl":{"start":{"line":1,"column":458},"end":{"line":1,"column":459}},"loc":{"start":{"line":1,"column":473},"end":{"line":1,"column":702}},"line":1},"3":{"name":"_interopRequireDefault","decl":{"start":{"line":11,"column":103},"end":{"line":11,"column":125}},"loc":{"start":{"line":11,"column":130},"end":{"line":11,"column":177}},"line":11},"4":{"name":"Root","decl":{"start":{"line":15,"column":18},"end":{"line":15,"column":22}},"loc":{"start":{"line":15,"column":24},"end":{"line":31,"column":1}},"line":15},"5":{"name":"onBeforeLift","decl":{"start":{"line":22,"column":22},"end":{"line":22,"column":34}},"loc":{"start":{"line":22,"column":36},"end":{"line":22,"column":84}},"line":22}},"branchMap":{"0":{"loc":{"start":{"line":1,"column":307},"end":{"line":1,"column":335}},"type":"if","locations":[{"start":{"line":1,"column":307},"end":{"line":1,"column":335}},{"start":{"line":1,"column":307},"end":{"line":1,"column":335}}],"line":1},"1":{"loc":{"start":{"line":1,"column":310},"end":{"line":1,"column":328}},"type":"binary-expr","locations":[{"start":{"line":1,"column":310},"end":{"line":1,"column":311}},{"start":{"line":1,"column":313},"end":{"line":1,"column":328}}],"line":1},"2":{"loc":{"start":{"line":1,"column":376},"end":{"line":1,"column":412}},"type":"if","locations":[{"start":{"line":1,"column":376},"end":{"line":1,"column":412}},{"start":{"line":1,"column":376},"end":{"line":1,"column":412}}],"line":1},"3":{"loc":{"start":{"line":1,"column":379},"end":{"line":1,"column":396}},"type":"binary-expr","locations":[{"start":{"line":1,"column":379},"end":{"line":1,"column":382}},{"start":{"line":1,"column":384},"end":{"line":1,"column":396}}],"line":1},"4":{"loc":{"start":{"line":1,"column":421},"end":{"line":1,"column":436}},"type":"if","locations":[{"start":{"line":1,"column":421},"end":{"line":1,"column":436}},{"start":{"line":1,"column":421},"end":{"line":1,"column":436}}],"line":1},"5":{"loc":{"start":{"line":1,"column":474},"end":{"line":1,"column":701}},"type":"if","locations":[{"start":{"line":1,"column":474},"end":{"line":1,"column":701}},{"start":{"line":1,"column":474},"end":{"line":1,"column":701}}],"line":1},"6":{"loc":{"start":{"line":1,"column":514},"end":{"line":1,"column":701}},"type":"if","locations":[{"start":{"line":1,"column":514},"end":{"line":1,"column":701}},{"start":{"line":1,"column":514},"end":{"line":1,"column":701}}],"line":1},"7":{"loc":{"start":{"line":1,"column":518},"end":{"line":1,"column":573}},"type":"cond-expr","locations":[{"start":{"line":1,"column":545},"end":{"line":1,"column":560}},{"start":{"line":1,"column":561},"end":{"line":1,"column":573}}],"line":1},"8":{"loc":{"start":{"line":11,"column":138},"end":{"line":11,"column":175}},"type":"cond-expr","locations":[{"start":{"line":11,"column":158},"end":{"line":11,"column":161}},{"start":{"line":11,"column":162},"end":{"line":11,"column":175}}],"line":11},"9":{"loc":{"start":{"line":11,"column":138},"end":{"line":11,"column":157}},"type":"binary-expr","locations":[{"start":{"line":11,"column":138},"end":{"line":11,"column":141}},{"start":{"line":11,"column":143},"end":{"line":11,"column":157}}],"line":11}},"s":{"0":0,"1":0,"2":0,"3":0,"4":0,"5":0,"6":0,"7":0,"8":0,"9":0,"10":0,"11":0,"12":0,"13":0,"14":0,"15":0,"16":0,"17":0,"18":0,"19":0,"20":0,"21":0,"22":0,"23":0,"24":0,"25":0,"26":0,"27":0,"28":0,"29":0,"30":0,"31":0,"32":0,"33":0,"34":0,"35":0,"36":0,"37":0,"38":0,"39":0,"40":0,"41":0,"42":0,"43":0,"44":0},"f":{"0":0,"1":0,"2":0,"3":0,"4":0,"5":0},"b":{"0":[0,0],"1":[0,0],"2":[0,0],"3":[0,0],"4":[0,0],"5":[0,0],"6":[0,0],"7":[0,0],"8":[0,0],"9":[0,0]}}
,"D:\\Code\\snippets\\trivia\\src\\components\\List.js": {"path":"D:\\Code\\snippets\\trivia\\src\\components\\List.js","statementMap":{"0":{"start":{"line":21,"column":32},"end":{"line":21,"column":42}},"1":{"start":{"line":22,"column":8},"end":{"line":24,"column":9}},"2":{"start":{"line":23,"column":12},"end":{"line":23,"column":55}},"3":{"start":{"line":28,"column":67},"end":{"line":28,"column":77}},"4":{"start":{"line":30,"column":8},"end":{"line":39,"column":9}},"5":{"start":{"line":31,"column":12},"end":{"line":38,"column":14}},"6":{"start":{"line":34,"column":44},"end":{"line":34,"column":57}},"7":{"start":{"line":41,"column":8},"end":{"line":48,"column":10}},"8":{"start":{"line":44,"column":40},"end":{"line":44,"column":53}},"9":{"start":{"line":46,"column":29},"end":{"line":46,"column":43}}},"fnMap":{"0":{"name":"(anonymous_0)","decl":{"start":{"line":20,"column":4},"end":{"line":20,"column":5}},"loc":{"start":{"line":20,"column":24},"end":{"line":25,"column":5}},"line":20},"1":{"name":"(anonymous_1)","decl":{"start":{"line":27,"column":4},"end":{"line":27,"column":5}},"loc":{"start":{"line":27,"column":52},"end":{"line":49,"column":5}},"line":27},"2":{"name":"(anonymous_2)","decl":{"start":{"line":34,"column":34},"end":{"line":34,"column":35}},"loc":{"start":{"line":34,"column":44},"end":{"line":34,"column":57}},"line":34},"3":{"name":"(anonymous_3)","decl":{"start":{"line":44,"column":30},"end":{"line":44,"column":31}},"loc":{"start":{"line":44,"column":40},"end":{"line":44,"column":53}},"line":44},"4":{"name":"(anonymous_4)","decl":{"start":{"line":46,"column":21},"end":{"line":46,"column":22}},"loc":{"start":{"line":46,"column":29},"end":{"line":46,"column":43}},"line":46}},"branchMap":{"0":{"loc":{"start":{"line":22,"column":8},"end":{"line":24,"column":9}},"type":"if","locations":[{"start":{"line":22,"column":8},"end":{"line":24,"column":9}},{"start":{"line":22,"column":8},"end":{"line":24,"column":9}}],"line":22},"1":{"loc":{"start":{"line":30,"column":8},"end":{"line":39,"column":9}},"type":"if","locations":[{"start":{"line":30,"column":8},"end":{"line":39,"column":9}},{"start":{"line":30,"column":8},"end":{"line":39,"column":9}}],"line":30}},"s":{"0":1,"1":1,"2":0,"3":1,"4":1,"5":0,"6":0,"7":1,"8":0,"9":0},"f":{"0":1,"1":1,"2":0,"3":0,"4":0},"b":{"0":[0,1],"1":[0,1]},"_coverageSchema":"332fd63041d2c1bcb487cc26dd0d5f7d97098a6c","hash":"08975b0cd1a7c15d60fd31771b8fb83a6720db0b"}
,"D:\\Code\\snippets\\trivia\\src\\components\\QuestionBox.js": {"path":"D:\\Code\\snippets\\trivia\\src\\components\\QuestionBox.js","statementMap":{"0":{"start":{"line":12,"column":29},"end":{"line":12,"column":39}},"1":{"start":{"line":13,"column":26},"end":{"line":13,"column":29}},"2":{"start":{"line":15,"column":8},"end":{"line":25,"column":10}}},"fnMap":{"0":{"name":"(anonymous_0)","decl":{"start":{"line":11,"column":4},"end":{"line":11,"column":5}},"loc":{"start":{"line":11,"column":34},"end":{"line":26,"column":5}},"line":11}},"branchMap":{},"s":{"0":1,"1":1,"2":1},"f":{"0":1},"b":{},"_coverageSchema":"332fd63041d2c1bcb487cc26dd0d5f7d97098a6c","hash":"aa337be29caf9698e7440b1f1dbe7e982542e423"}
,"D:\\Code\\snippets\\trivia\\src\\components\\ResultItem.js": {"path":"D:\\Code\\snippets\\trivia\\src\\components\\ResultItem.js","statementMap":{"0":{"start":{"line":12,"column":27},"end":{"line":12,"column":37}},"1":{"start":{"line":13,"column":26},"end":{"line":13,"column":28}},"2":{"start":{"line":16,"column":8},"end":{"line":20,"column":9}},"3":{"start":{"line":17,"column":12},"end":{"line":17,"column":119}},"4":{"start":{"line":19,"column":12},"end":{"line":19,"column":114}},"5":{"start":{"line":22,"column":8},"end":{"line":38,"column":10}}},"fnMap":{"0":{"name":"(anonymous_0)","decl":{"start":{"line":11,"column":4},"end":{"line":11,"column":5}},"loc":{"start":{"line":11,"column":38},"end":{"line":39,"column":5}},"line":11}},"branchMap":{"0":{"loc":{"start":{"line":16,"column":8},"end":{"line":20,"column":9}},"type":"if","locations":[{"start":{"line":16,"column":8},"end":{"line":20,"column":9}},{"start":{"line":16,"column":8},"end":{"line":20,"column":9}}],"line":16},"1":{"loc":{"start":{"line":33,"column":21},"end":{"line":34,"column":106}},"type":"binary-expr","locations":[{"start":{"line":33,"column":21},"end":{"line":33,"column":46}},{"start":{"line":34,"column":20},"end":{"line":34,"column":106}}],"line":33}},"s":{"0":1,"1":1,"2":1,"3":0,"4":1,"5":1},"f":{"0":1},"b":{"0":[0,1],"1":[1,1]},"_coverageSchema":"332fd63041d2c1bcb487cc26dd0d5f7d97098a6c","hash":"57d8fcee9731fa114974a8c54a0f1ba46651bfea"}
,"D:\\Code\\snippets\\trivia\\src\\components\\index.js": {"path":"D:\\Code\\snippets\\trivia\\src\\components\\index.js","statementMap":{},"fnMap":{},"branchMap":{},"s":{},"f":{},"b":{},"_coverageSchema":"332fd63041d2c1bcb487cc26dd0d5f7d97098a6c","hash":"1f46ad32a28031500efff0eb575811a2d4637f4f"}
,"D:\\Code\\snippets\\trivia\\src\\navigation\\ConnectedNavigator.js": {"path":"D:\\Code\\snippets\\trivia\\src\\navigation\\ConnectedNavigator.js","statementMap":{"0":{"start":{"line":15,"column":15},"end":{"line":19,"column":1}},"1":{"start":{"line":16,"column":25},"end":{"line":16,"column":39}},"2":{"start":{"line":17,"column":25},"end":{"line":17,"column":39}},"3":{"start":{"line":18,"column":28},"end":{"line":18,"column":45}},"4":{"start":{"line":22,"column":24},"end":{"line":26,"column":1}},"5":{"start":{"line":28,"column":21},"end":{"line":38,"column":1}},"6":{"start":{"line":40,"column":22},"end":{"line":40,"column":67}},"7":{"start":{"line":42,"column":24},"end":{"line":47,"column":1}},"8":{"start":{"line":43,"column":4},"end":{"line":46,"column":5}},"9":{"start":{"line":51,"column":8},"end":{"line":51,"column":39}},"10":{"start":{"line":52,"column":8},"end":{"line":52,"column":57}},"11":{"start":{"line":53,"column":8},"end":{"line":53,"column":46}},"12":{"start":{"line":57,"column":34},"end":{"line":57,"column":44}},"13":{"start":{"line":58,"column":8},"end":{"line":58,"column":62}},"14":{"start":{"line":62,"column":40},"end":{"line":62,"column":50}},"15":{"start":{"line":63,"column":8},"end":{"line":65,"column":9}},"16":{"start":{"line":64,"column":12},"end":{"line":64,"column":30}},"17":{"start":{"line":66,"column":8},"end":{"line":66,"column":74}},"18":{"start":{"line":70,"column":27},"end":{"line":70,"column":75}},"19":{"start":{"line":72,"column":30},"end":{"line":72,"column":50}}},"fnMap":{"0":{"name":"(anonymous_0)","decl":{"start":{"line":42,"column":24},"end":{"line":42,"column":25}},"loc":{"start":{"line":43,"column":4},"end":{"line":46,"column":5}},"line":43},"1":{"name":"(anonymous_1)","decl":{"start":{"line":50,"column":4},"end":{"line":50,"column":5}},"loc":{"start":{"line":50,"column":25},"end":{"line":54,"column":5}},"line":50},"2":{"name":"(anonymous_2)","decl":{"start":{"line":56,"column":27},"end":{"line":56,"column":28}},"loc":{"start":{"line":56,"column":33},"end":{"line":59,"column":5}},"line":56},"3":{"name":"(anonymous_3)","decl":{"start":{"line":61,"column":4},"end":{"line":61,"column":5}},"loc":{"start":{"line":61,"column":33},"end":{"line":67,"column":5}},"line":61}},"branchMap":{"0":{"loc":{"start":{"line":63,"column":8},"end":{"line":65,"column":9}},"type":"if","locations":[{"start":{"line":63,"column":8},"end":{"line":65,"column":9}},{"start":{"line":63,"column":8},"end":{"line":65,"column":9}}],"line":63}},"s":{"0":5,"1":1,"2":1,"3":1,"4":5,"5":5,"6":5,"7":5,"8":0,"9":0,"10":0,"11":0,"12":0,"13":0,"14":0,"15":0,"16":0,"17":0,"18":5,"19":5},"f":{"0":0,"1":0,"2":0,"3":0},"b":{"0":[0,0]},"_coverageSchema":"332fd63041d2c1bcb487cc26dd0d5f7d97098a6c","hash":"0751d5b8b70567640aa347a759a1f10a54aefa13"}
,"D:\\Code\\snippets\\trivia\\src\\navigation\\index.js": {"path":"D:\\Code\\snippets\\trivia\\src\\navigation\\index.js","statementMap":{},"fnMap":{},"branchMap":{},"s":{},"f":{},"b":{},"_coverageSchema":"332fd63041d2c1bcb487cc26dd0d5f7d97098a6c","hash":"27fd48eb43f1b9b0e9c66fddfd694fda1e490424"}
,"D:\\Code\\snippets\\trivia\\src\\navigation\\utils.js": {"path":"D:\\Code\\snippets\\trivia\\src\\navigation\\utils.js","statementMap":{"0":{"start":{"line":5,"column":28},"end":{"line":28,"column":1}},"1":{"start":{"line":6,"column":19},"end":{"line":6,"column":39}},"2":{"start":{"line":8,"column":17},"end":{"line":8,"column":90}},"3":{"start":{"line":9,"column":4},"end":{"line":9,"column":19}},"4":{"start":{"line":10,"column":4},"end":{"line":15,"column":15}},"5":{"start":{"line":11,"column":23},"end":{"line":11,"column":84}},"6":{"start":{"line":12,"column":28},"end":{"line":12,"column":84}},"7":{"start":{"line":14,"column":8},"end":{"line":14,"column":49}},"8":{"start":{"line":17,"column":4},"end":{"line":25,"column":5}},"9":{"start":{"line":18,"column":8},"end":{"line":24,"column":11}},"10":{"start":{"line":27,"column":4},"end":{"line":27,"column":18}},"11":{"start":{"line":30,"column":19},"end":{"line":32,"column":1}},"12":{"start":{"line":31,"column":4},"end":{"line":31,"column":64}}},"fnMap":{"0":{"name":"(anonymous_0)","decl":{"start":{"line":5,"column":28},"end":{"line":5,"column":29}},"loc":{"start":{"line":5,"column":106},"end":{"line":28,"column":1}},"line":5},"1":{"name":"(anonymous_1)","decl":{"start":{"line":10,"column":18},"end":{"line":10,"column":19}},"loc":{"start":{"line":10,"column":43},"end":{"line":15,"column":5}},"line":10},"2":{"name":"(anonymous_2)","decl":{"start":{"line":30,"column":19},"end":{"line":30,"column":20}},"loc":{"start":{"line":30,"column":85},"end":{"line":32,"column":1}},"line":30}},"branchMap":{"0":{"loc":{"start":{"line":5,"column":70},"end":{"line":5,"column":93}},"type":"default-arg","locations":[{"start":{"line":5,"column":88},"end":{"line":5,"column":93}}],"line":5},"1":{"loc":{"start":{"line":11,"column":23},"end":{"line":11,"column":84}},"type":"cond-expr","locations":[{"start":{"line":11,"column":61},"end":{"line":11,"column":72}},{"start":{"line":11,"column":75},"end":{"line":11,"column":84}}],"line":11},"2":{"loc":{"start":{"line":17,"column":4},"end":{"line":25,"column":5}},"type":"if","locations":[{"start":{"line":17,"column":4},"end":{"line":25,"column":5}},{"start":{"line":17,"column":4},"end":{"line":25,"column":5}}],"line":17}},"s":{"0":5,"1":3,"2":3,"3":3,"4":3,"5":0,"6":0,"7":0,"8":3,"9":1,"10":3,"11":5,"12":0},"f":{"0":3,"1":0,"2":0},"b":{"0":[2],"1":[0,0],"2":[1,2]},"_coverageSchema":"332fd63041d2c1bcb487cc26dd0d5f7d97098a6c","hash":"95f8cfeab5469ebcdf88a123fff842380abca5ae"}
,"D:\\Code\\snippets\\trivia\\src\\redux\\actions.js": {"path":"D:\\Code\\snippets\\trivia\\src\\redux\\actions.js","statementMap":{"0":{"start":{"line":6,"column":18},"end":{"line":25,"column":1}},"1":{"start":{"line":10,"column":8},"end":{"line":23,"column":10}},"2":{"start":{"line":11,"column":12},"end":{"line":13,"column":15}},"3":{"start":{"line":14,"column":12},"end":{"line":16,"column":15}},"4":{"start":{"line":17,"column":12},"end":{"line":22,"column":15}},"5":{"start":{"line":18,"column":16},"end":{"line":21,"column":19}},"6":{"start":{"line":27,"column":16},"end":{"line":49,"column":1}},"7":{"start":{"line":31,"column":8},"end":{"line":40,"column":10}},"8":{"start":{"line":32,"column":12},"end":{"line":39,"column":15}},"9":{"start":{"line":43,"column":8},"end":{"line":47,"column":10}},"10":{"start":{"line":44,"column":12},"end":{"line":46,"column":15}}},"fnMap":{"0":{"name":"(anonymous_0)","decl":{"start":{"line":9,"column":11},"end":{"line":9,"column":12}},"loc":{"start":{"line":9,"column":17},"end":{"line":24,"column":5}},"line":9},"1":{"name":"(anonymous_1)","decl":{"start":{"line":10,"column":15},"end":{"line":10,"column":16}},"loc":{"start":{"line":10,"column":40},"end":{"line":23,"column":9}},"line":10},"2":{"name":"(anonymous_2)","decl":{"start":{"line":17,"column":45},"end":{"line":17,"column":46}},"loc":{"start":{"line":17,"column":60},"end":{"line":22,"column":13}},"line":17},"3":{"name":"(anonymous_3)","decl":{"start":{"line":30,"column":12},"end":{"line":30,"column":13}},"loc":{"start":{"line":30,"column":80},"end":{"line":41,"column":5}},"line":30},"4":{"name":"(anonymous_4)","decl":{"start":{"line":31,"column":15},"end":{"line":31,"column":16}},"loc":{"start":{"line":31,"column":40},"end":{"line":40,"column":9}},"line":31},"5":{"name":"(anonymous_5)","decl":{"start":{"line":42,"column":11},"end":{"line":42,"column":12}},"loc":{"start":{"line":42,"column":17},"end":{"line":48,"column":5}},"line":42},"6":{"name":"(anonymous_6)","decl":{"start":{"line":43,"column":15},"end":{"line":43,"column":16}},"loc":{"start":{"line":43,"column":40},"end":{"line":47,"column":9}},"line":43}},"branchMap":{},"s":{"0":5,"1":1,"2":1,"3":1,"4":1,"5":1,"6":5,"7":1,"8":1,"9":1,"10":1},"f":{"0":1,"1":1,"2":1,"3":1,"4":1,"5":1,"6":1},"b":{},"_coverageSchema":"332fd63041d2c1bcb487cc26dd0d5f7d97098a6c","hash":"6d9748606b4cebdfefc817b9af768a66dacc33a7"}
,"D:\\Code\\snippets\\trivia\\src\\redux\\index.js": {"path":"D:\\Code\\snippets\\trivia\\src\\redux\\index.js","statementMap":{},"fnMap":{},"branchMap":{},"s":{},"f":{},"b":{},"_coverageSchema":"332fd63041d2c1bcb487cc26dd0d5f7d97098a6c","hash":"87f02b453ff829a2236fa905bbbe5879a65d9509"}
,"D:\\Code\\snippets\\trivia\\src\\redux\\reducers.js": {"path":"D:\\Code\\snippets\\trivia\\src\\redux\\reducers.js","statementMap":{"0":{"start":{"line":10,"column":24},"end":{"line":10,"column":67}},"1":{"start":{"line":12,"column":25},"end":{"line":42,"column":1}},"2":{"start":{"line":14,"column":4},"end":{"line":39,"column":5}},"3":{"start":{"line":16,"column":32},"end":{"line":16,"column":81}},"4":{"start":{"line":17,"column":12},"end":{"line":17,"column":72}},"5":{"start":{"line":18,"column":12},"end":{"line":18,"column":18}},"6":{"start":{"line":24,"column":27},"end":{"line":24,"column":55}},"7":{"start":{"line":26,"column":12},"end":{"line":30,"column":13}},"8":{"start":{"line":27,"column":16},"end":{"line":27,"column":85}},"9":{"start":{"line":29,"column":16},"end":{"line":29,"column":64}},"10":{"start":{"line":32,"column":12},"end":{"line":32,"column":60}},"11":{"start":{"line":33,"column":12},"end":{"line":33,"column":18}},"12":{"start":{"line":36,"column":12},"end":{"line":36,"column":57}},"13":{"start":{"line":37,"column":12},"end":{"line":37,"column":18}},"14":{"start":{"line":41,"column":4},"end":{"line":41,"column":21}},"15":{"start":{"line":45,"column":30},"end":{"line":45,"column":52}},"16":{"start":{"line":47,"column":25},"end":{"line":61,"column":1}},"17":{"start":{"line":50,"column":4},"end":{"line":58,"column":5}},"18":{"start":{"line":52,"column":12},"end":{"line":52,"column":55}},"19":{"start":{"line":53,"column":12},"end":{"line":53,"column":18}},"20":{"start":{"line":55,"column":12},"end":{"line":55,"column":81}},"21":{"start":{"line":56,"column":12},"end":{"line":56,"column":18}},"22":{"start":{"line":60,"column":4},"end":{"line":60,"column":30}},"23":{"start":{"line":63,"column":28},"end":{"line":63,"column":48}},"24":{"start":{"line":65,"column":23},"end":{"line":89,"column":1}},"25":{"start":{"line":68,"column":4},"end":{"line":86,"column":5}},"26":{"start":{"line":70,"column":12},"end":{"line":70,"column":48}},"27":{"start":{"line":71,"column":12},"end":{"line":71,"column":18}},"28":{"start":{"line":73,"column":26},"end":{"line":73,"column":37}},"29":{"start":{"line":74,"column":24},"end":{"line":74,"column":117}},"30":{"start":{"line":74,"column":65},"end":{"line":74,"column":114}},"31":{"start":{"line":76,"column":12},"end":{"line":80,"column":13}},"32":{"start":{"line":77,"column":16},"end":{"line":77,"column":89}},"33":{"start":{"line":79,"column":16},"end":{"line":79,"column":56}},"34":{"start":{"line":82,"column":12},"end":{"line":82,"column":53}},"35":{"start":{"line":83,"column":12},"end":{"line":83,"column":18}},"36":{"start":{"line":88,"column":4},"end":{"line":88,"column":30}},"37":{"start":{"line":91,"column":17},"end":{"line":95,"column":2}}},"fnMap":{"0":{"name":"(anonymous_0)","decl":{"start":{"line":12,"column":25},"end":{"line":12,"column":26}},"loc":{"start":{"line":12,"column":62},"end":{"line":42,"column":1}},"line":12},"1":{"name":"(anonymous_1)","decl":{"start":{"line":47,"column":25},"end":{"line":47,"column":26}},"loc":{"start":{"line":47,"column":114},"end":{"line":61,"column":1}},"line":47},"2":{"name":"(anonymous_2)","decl":{"start":{"line":65,"column":23},"end":{"line":65,"column":24}},"loc":{"start":{"line":65,"column":108},"end":{"line":89,"column":1}},"line":65},"3":{"name":"(anonymous_3)","decl":{"start":{"line":74,"column":42},"end":{"line":74,"column":43}},"loc":{"start":{"line":74,"column":63},"end":{"line":74,"column":116}},"line":74}},"branchMap":{"0":{"loc":{"start":{"line":12,"column":26},"end":{"line":12,"column":49}},"type":"default-arg","locations":[{"start":{"line":12,"column":34},"end":{"line":12,"column":49}}],"line":12},"1":{"loc":{"start":{"line":14,"column":4},"end":{"line":39,"column":5}},"type":"switch","locations":[{"start":{"line":15,"column":8},"end":{"line":19,"column":9}},{"start":{"line":20,"column":8},"end":{"line":34,"column":9}},{"start":{"line":35,"column":8},"end":{"line":38,"column":9}}],"line":14},"2":{"loc":{"start":{"line":26,"column":12},"end":{"line":30,"column":13}},"type":"if","locations":[{"start":{"line":26,"column":12},"end":{"line":30,"column":13}},{"start":{"line":26,"column":12},"end":{"line":30,"column":13}}],"line":26},"3":{"loc":{"start":{"line":47,"column":26},"end":{"line":47,"column":76}},"type":"default-arg","locations":[{"start":{"line":47,"column":55},"end":{"line":47,"column":76}}],"line":47},"4":{"loc":{"start":{"line":50,"column":4},"end":{"line":58,"column":5}},"type":"switch","locations":[{"start":{"line":51,"column":8},"end":{"line":53,"column":18}},{"start":{"line":54,"column":8},"end":{"line":56,"column":18}},{"start":{"line":57,"column":8},"end":{"line":57,"column":16}}],"line":50},"5":{"loc":{"start":{"line":60,"column":11},"end":{"line":60,"column":29}},"type":"binary-expr","locations":[{"start":{"line":60,"column":11},"end":{"line":60,"column":20}},{"start":{"line":60,"column":24},"end":{"line":60,"column":29}}],"line":60},"6":{"loc":{"start":{"line":65,"column":24},"end":{"line":65,"column":70}},"type":"default-arg","locations":[{"start":{"line":65,"column":51},"end":{"line":65,"column":70}}],"line":65},"7":{"loc":{"start":{"line":68,"column":4},"end":{"line":86,"column":5}},"type":"switch","locations":[{"start":{"line":69,"column":8},"end":{"line":71,"column":18}},{"start":{"line":72,"column":8},"end":{"line":84,"column":9}},{"start":{"line":85,"column":8},"end":{"line":85,"column":16}}],"line":68},"8":{"loc":{"start":{"line":76,"column":12},"end":{"line":80,"column":13}},"type":"if","locations":[{"start":{"line":76,"column":12},"end":{"line":80,"column":13}},{"start":{"line":76,"column":12},"end":{"line":80,"column":13}}],"line":76},"9":{"loc":{"start":{"line":88,"column":11},"end":{"line":88,"column":29}},"type":"binary-expr","locations":[{"start":{"line":88,"column":11},"end":{"line":88,"column":20}},{"start":{"line":88,"column":24},"end":{"line":88,"column":29}}],"line":88}},"s":{"0":5,"1":5,"2":12,"3":1,"4":1,"5":1,"6":2,"7":2,"8":1,"9":1,"10":2,"11":2,"12":7,"13":7,"14":10,"15":5,"16":5,"17":9,"18":1,"19":1,"20":1,"21":1,"22":9,"23":5,"24":5,"25":9,"26":1,"27":1,"28":1,"29":1,"30":1,"31":1,"32":0,"33":1,"34":1,"35":1,"36":9,"37":5},"f":{"0":12,"1":9,"2":9,"3":1},"b":{"0":[12],"1":[1,2,7],"2":[1,1],"3":[7],"4":[1,1,7],"5":[9,7],"6":[7],"7":[1,1,7],"8":[0,1],"9":[9,7]},"_coverageSchema":"332fd63041d2c1bcb487cc26dd0d5f7d97098a6c","hash":"ef92b8e1c9edd7067c50a8e5127b0c2afdb3d137"}
,"D:\\Code\\snippets\\trivia\\src\\redux\\selectors.js": {"path":"D:\\Code\\snippets\\trivia\\src\\redux\\selectors.js","statementMap":{"0":{"start":{"line":6,"column":21},"end":{"line":6,"column":64}},"1":{"start":{"line":6,"column":43},"end":{"line":6,"column":64}},"2":{"start":{"line":7,"column":19},"end":{"line":7,"column":60}},"3":{"start":{"line":7,"column":41},"end":{"line":7,"column":60}},"4":{"start":{"line":9,"column":56},"end":{"line":26,"column":1}},"5":{"start":{"line":13,"column":24},"end":{"line":22,"column":10}},"6":{"start":{"line":14,"column":27},"end":{"line":14,"column":76}},"7":{"start":{"line":14,"column":47},"end":{"line":14,"column":75}},"8":{"start":{"line":15,"column":12},"end":{"line":21,"column":14}},"9":{"start":{"line":24,"column":8},"end":{"line":24,"column":23}}},"fnMap":{"0":{"name":"(anonymous_0)","decl":{"start":{"line":6,"column":21},"end":{"line":6,"column":22}},"loc":{"start":{"line":6,"column":43},"end":{"line":6,"column":64}},"line":6},"1":{"name":"(anonymous_1)","decl":{"start":{"line":7,"column":19},"end":{"line":7,"column":20}},"loc":{"start":{"line":7,"column":41},"end":{"line":7,"column":60}},"line":7},"2":{"name":"(anonymous_2)","decl":{"start":{"line":12,"column":4},"end":{"line":12,"column":5}},"loc":{"start":{"line":12,"column":60},"end":{"line":25,"column":5}},"line":12},"3":{"name":"(anonymous_3)","decl":{"start":{"line":13,"column":38},"end":{"line":13,"column":39}},"loc":{"start":{"line":13,"column":73},"end":{"line":22,"column":9}},"line":13},"4":{"name":"(anonymous_4)","decl":{"start":{"line":14,"column":40},"end":{"line":14,"column":41}},"loc":{"start":{"line":14,"column":47},"end":{"line":14,"column":75}},"line":14}},"branchMap":{"0":{"loc":{"start":{"line":19,"column":28},"end":{"line":19,"column":55}},"type":"binary-expr","locations":[{"start":{"line":19,"column":28},"end":{"line":19,"column":34}},{"start":{"line":19,"column":38},"end":{"line":19,"column":55}}],"line":19},"1":{"loc":{"start":{"line":20,"column":61},"end":{"line":20,"column":88}},"type":"binary-expr","locations":[{"start":{"line":20,"column":61},"end":{"line":20,"column":67}},{"start":{"line":20,"column":71},"end":{"line":20,"column":88}}],"line":20}},"s":{"0":9,"1":9,"2":9,"3":9,"4":9,"5":9,"6":18,"7":27,"8":18,"9":9},"f":{"0":9,"1":9,"2":9,"3":18,"4":27},"b":{"0":[18,18],"1":[18,18]},"_coverageSchema":"332fd63041d2c1bcb487cc26dd0d5f7d97098a6c","hash":"a001b6ac3d94a507f394d216b3e4c23381617bdd"}
,"D:\\Code\\snippets\\trivia\\src\\redux\\state.js": {"path":"D:\\Code\\snippets\\trivia\\src\\redux\\state.js","statementMap":{"0":{"start":{"line":32,"column":32},"end":{"line":40,"column":1}}},"fnMap":{},"branchMap":{},"s":{"0":9},"f":{},"b":{},"_coverageSchema":"332fd63041d2c1bcb487cc26dd0d5f7d97098a6c","hash":"e6b0ebbdbdf1175715d812cecdcd34efc62eb4c0"}
,"D:\\Code\\snippets\\trivia\\src\\redux\\store.js": {"path":"D:\\Code\\snippets\\trivia\\src\\redux\\store.js","statementMap":{"0":{"start":{"line":14,"column":30},"end":{"line":17,"column":9}},"1":{"start":{"line":19,"column":8},"end":{"line":21,"column":9}},"2":{"start":{"line":20,"column":12},"end":{"line":20,"column":44}},"3":{"start":{"line":23,"column":28},"end":{"line":26,"column":9}},"4":{"start":{"line":28,"column":27},"end":{"line":28,"column":49}},"5":{"start":{"line":30,"column":22},"end":{"line":30,"column":72}},"6":{"start":{"line":31,"column":26},"end":{"line":31,"column":54}},"7":{"start":{"line":32,"column":8},"end":{"line":32,"column":34}},"8":{"start":{"line":37,"column":8},"end":{"line":37,"column":39}},"9":{"start":{"line":41,"column":22},"end":{"line":41,"column":38}},"10":{"start":{"line":42,"column":8},"end":{"line":53,"column":9}},"11":{"start":{"line":44,"column":12},"end":{"line":46,"column":15}},"12":{"start":{"line":47,"column":12},"end":{"line":52,"column":15}},"13":{"start":{"line":48,"column":16},"end":{"line":51,"column":19}},"14":{"start":{"line":54,"column":8},"end":{"line":54,"column":20}}},"fnMap":{"0":{"name":"(anonymous_0)","decl":{"start":{"line":13,"column":18},"end":{"line":13,"column":19}},"loc":{"start":{"line":13,"column":42},"end":{"line":33,"column":5}},"line":13},"1":{"name":"(anonymous_1)","decl":{"start":{"line":35,"column":4},"end":{"line":35,"column":5}},"loc":{"start":{"line":35,"column":38},"end":{"line":38,"column":5}},"line":35},"2":{"name":"(anonymous_2)","decl":{"start":{"line":40,"column":4},"end":{"line":40,"column":5}},"loc":{"start":{"line":40,"column":68},"end":{"line":55,"column":5}},"line":40},"3":{"name":"(anonymous_3)","decl":{"start":{"line":47,"column":45},"end":{"line":47,"column":46}},"loc":{"start":{"line":47,"column":60},"end":{"line":52,"column":13}},"line":47}},"branchMap":{"0":{"loc":{"start":{"line":19,"column":8},"end":{"line":21,"column":9}},"type":"if","locations":[{"start":{"line":19,"column":8},"end":{"line":21,"column":9}},{"start":{"line":19,"column":8},"end":{"line":21,"column":9}}],"line":19},"1":{"loc":{"start":{"line":42,"column":8},"end":{"line":53,"column":9}},"type":"if","locations":[{"start":{"line":42,"column":8},"end":{"line":53,"column":9}},{"start":{"line":42,"column":8},"end":{"line":53,"column":9}}],"line":42},"2":{"loc":{"start":{"line":42,"column":12},"end":{"line":42,"column":70}},"type":"binary-expr","locations":[{"start":{"line":42,"column":12},"end":{"line":42,"column":34}},{"start":{"line":42,"column":38},"end":{"line":42,"column":70}}],"line":42}},"s":{"0":0,"1":0,"2":0,"3":0,"4":0,"5":0,"6":0,"7":0,"8":0,"9":0,"10":0,"11":0,"12":0,"13":0,"14":0},"f":{"0":0,"1":0,"2":0,"3":0},"b":{"0":[0,0],"1":[0,0],"2":[0,0]},"_coverageSchema":"332fd63041d2c1bcb487cc26dd0d5f7d97098a6c","hash":"9b83a9759e89d167b148514a997c6a79a654ab9f"}
,"D:\\Code\\snippets\\trivia\\src\\screens\\Home.js": {"path":"D:\\Code\\snippets\\trivia\\src\\screens\\Home.js","statementMap":{"0":{"start":{"line":10,"column":24},"end":{"line":14,"column":1}},"1":{"start":{"line":11,"column":4},"end":{"line":13,"column":6}},"2":{"start":{"line":18,"column":31},"end":{"line":18,"column":41}},"3":{"start":{"line":19,"column":8},"end":{"line":19,"column":63}},"4":{"start":{"line":23,"column":34},"end":{"line":23,"column":44}},"5":{"start":{"line":25,"column":29},"end":{"line":26,"column":59}},"6":{"start":{"line":28,"column":8},"end":{"line":60,"column":10}},"7":{"start":{"line":52,"column":43},"end":{"line":52,"column":59}}},"fnMap":{"0":{"name":"(anonymous_0)","decl":{"start":{"line":10,"column":24},"end":{"line":10,"column":25}},"loc":{"start":{"line":10,"column":46},"end":{"line":14,"column":1}},"line":10},"1":{"name":"(anonymous_1)","decl":{"start":{"line":17,"column":16},"end":{"line":17,"column":17}},"loc":{"start":{"line":17,"column":22},"end":{"line":20,"column":5}},"line":17},"2":{"name":"(anonymous_2)","decl":{"start":{"line":22,"column":4},"end":{"line":22,"column":5}},"loc":{"start":{"line":22,"column":39},"end":{"line":61,"column":5}},"line":22},"3":{"name":"(anonymous_3)","decl":{"start":{"line":52,"column":37},"end":{"line":52,"column":38}},"loc":{"start":{"line":52,"column":43},"end":{"line":52,"column":59}},"line":52}},"branchMap":{"0":{"loc":{"start":{"line":25,"column":29},"end":{"line":26,"column":59}},"type":"cond-expr","locations":[{"start":{"line":25,"column":49},"end":{"line":25,"column":119}},{"start":{"line":26,"column":14},"end":{"line":26,"column":59}}],"line":25},"1":{"loc":{"start":{"line":37,"column":21},"end":{"line":40,"column":26}},"type":"binary-expr","locations":[{"start":{"line":37,"column":21},"end":{"line":37,"column":38}},{"start":{"line":38,"column":20},"end":{"line":40,"column":26}}],"line":37}},"s":{"0":5,"1":0,"2":0,"3":0,"4":0,"5":0,"6":0,"7":0},"f":{"0":0,"1":0,"2":0,"3":0},"b":{"0":[0,0],"1":[0,0]},"_coverageSchema":"332fd63041d2c1bcb487cc26dd0d5f7d97098a6c","hash":"ab3357e4edafb55baf98b0d17451adc9576fbdd1"}
,"D:\\Code\\snippets\\trivia\\src\\screens\\Quiz.js": {"path":"D:\\Code\\snippets\\trivia\\src\\screens\\Quiz.js","statementMap":{"0":{"start":{"line":11,"column":24},"end":{"line":18,"column":1}},"1":{"start":{"line":12,"column":16},"end":{"line":12,"column":56}},"2":{"start":{"line":14,"column":4},"end":{"line":17,"column":6}},"3":{"start":{"line":22,"column":54},"end":{"line":22,"column":64}},"4":{"start":{"line":23,"column":8},"end":{"line":23,"column":77}},"5":{"start":{"line":27,"column":44},"end":{"line":27,"column":54}},"6":{"start":{"line":29,"column":8},"end":{"line":66,"column":10}},"7":{"start":{"line":47,"column":43},"end":{"line":47,"column":66}},"8":{"start":{"line":58,"column":43},"end":{"line":58,"column":67}}},"fnMap":{"0":{"name":"(anonymous_0)","decl":{"start":{"line":11,"column":24},"end":{"line":11,"column":25}},"loc":{"start":{"line":11,"column":53},"end":{"line":18,"column":1}},"line":11},"1":{"name":"(anonymous_1)","decl":{"start":{"line":21,"column":19},"end":{"line":21,"column":20}},"loc":{"start":{"line":21,"column":40},"end":{"line":24,"column":5}},"line":21},"2":{"name":"(anonymous_2)","decl":{"start":{"line":26,"column":4},"end":{"line":26,"column":5}},"loc":{"start":{"line":26,"column":39},"end":{"line":67,"column":5}},"line":26},"3":{"name":"(anonymous_3)","decl":{"start":{"line":47,"column":37},"end":{"line":47,"column":38}},"loc":{"start":{"line":47,"column":43},"end":{"line":47,"column":66}},"line":47},"4":{"name":"(anonymous_4)","decl":{"start":{"line":58,"column":37},"end":{"line":58,"column":38}},"loc":{"start":{"line":58,"column":43},"end":{"line":58,"column":67}},"line":58}},"branchMap":{},"s":{"0":5,"1":0,"2":0,"3":0,"4":0,"5":0,"6":0,"7":0,"8":0},"f":{"0":0,"1":0,"2":0,"3":0,"4":0},"b":{},"_coverageSchema":"332fd63041d2c1bcb487cc26dd0d5f7d97098a6c","hash":"6105fdafff6b4087e810cfaab1b5996f7d0fd496"}
,"D:\\Code\\snippets\\trivia\\src\\screens\\Results.js": {"path":"D:\\Code\\snippets\\trivia\\src\\screens\\Results.js","statementMap":{"0":{"start":{"line":12,"column":24},"end":{"line":21,"column":1}},"1":{"start":{"line":13,"column":20},"end":{"line":13,"column":47}},"2":{"start":{"line":14,"column":25},"end":{"line":14,"column":72}},"3":{"start":{"line":14,"column":47},"end":{"line":14,"column":64}},"4":{"start":{"line":16,"column":4},"end":{"line":20,"column":6}},"5":{"start":{"line":26,"column":29},"end":{"line":26,"column":39}},"6":{"start":{"line":27,"column":8},"end":{"line":27,"column":42}},"7":{"start":{"line":31,"column":29},"end":{"line":31,"column":39}},"8":{"start":{"line":32,"column":8},"end":{"line":32,"column":44}},"9":{"start":{"line":36,"column":57},"end":{"line":36,"column":67}},"10":{"start":{"line":38,"column":8},"end":{"line":82,"column":10}},"11":{"start":{"line":51,"column":28},"end":{"line":51,"column":61}},"12":{"start":{"line":63,"column":43},"end":{"line":63,"column":61}},"13":{"start":{"line":74,"column":43},"end":{"line":74,"column":62}}},"fnMap":{"0":{"name":"(anonymous_0)","decl":{"start":{"line":12,"column":24},"end":{"line":12,"column":25}},"loc":{"start":{"line":12,"column":46},"end":{"line":21,"column":1}},"line":12},"1":{"name":"(anonymous_1)","decl":{"start":{"line":14,"column":40},"end":{"line":14,"column":41}},"loc":{"start":{"line":14,"column":47},"end":{"line":14,"column":64}},"line":14},"2":{"name":"(anonymous_2)","decl":{"start":{"line":25,"column":18},"end":{"line":25,"column":19}},"loc":{"start":{"line":25,"column":24},"end":{"line":28,"column":5}},"line":25},"3":{"name":"(anonymous_3)","decl":{"start":{"line":30,"column":19},"end":{"line":30,"column":20}},"loc":{"start":{"line":30,"column":25},"end":{"line":33,"column":5}},"line":30},"4":{"name":"(anonymous_4)","decl":{"start":{"line":35,"column":4},"end":{"line":35,"column":5}},"loc":{"start":{"line":35,"column":39},"end":{"line":83,"column":5}},"line":35},"5":{"name":"(anonymous_5)","decl":{"start":{"line":50,"column":36},"end":{"line":50,"column":37}},"loc":{"start":{"line":51,"column":28},"end":{"line":51,"column":61}},"line":51},"6":{"name":"(anonymous_6)","decl":{"start":{"line":63,"column":37},"end":{"line":63,"column":38}},"loc":{"start":{"line":63,"column":43},"end":{"line":63,"column":61}},"line":63},"7":{"name":"(anonymous_7)","decl":{"start":{"line":74,"column":37},"end":{"line":74,"column":38}},"loc":{"start":{"line":74,"column":43},"end":{"line":74,"column":62}},"line":74}},"branchMap":{},"s":{"0":5,"1":0,"2":0,"3":0,"4":0,"5":0,"6":0,"7":0,"8":0,"9":0,"10":0,"11":0,"12":0,"13":0},"f":{"0":0,"1":0,"2":0,"3":0,"4":0,"5":0,"6":0,"7":0},"b":{},"_coverageSchema":"332fd63041d2c1bcb487cc26dd0d5f7d97098a6c","hash":"bd24c835ccaacb484161ab45e7b27cd84a334f46"}
,"D:\\Code\\snippets\\trivia\\src\\screens\\Splash.js": {"path":"D:\\Code\\snippets\\trivia\\src\\screens\\Splash.js","statementMap":{"0":{"start":{"line":8,"column":15},"end":{"line":24,"column":1}},"1":{"start":{"line":9,"column":4},"end":{"line":23,"column":6}}},"fnMap":{"0":{"name":"(anonymous_0)","decl":{"start":{"line":8,"column":15},"end":{"line":8,"column":16}},"loc":{"start":{"line":8,"column":53},"end":{"line":24,"column":1}},"line":8}},"branchMap":{},"s":{"0":5,"1":0},"f":{"0":0},"b":{},"_coverageSchema":"332fd63041d2c1bcb487cc26dd0d5f7d97098a6c","hash":"08467fe89212c2da367d285c60015da938ae7af1"}
,"D:\\Code\\snippets\\trivia\\src\\screens\\index.js": {"path":"D:\\Code\\snippets\\trivia\\src\\screens\\index.js","statementMap":{},"fnMap":{},"branchMap":{},"s":{},"f":{},"b":{},"_coverageSchema":"332fd63041d2c1bcb487cc26dd0d5f7d97098a6c","hash":"378349e1e01fa589abdd595039c8e8c1b14ef239"}
,"D:\\Code\\snippets\\trivia\\src\\styles\\Colors.js": {"path":"D:\\Code\\snippets\\trivia\\src\\styles\\Colors.js","statementMap":{},"fnMap":{},"branchMap":{},"s":{},"f":{},"b":{},"_coverageSchema":"332fd63041d2c1bcb487cc26dd0d5f7d97098a6c","hash":"bba8de010024ee948a66ce004cbd8f440b3a4789"}
,"D:\\Code\\snippets\\trivia\\src\\styles\\Images.js": {"path":"D:\\Code\\snippets\\trivia\\src\\styles\\Images.js","statementMap":{},"fnMap":{},"branchMap":{},"s":{},"f":{},"b":{},"_coverageSchema":"332fd63041d2c1bcb487cc26dd0d5f7d97098a6c","hash":"5097b3e4caf0ef64c548d4c7f0f03582b4e8ae5e"}
,"D:\\Code\\snippets\\trivia\\src\\styles\\Styles.js": {"path":"D:\\Code\\snippets\\trivia\\src\\styles\\Styles.js","statementMap":{},"fnMap":{},"branchMap":{"0":{"loc":{"start":{"line":8,"column":20},"end":{"line":8,"column":51}},"type":"cond-expr","locations":[{"start":{"line":8,"column":44},"end":{"line":8,"column":46}},{"start":{"line":8,"column":49},"end":{"line":8,"column":51}}],"line":8}},"s":{},"f":{},"b":{"0":[8,0]},"_coverageSchema":"332fd63041d2c1bcb487cc26dd0d5f7d97098a6c","hash":"2e843c86e427dc6295a20647155ebe0a6ee5146c"}
,"D:\\Code\\snippets\\trivia\\src\\styles\\Theme.js": {"path":"D:\\Code\\snippets\\trivia\\src\\styles\\Theme.js","statementMap":{},"fnMap":{},"branchMap":{},"s":{},"f":{},"b":{},"_coverageSchema":"332fd63041d2c1bcb487cc26dd0d5f7d97098a6c","hash":"92d9aa481ff518a82e21c7980a9c30b283c8c7b6"}
,"D:\\Code\\snippets\\trivia\\src\\styles\\index.js": {"path":"D:\\Code\\snippets\\trivia\\src\\styles\\index.js","statementMap":{},"fnMap":{},"branchMap":{},"s":{},"f":{},"b":{},"_coverageSchema":"332fd63041d2c1bcb487cc26dd0d5f7d97098a6c","hash":"70cc06d8144904739a9ca9bc8804b44db628380a"}
,"D:\\Code\\snippets\\trivia\\src\\styles\\native-base-theme\\components\\Badge.js": {"path":"D:\\Code\\snippets\\trivia\\src\\styles\\native-base-theme\\components\\Badge.js","statementMap":{"0":{"start":{"line":4,"column":21},"end":{"line":33,"column":3}},"1":{"start":{"line":34,"column":2},"end":{"line":34,"column":20}}},"fnMap":{"0":{"name":"(anonymous_0)","decl":{"start":{"line":3,"column":15},"end":{"line":3,"column":16}},"loc":{"start":{"line":3,"column":41},"end":{"line":35,"column":1}},"line":3}},"branchMap":{"0":{"loc":{"start":{"line":3,"column":16},"end":{"line":3,"column":36}},"type":"default-arg","locations":[{"start":{"line":3,"column":28},"end":{"line":3,"column":36}}],"line":3}},"s":{"0":0,"1":0},"f":{"0":0},"b":{"0":[0]},"_coverageSchema":"332fd63041d2c1bcb487cc26dd0d5f7d97098a6c","hash":"30a715868c8f5df824bdcadab7ed8af71689d69c"}
,"D:\\Code\\snippets\\trivia\\src\\styles\\native-base-theme\\components\\Body.js": {"path":"D:\\Code\\snippets\\trivia\\src\\styles\\native-base-theme\\components\\Body.js","statementMap":{"0":{"start":{"line":4,"column":19},"end":{"line":8,"column":2}},"1":{"start":{"line":10,"column":1},"end":{"line":10,"column":18}}},"fnMap":{"0":{"name":"(anonymous_0)","decl":{"start":{"line":3,"column":15},"end":{"line":3,"column":16}},"loc":{"start":{"line":3,"column":41},"end":{"line":11,"column":1}},"line":3}},"branchMap":{"0":{"loc":{"start":{"line":3,"column":16},"end":{"line":3,"column":36}},"type":"default-arg","locations":[{"start":{"line":3,"column":28},"end":{"line":3,"column":36}}],"line":3}},"s":{"0":0,"1":0},"f":{"0":0},"b":{"0":[0]},"_coverageSchema":"332fd63041d2c1bcb487cc26dd0d5f7d97098a6c","hash":"13fa311c9eb5a5661867eb5295d1f8b1448917b0"}
,"D:\\Code\\snippets\\trivia\\src\\styles\\native-base-theme\\components\\Button.js": {"path":"D:\\Code\\snippets\\trivia\\src\\styles\\native-base-theme\\components\\Button.js","statementMap":{"0":{"start":{"line":4,"column":24},"end":{"line":4,"column":47}},"1":{"start":{"line":5,"column":19},"end":{"line":5,"column":37}},"2":{"start":{"line":7,"column":22},"end":{"line":482,"column":3}},"3":{"start":{"line":483,"column":2},"end":{"line":483,"column":21}}},"fnMap":{"0":{"name":"(anonymous_0)","decl":{"start":{"line":3,"column":15},"end":{"line":3,"column":16}},"loc":{"start":{"line":3,"column":41},"end":{"line":484,"column":1}},"line":3}},"branchMap":{"0":{"loc":{"start":{"line":3,"column":16},"end":{"line":3,"column":36}},"type":"default-arg","locations":[{"start":{"line":3,"column":28},"end":{"line":3,"column":36}}],"line":3},"1":{"loc":{"start":{"line":421,"column":18},"end":{"line":421,"column":52}},"type":"cond-expr","locations":[{"start":{"line":421,"column":39},"end":{"line":421,"column":40}},{"start":{"line":421,"column":43},"end":{"line":421,"column":52}}],"line":421},"2":{"loc":{"start":{"line":427,"column":18},"end":{"line":427,"column":52}},"type":"cond-expr","locations":[{"start":{"line":427,"column":39},"end":{"line":427,"column":40}},{"start":{"line":427,"column":43},"end":{"line":427,"column":52}}],"line":427},"3":{"loc":{"start":{"line":475,"column":17},"end":{"line":475,"column":79}},"type":"cond-expr","locations":[{"start":{"line":475,"column":48},"end":{"line":475,"column":67}},{"start":{"line":475,"column":70},"end":{"line":475,"column":79}}],"line":475},"4":{"loc":{"start":{"line":477,"column":6},"end":{"line":477,"column":72}},"type":"cond-expr","locations":[{"start":{"line":477,"column":37},"end":{"line":477,"column":60}},{"start":{"line":477,"column":63},"end":{"line":477,"column":72}}],"line":477},"5":{"loc":{"start":{"line":478,"column":19},"end":{"line":478,"column":65}},"type":"cond-expr","locations":[{"start":{"line":478,"column":50},"end":{"line":478,"column":53}},{"start":{"line":478,"column":56},"end":{"line":478,"column":65}}],"line":478},"6":{"loc":{"start":{"line":479,"column":18},"end":{"line":479,"column":64}},"type":"cond-expr","locations":[{"start":{"line":479,"column":49},"end":{"line":479,"column":52}},{"start":{"line":479,"column":55},"end":{"line":479,"column":64}}],"line":479}},"s":{"0":0,"1":0,"2":0,"3":0},"f":{"0":0},"b":{"0":[0],"1":[0,0],"2":[0,0],"3":[0,0],"4":[0,0],"5":[0,0],"6":[0,0]},"_coverageSchema":"332fd63041d2c1bcb487cc26dd0d5f7d97098a6c","hash":"88232db618a85fd7ae2cd27934e7e3cf7e1aed29"}
,"D:\\Code\\snippets\\trivia\\src\\styles\\native-base-theme\\components\\Card.js": {"path":"D:\\Code\\snippets\\trivia\\src\\styles\\native-base-theme\\components\\Card.js","statementMap":{"0":{"start":{"line":4,"column":20},"end":{"line":25,"column":3}},"1":{"start":{"line":27,"column":2},"end":{"line":27,"column":19}}},"fnMap":{"0":{"name":"(anonymous_0)","decl":{"start":{"line":3,"column":15},"end":{"line":3,"column":16}},"loc":{"start":{"line":3,"column":41},"end":{"line":28,"column":1}},"line":3}},"branchMap":{"0":{"loc":{"start":{"line":3,"column":16},"end":{"line":3,"column":36}},"type":"default-arg","locations":[{"start":{"line":3,"column":28},"end":{"line":3,"column":36}}],"line":3}},"s":{"0":0,"1":0},"f":{"0":0},"b":{"0":[0]},"_coverageSchema":"332fd63041d2c1bcb487cc26dd0d5f7d97098a6c","hash":"51417c46f29b2721a6a882fc42c1835c151ade7a"}
,"D:\\Code\\snippets\\trivia\\src\\styles\\native-base-theme\\components\\CardItem.js": {"path":"D:\\Code\\snippets\\trivia\\src\\styles\\native-base-theme\\components\\CardItem.js","statementMap":{"0":{"start":{"line":4,"column":18},"end":{"line":4,"column":36}},"1":{"start":{"line":6,"column":23},"end":{"line":210,"column":2}},"2":{"start":{"line":212,"column":1},"end":{"line":212,"column":22}}},"fnMap":{"0":{"name":"(anonymous_0)","decl":{"start":{"line":3,"column":15},"end":{"line":3,"column":16}},"loc":{"start":{"line":3,"column":41},"end":{"line":213,"column":1}},"line":3}},"branchMap":{"0":{"loc":{"start":{"line":3,"column":16},"end":{"line":3,"column":36}},"type":"default-arg","locations":[{"start":{"line":3,"column":28},"end":{"line":3,"column":36}}],"line":3},"1":{"loc":{"start":{"line":57,"column":11},"end":{"line":57,"column":47}},"type":"cond-expr","locations":[{"start":{"line":57,"column":32},"end":{"line":57,"column":38}},{"start":{"line":57,"column":41},"end":{"line":57,"column":47}}],"line":57},"2":{"loc":{"start":{"line":158,"column":16},"end":{"line":158,"column":54}},"type":"cond-expr","locations":[{"start":{"line":158,"column":37},"end":{"line":158,"column":42}},{"start":{"line":158,"column":45},"end":{"line":158,"column":54}}],"line":158},"3":{"loc":{"start":{"line":163,"column":17},"end":{"line":163,"column":55}},"type":"cond-expr","locations":[{"start":{"line":163,"column":38},"end":{"line":163,"column":43}},{"start":{"line":163,"column":46},"end":{"line":163,"column":55}}],"line":163},"4":{"loc":{"start":{"line":165,"column":23},"end":{"line":165,"column":72}},"type":"cond-expr","locations":[{"start":{"line":165,"column":44},"end":{"line":165,"column":65}},{"start":{"line":165,"column":68},"end":{"line":165,"column":72}}],"line":165},"5":{"loc":{"start":{"line":173,"column":16},"end":{"line":173,"column":54}},"type":"cond-expr","locations":[{"start":{"line":173,"column":37},"end":{"line":173,"column":42}},{"start":{"line":173,"column":45},"end":{"line":173,"column":54}}],"line":173},"6":{"loc":{"start":{"line":180,"column":20},"end":{"line":180,"column":69}},"type":"cond-expr","locations":[{"start":{"line":180,"column":41},"end":{"line":180,"column":62}},{"start":{"line":180,"column":65},"end":{"line":180,"column":69}}],"line":180}},"s":{"0":0,"1":0,"2":0},"f":{"0":0},"b":{"0":[0],"1":[0,0],"2":[0,0],"3":[0,0],"4":[0,0],"5":[0,0],"6":[0,0]},"_coverageSchema":"332fd63041d2c1bcb487cc26dd0d5f7d97098a6c","hash":"1bdb5e221ed16e394fd8eec2480d7b097bab3132"}
,"D:\\Code\\snippets\\trivia\\src\\styles\\native-base-theme\\components\\CheckBox.js": {"path":"D:\\Code\\snippets\\trivia\\src\\styles\\native-base-theme\\components\\CheckBox.js","statementMap":{"0":{"start":{"line":4,"column":24},"end":{"line":33,"column":3}},"1":{"start":{"line":35,"column":2},"end":{"line":35,"column":23}}},"fnMap":{"0":{"name":"(anonymous_0)","decl":{"start":{"line":3,"column":15},"end":{"line":3,"column":16}},"loc":{"start":{"line":3,"column":41},"end":{"line":36,"column":1}},"line":3}},"branchMap":{"0":{"loc":{"start":{"line":3,"column":16},"end":{"line":3,"column":36}},"type":"default-arg","locations":[{"start":{"line":3,"column":28},"end":{"line":3,"column":36}}],"line":3}},"s":{"0":0,"1":0},"f":{"0":0},"b":{"0":[0]},"_coverageSchema":"332fd63041d2c1bcb487cc26dd0d5f7d97098a6c","hash":"2388430bda5409f7bcbf3777e22495bf986153a3"}
,"D:\\Code\\snippets\\trivia\\src\\styles\\native-base-theme\\components\\Container.js": {"path":"D:\\Code\\snippets\\trivia\\src\\styles\\native-base-theme\\components\\Container.js","statementMap":{"0":{"start":{"line":5,"column":21},"end":{"line":5,"column":52}},"1":{"start":{"line":7,"column":16},"end":{"line":14,"column":3}},"2":{"start":{"line":16,"column":2},"end":{"line":16,"column":15}}},"fnMap":{"0":{"name":"(anonymous_0)","decl":{"start":{"line":6,"column":15},"end":{"line":6,"column":16}},"loc":{"start":{"line":6,"column":41},"end":{"line":17,"column":1}},"line":6}},"branchMap":{"0":{"loc":{"start":{"line":6,"column":16},"end":{"line":6,"column":36}},"type":"default-arg","locations":[{"start":{"line":6,"column":28},"end":{"line":6,"column":36}}],"line":6},"1":{"loc":{"start":{"line":12,"column":12},"end":{"line":12,"column":68}},"type":"cond-expr","locations":[{"start":{"line":12,"column":36},"end":{"line":12,"column":48}},{"start":{"line":12,"column":51},"end":{"line":12,"column":68}}],"line":12}},"s":{"0":8,"1":0,"2":0},"f":{"0":0},"b":{"0":[0],"1":[0,0]},"_coverageSchema":"332fd63041d2c1bcb487cc26dd0d5f7d97098a6c","hash":"ab2b97a64e287ef0082cf1c456660dc494c7b354"}
,"D:\\Code\\snippets\\trivia\\src\\styles\\native-base-theme\\components\\Content.js": {"path":"D:\\Code\\snippets\\trivia\\src\\styles\\native-base-theme\\components\\Content.js","statementMap":{"0":{"start":{"line":4,"column":23},"end":{"line":14,"column":3}},"1":{"start":{"line":16,"column":2},"end":{"line":16,"column":22}}},"fnMap":{"0":{"name":"(anonymous_0)","decl":{"start":{"line":3,"column":15},"end":{"line":3,"column":16}},"loc":{"start":{"line":3,"column":41},"end":{"line":17,"column":1}},"line":3}},"branchMap":{"0":{"loc":{"start":{"line":3,"column":16},"end":{"line":3,"column":36}},"type":"default-arg","locations":[{"start":{"line":3,"column":28},"end":{"line":3,"column":36}}],"line":3}},"s":{"0":0,"1":0},"f":{"0":0},"b":{"0":[0]},"_coverageSchema":"332fd63041d2c1bcb487cc26dd0d5f7d97098a6c","hash":"feff65b31cbf8ac18e27fe7e03d289297e4f3587"}
,"D:\\Code\\snippets\\trivia\\src\\styles\\native-base-theme\\components\\Fab.js": {"path":"D:\\Code\\snippets\\trivia\\src\\styles\\native-base-theme\\components\\Fab.js","statementMap":{"0":{"start":{"line":4,"column":18},"end":{"line":4,"column":36}},"1":{"start":{"line":6,"column":18},"end":{"line":24,"column":2}},"2":{"start":{"line":26,"column":1},"end":{"line":26,"column":17}}},"fnMap":{"0":{"name":"(anonymous_0)","decl":{"start":{"line":3,"column":15},"end":{"line":3,"column":16}},"loc":{"start":{"line":3,"column":41},"end":{"line":27,"column":1}},"line":3}},"branchMap":{"0":{"loc":{"start":{"line":3,"column":16},"end":{"line":3,"column":36}},"type":"default-arg","locations":[{"start":{"line":3,"column":28},"end":{"line":3,"column":36}}],"line":3}},"s":{"0":0,"1":0,"2":0},"f":{"0":0},"b":{"0":[0]},"_coverageSchema":"332fd63041d2c1bcb487cc26dd0d5f7d97098a6c","hash":"eb827a53cd6677efe2caaf3cfb236b0952d89c83"}
,"D:\\Code\\snippets\\trivia\\src\\styles\\native-base-theme\\components\\Footer.js": {"path":"D:\\Code\\snippets\\trivia\\src\\styles\\native-base-theme\\components\\Footer.js","statementMap":{"0":{"start":{"line":4,"column":24},"end":{"line":4,"column":47}},"1":{"start":{"line":5,"column":19},"end":{"line":5,"column":37}},"2":{"start":{"line":7,"column":22},"end":{"line":97,"column":3}},"3":{"start":{"line":98,"column":2},"end":{"line":98,"column":21}}},"fnMap":{"0":{"name":"(anonymous_0)","decl":{"start":{"line":3,"column":15},"end":{"line":3,"column":16}},"loc":{"start":{"line":3,"column":41},"end":{"line":99,"column":1}},"line":3}},"branchMap":{"0":{"loc":{"start":{"line":3,"column":16},"end":{"line":3,"column":36}},"type":"default-arg","locations":[{"start":{"line":3,"column":28},"end":{"line":3,"column":36}}],"line":3},"1":{"loc":{"start":{"line":86,"column":20},"end":{"line":88,"column":17}},"type":"cond-expr","locations":[{"start":{"line":87,"column":8},"end":{"line":87,"column":29}},{"start":{"line":88,"column":8},"end":{"line":88,"column":17}}],"line":86},"2":{"loc":{"start":{"line":86,"column":20},"end":{"line":86,"column":70}},"type":"binary-expr","locations":[{"start":{"line":86,"column":20},"end":{"line":86,"column":38}},{"start":{"line":86,"column":42},"end":{"line":86,"column":70}}],"line":86},"3":{"loc":{"start":{"line":89,"column":17},"end":{"line":91,"column":17}},"type":"cond-expr","locations":[{"start":{"line":90,"column":8},"end":{"line":90,"column":17}},{"start":{"line":91,"column":8},"end":{"line":91,"column":17}}],"line":89},"4":{"loc":{"start":{"line":89,"column":17},"end":{"line":89,"column":67}},"type":"binary-expr","locations":[{"start":{"line":89,"column":17},"end":{"line":89,"column":35}},{"start":{"line":89,"column":39},"end":{"line":89,"column":67}}],"line":89}},"s":{"0":0,"1":0,"2":0,"3":0},"f":{"0":0},"b":{"0":[0],"1":[0,0],"2":[0,0],"3":[0,0],"4":[0,0]},"_coverageSchema":"332fd63041d2c1bcb487cc26dd0d5f7d97098a6c","hash":"c42cc0ce14b3eabea09c47f5cfe30d3f2b51e369"}
,"D:\\Code\\snippets\\trivia\\src\\styles\\native-base-theme\\components\\FooterTab.js": {"path":"D:\\Code\\snippets\\trivia\\src\\styles\\native-base-theme\\components\\FooterTab.js","statementMap":{"0":{"start":{"line":6,"column":19},"end":{"line":6,"column":37}},"1":{"start":{"line":8,"column":25},"end":{"line":74,"column":3}},"2":{"start":{"line":76,"column":2},"end":{"line":76,"column":24}}},"fnMap":{"0":{"name":"(anonymous_0)","decl":{"start":{"line":5,"column":15},"end":{"line":5,"column":16}},"loc":{"start":{"line":5,"column":41},"end":{"line":77,"column":1}},"line":5}},"branchMap":{"0":{"loc":{"start":{"line":5,"column":16},"end":{"line":5,"column":36}},"type":"default-arg","locations":[{"start":{"line":5,"column":28},"end":{"line":5,"column":36}}],"line":5},"1":{"loc":{"start":{"line":34,"column":41},"end":{"line":34,"column":69}},"type":"cond-expr","locations":[{"start":{"line":34,"column":63},"end":{"line":34,"column":65}},{"start":{"line":34,"column":68},"end":{"line":34,"column":69}}],"line":34},"2":{"loc":{"start":{"line":40,"column":24},"end":{"line":40,"column":62}},"type":"cond-expr","locations":[{"start":{"line":40,"column":45},"end":{"line":40,"column":50}},{"start":{"line":40,"column":53},"end":{"line":40,"column":62}}],"line":40},"3":{"loc":{"start":{"line":67,"column":21},"end":{"line":69,"column":17}},"type":"cond-expr","locations":[{"start":{"line":68,"column":8},"end":{"line":68,"column":34}},{"start":{"line":69,"column":8},"end":{"line":69,"column":17}}],"line":67}},"s":{"0":0,"1":0,"2":0},"f":{"0":0},"b":{"0":[0],"1":[0,0],"2":[0,0],"3":[0,0]},"_coverageSchema":"332fd63041d2c1bcb487cc26dd0d5f7d97098a6c","hash":"bc15b99fd4c2636faf69d820081b575b8498995e"}
,"D:\\Code\\snippets\\trivia\\src\\styles\\native-base-theme\\components\\Form.js": {"path":"D:\\Code\\snippets\\trivia\\src\\styles\\native-base-theme\\components\\Form.js","statementMap":{"0":{"start":{"line":4,"column":18},"end":{"line":4,"column":36}},"1":{"start":{"line":6,"column":15},"end":{"line":85,"column":2}},"2":{"start":{"line":87,"column":1},"end":{"line":87,"column":14}}},"fnMap":{"0":{"name":"(anonymous_0)","decl":{"start":{"line":3,"column":15},"end":{"line":3,"column":16}},"loc":{"start":{"line":3,"column":41},"end":{"line":88,"column":1}},"line":3}},"branchMap":{"0":{"loc":{"start":{"line":3,"column":16},"end":{"line":3,"column":36}},"type":"default-arg","locations":[{"start":{"line":3,"column":28},"end":{"line":3,"column":36}}],"line":3}},"s":{"0":0,"1":0,"2":0},"f":{"0":0},"b":{"0":[0]},"_coverageSchema":"332fd63041d2c1bcb487cc26dd0d5f7d97098a6c","hash":"f75f81b7d217be02b3e7279fcd0f48e8fc7a5e95"}
,"D:\\Code\\snippets\\trivia\\src\\styles\\native-base-theme\\components\\H1.js": {"path":"D:\\Code\\snippets\\trivia\\src\\styles\\native-base-theme\\components\\H1.js","statementMap":{"0":{"start":{"line":6,"column":18},"end":{"line":16,"column":3}},"1":{"start":{"line":18,"column":2},"end":{"line":18,"column":17}}},"fnMap":{"0":{"name":"(anonymous_0)","decl":{"start":{"line":5,"column":15},"end":{"line":5,"column":16}},"loc":{"start":{"line":5,"column":41},"end":{"line":19,"column":1}},"line":5}},"branchMap":{"0":{"loc":{"start":{"line":5,"column":16},"end":{"line":5,"column":36}},"type":"default-arg","locations":[{"start":{"line":5,"column":28},"end":{"line":5,"column":36}}],"line":5}},"s":{"0":0,"1":0},"f":{"0":0},"b":{"0":[0]},"_coverageSchema":"332fd63041d2c1bcb487cc26dd0d5f7d97098a6c","hash":"21dd35f0da3c440ef85b453d2d4cfeb42899604a"}
,"D:\\Code\\snippets\\trivia\\src\\styles\\native-base-theme\\components\\H2.js": {"path":"D:\\Code\\snippets\\trivia\\src\\styles\\native-base-theme\\components\\H2.js","statementMap":{"0":{"start":{"line":4,"column":18},"end":{"line":8,"column":3}},"1":{"start":{"line":10,"column":2},"end":{"line":10,"column":17}}},"fnMap":{"0":{"name":"(anonymous_0)","decl":{"start":{"line":3,"column":15},"end":{"line":3,"column":16}},"loc":{"start":{"line":3,"column":41},"end":{"line":11,"column":1}},"line":3}},"branchMap":{"0":{"loc":{"start":{"line":3,"column":16},"end":{"line":3,"column":36}},"type":"default-arg","locations":[{"start":{"line":3,"column":28},"end":{"line":3,"column":36}}],"line":3}},"s":{"0":0,"1":0},"f":{"0":0},"b":{"0":[0]},"_coverageSchema":"332fd63041d2c1bcb487cc26dd0d5f7d97098a6c","hash":"ed3e604817b4308090b970054000da78888d8516"}
,"D:\\Code\\snippets\\trivia\\src\\styles\\native-base-theme\\components\\H3.js": {"path":"D:\\Code\\snippets\\trivia\\src\\styles\\native-base-theme\\components\\H3.js","statementMap":{"0":{"start":{"line":4,"column":18},"end":{"line":8,"column":3}},"1":{"start":{"line":10,"column":2},"end":{"line":10,"column":17}}},"fnMap":{"0":{"name":"(anonymous_0)","decl":{"start":{"line":3,"column":15},"end":{"line":3,"column":16}},"loc":{"start":{"line":3,"column":41},"end":{"line":11,"column":1}},"line":3}},"branchMap":{"0":{"loc":{"start":{"line":3,"column":16},"end":{"line":3,"column":36}},"type":"default-arg","locations":[{"start":{"line":3,"column":28},"end":{"line":3,"column":36}}],"line":3}},"s":{"0":0,"1":0},"f":{"0":0},"b":{"0":[0]},"_coverageSchema":"332fd63041d2c1bcb487cc26dd0d5f7d97098a6c","hash":"5e815f10a0ad42b1603350f7697515df69bcbc20"}
,"D:\\Code\\snippets\\trivia\\src\\styles\\native-base-theme\\components\\Header.js": {"path":"D:\\Code\\snippets\\trivia\\src\\styles\\native-base-theme\\components\\Header.js","statementMap":{"0":{"start":{"line":6,"column":24},"end":{"line":6,"column":47}},"1":{"start":{"line":7,"column":19},"end":{"line":7,"column":37}},"2":{"start":{"line":9,"column":22},"end":{"line":315,"column":3}},"3":{"start":{"line":317,"column":2},"end":{"line":317,"column":21}}},"fnMap":{"0":{"name":"(anonymous_0)","decl":{"start":{"line":5,"column":15},"end":{"line":5,"column":16}},"loc":{"start":{"line":5,"column":41},"end":{"line":318,"column":1}},"line":5}},"branchMap":{"0":{"loc":{"start":{"line":5,"column":16},"end":{"line":5,"column":36}},"type":"default-arg","locations":[{"start":{"line":5,"column":28},"end":{"line":5,"column":36}}],"line":5},"1":{"loc":{"start":{"line":121,"column":23},"end":{"line":121,"column":53}},"type":"cond-expr","locations":[{"start":{"line":121,"column":44},"end":{"line":121,"column":46}},{"start":{"line":121,"column":49},"end":{"line":121,"column":53}}],"line":121},"2":{"loc":{"start":{"line":123,"column":27},"end":{"line":123,"column":64}},"type":"cond-expr","locations":[{"start":{"line":123,"column":48},"end":{"line":123,"column":57}},{"start":{"line":123,"column":60},"end":{"line":123,"column":64}}],"line":123},"3":{"loc":{"start":{"line":124,"column":15},"end":{"line":124,"column":49}},"type":"cond-expr","locations":[{"start":{"line":124,"column":36},"end":{"line":124,"column":45}},{"start":{"line":124,"column":48},"end":{"line":124,"column":49}}],"line":124},"4":{"loc":{"start":{"line":125,"column":16},"end":{"line":125,"column":50}},"type":"cond-expr","locations":[{"start":{"line":125,"column":37},"end":{"line":125,"column":46}},{"start":{"line":125,"column":49},"end":{"line":125,"column":50}}],"line":125},"5":{"loc":{"start":{"line":130,"column":22},"end":{"line":130,"column":81}},"type":"cond-expr","locations":[{"start":{"line":130,"column":75},"end":{"line":130,"column":77}},{"start":{"line":130,"column":80},"end":{"line":130,"column":81}}],"line":130},"6":{"loc":{"start":{"line":130,"column":22},"end":{"line":130,"column":72}},"type":"binary-expr","locations":[{"start":{"line":130,"column":22},"end":{"line":130,"column":40}},{"start":{"line":130,"column":44},"end":{"line":130,"column":72}}],"line":130},"7":{"loc":{"start":{"line":178,"column":17},"end":{"line":178,"column":54}},"type":"cond-expr","locations":[{"start":{"line":178,"column":38},"end":{"line":178,"column":47}},{"start":{"line":178,"column":50},"end":{"line":178,"column":54}}],"line":178},"8":{"loc":{"start":{"line":197,"column":12},"end":{"line":197,"column":72}},"type":"cond-expr","locations":[{"start":{"line":197,"column":65},"end":{"line":197,"column":66}},{"start":{"line":197,"column":69},"end":{"line":197,"column":72}}],"line":197},"9":{"loc":{"start":{"line":197,"column":12},"end":{"line":197,"column":62}},"type":"binary-expr","locations":[{"start":{"line":197,"column":12},"end":{"line":197,"column":30}},{"start":{"line":197,"column":34},"end":{"line":197,"column":62}}],"line":197},"10":{"loc":{"start":{"line":203,"column":18},"end":{"line":203,"column":94}},"type":"cond-expr","locations":[{"start":{"line":203,"column":71},"end":{"line":203,"column":79}},{"start":{"line":203,"column":82},"end":{"line":203,"column":94}}],"line":203},"11":{"loc":{"start":{"line":203,"column":18},"end":{"line":203,"column":68}},"type":"binary-expr","locations":[{"start":{"line":203,"column":18},"end":{"line":203,"column":36}},{"start":{"line":203,"column":40},"end":{"line":203,"column":68}}],"line":203},"12":{"loc":{"start":{"line":208,"column":21},"end":{"line":208,"column":51}},"type":"cond-expr","locations":[{"start":{"line":208,"column":42},"end":{"line":208,"column":45}},{"start":{"line":208,"column":48},"end":{"line":208,"column":51}}],"line":208},"13":{"loc":{"start":{"line":258,"column":14},"end":{"line":258,"column":94}},"type":"cond-expr","locations":[{"start":{"line":258,"column":35},"end":{"line":258,"column":63}},{"start":{"line":258,"column":66},"end":{"line":258,"column":94}}],"line":258},"14":{"loc":{"start":{"line":266,"column":14},"end":{"line":266,"column":94}},"type":"cond-expr","locations":[{"start":{"line":266,"column":35},"end":{"line":266,"column":63}},{"start":{"line":266,"column":66},"end":{"line":266,"column":94}}],"line":266},"15":{"loc":{"start":{"line":274,"column":17},"end":{"line":274,"column":54}},"type":"cond-expr","locations":[{"start":{"line":274,"column":38},"end":{"line":274,"column":47}},{"start":{"line":274,"column":50},"end":{"line":274,"column":54}}],"line":274},"16":{"loc":{"start":{"line":303,"column":16},"end":{"line":303,"column":72}},"type":"cond-expr","locations":[{"start":{"line":303,"column":38},"end":{"line":303,"column":67}},{"start":{"line":303,"column":71},"end":{"line":303,"column":72}}],"line":303},"17":{"loc":{"start":{"line":303,"column":38},"end":{"line":303,"column":67}},"type":"cond-expr","locations":[{"start":{"line":303,"column":60},"end":{"line":303,"column":62}},{"start":{"line":303,"column":65},"end":{"line":303,"column":67}}],"line":303},"18":{"loc":{"start":{"line":304,"column":23},"end":{"line":304,"column":91}},"type":"cond-expr","locations":[{"start":{"line":304,"column":44},"end":{"line":304,"column":87}},{"start":{"line":304,"column":90},"end":{"line":304,"column":91}}],"line":304}},"s":{"0":0,"1":0,"2":0,"3":0},"f":{"0":0},"b":{"0":[0],"1":[0,0],"2":[0,0],"3":[0,0],"4":[0,0],"5":[0,0],"6":[0,0],"7":[0,0],"8":[0,0],"9":[0,0],"10":[0,0],"11":[0,0],"12":[0,0],"13":[0,0],"14":[0,0],"15":[0,0],"16":[0,0],"17":[0,0],"18":[0,0]},"_coverageSchema":"332fd63041d2c1bcb487cc26dd0d5f7d97098a6c","hash":"08f7938707f66bb9ffed81788a7669eae9209b9b"}
,"D:\\Code\\snippets\\trivia\\src\\styles\\native-base-theme\\components\\Icon.js": {"path":"D:\\Code\\snippets\\trivia\\src\\styles\\native-base-theme\\components\\Icon.js","statementMap":{"0":{"start":{"line":4,"column":20},"end":{"line":7,"column":3}},"1":{"start":{"line":9,"column":2},"end":{"line":9,"column":19}}},"fnMap":{"0":{"name":"(anonymous_0)","decl":{"start":{"line":3,"column":15},"end":{"line":3,"column":16}},"loc":{"start":{"line":3,"column":41},"end":{"line":10,"column":1}},"line":3}},"branchMap":{"0":{"loc":{"start":{"line":3,"column":16},"end":{"line":3,"column":36}},"type":"default-arg","locations":[{"start":{"line":3,"column":28},"end":{"line":3,"column":36}}],"line":3}},"s":{"0":0,"1":0},"f":{"0":0},"b":{"0":[0]},"_coverageSchema":"332fd63041d2c1bcb487cc26dd0d5f7d97098a6c","hash":"f932cee7071fffc58d0003a2b403311c6fdd11d5"}
,"D:\\Code\\snippets\\trivia\\src\\styles\\native-base-theme\\components\\Input.js": {"path":"D:\\Code\\snippets\\trivia\\src\\styles\\native-base-theme\\components\\Input.js","statementMap":{"0":{"start":{"line":4,"column":20},"end":{"line":15,"column":2}},"1":{"start":{"line":17,"column":1},"end":{"line":17,"column":19}}},"fnMap":{"0":{"name":"(anonymous_0)","decl":{"start":{"line":3,"column":15},"end":{"line":3,"column":16}},"loc":{"start":{"line":3,"column":41},"end":{"line":18,"column":1}},"line":3}},"branchMap":{"0":{"loc":{"start":{"line":3,"column":16},"end":{"line":3,"column":36}},"type":"default-arg","locations":[{"start":{"line":3,"column":28},"end":{"line":3,"column":36}}],"line":3}},"s":{"0":0,"1":0},"f":{"0":0},"b":{"0":[0]},"_coverageSchema":"332fd63041d2c1bcb487cc26dd0d5f7d97098a6c","hash":"a78d5f9201be75fde7e7fccf395aa4b591440eac"}
,"D:\\Code\\snippets\\trivia\\src\\styles\\native-base-theme\\components\\InputGroup.js": {"path":"D:\\Code\\snippets\\trivia\\src\\styles\\native-base-theme\\components\\InputGroup.js","statementMap":{"0":{"start":{"line":4,"column":26},"end":{"line":127,"column":3}},"1":{"start":{"line":129,"column":2},"end":{"line":129,"column":25}}},"fnMap":{"0":{"name":"(anonymous_0)","decl":{"start":{"line":3,"column":15},"end":{"line":3,"column":16}},"loc":{"start":{"line":3,"column":41},"end":{"line":130,"column":1}},"line":3}},"branchMap":{"0":{"loc":{"start":{"line":3,"column":16},"end":{"line":3,"column":36}},"type":"default-arg","locations":[{"start":{"line":3,"column":28},"end":{"line":3,"column":36}}],"line":3}},"s":{"0":0,"1":0},"f":{"0":0},"b":{"0":[0]},"_coverageSchema":"332fd63041d2c1bcb487cc26dd0d5f7d97098a6c","hash":"2914835b986a9401e9587535657353205e16cf1f"}
,"D:\\Code\\snippets\\trivia\\src\\styles\\native-base-theme\\components\\Item.js": {"path":"D:\\Code\\snippets\\trivia\\src\\styles\\native-base-theme\\components\\Item.js","statementMap":{"0":{"start":{"line":6,"column":19},"end":{"line":212,"column":2}},"1":{"start":{"line":214,"column":1},"end":{"line":214,"column":18}}},"fnMap":{"0":{"name":"(anonymous_0)","decl":{"start":{"line":5,"column":15},"end":{"line":5,"column":16}},"loc":{"start":{"line":5,"column":41},"end":{"line":215,"column":1}},"line":5}},"branchMap":{"0":{"loc":{"start":{"line":5,"column":16},"end":{"line":5,"column":36}},"type":"default-arg","locations":[{"start":{"line":5,"column":28},"end":{"line":5,"column":36}}],"line":5},"1":{"loc":{"start":{"line":49,"column":15},"end":{"line":49,"column":63}},"type":"cond-expr","locations":[{"start":{"line":49,"column":39},"end":{"line":49,"column":48}},{"start":{"line":49,"column":51},"end":{"line":49,"column":63}}],"line":49},"2":{"loc":{"start":{"line":51,"column":11},"end":{"line":51,"column":68}},"type":"cond-expr","locations":[{"start":{"line":51,"column":35},"end":{"line":51,"column":39}},{"start":{"line":51,"column":42},"end":{"line":51,"column":68}}],"line":51},"3":{"loc":{"start":{"line":93,"column":8},"end":{"line":93,"column":47}},"type":"cond-expr","locations":[{"start":{"line":93,"column":32},"end":{"line":93,"column":35}},{"start":{"line":93,"column":38},"end":{"line":93,"column":47}}],"line":93}},"s":{"0":0,"1":0},"f":{"0":0},"b":{"0":[0],"1":[0,0],"2":[0,0],"3":[0,0]},"_coverageSchema":"332fd63041d2c1bcb487cc26dd0d5f7d97098a6c","hash":"4188617b31d470be2054bb65e9911bd780ccc8ab"}
,"D:\\Code\\snippets\\trivia\\src\\styles\\native-base-theme\\components\\Label.js": {"path":"D:\\Code\\snippets\\trivia\\src\\styles\\native-base-theme\\components\\Label.js","statementMap":{"0":{"start":{"line":4,"column":21},"end":{"line":9,"column":3}},"1":{"start":{"line":11,"column":2},"end":{"line":11,"column":20}}},"fnMap":{"0":{"name":"(anonymous_0)","decl":{"start":{"line":3,"column":15},"end":{"line":3,"column":16}},"loc":{"start":{"line":3,"column":41},"end":{"line":12,"column":1}},"line":3}},"branchMap":{"0":{"loc":{"start":{"line":3,"column":16},"end":{"line":3,"column":36}},"type":"default-arg","locations":[{"start":{"line":3,"column":28},"end":{"line":3,"column":36}}],"line":3}},"s":{"0":0,"1":0},"f":{"0":0},"b":{"0":[0]},"_coverageSchema":"332fd63041d2c1bcb487cc26dd0d5f7d97098a6c","hash":"04592f9829752143e35201c6ef976093073afd8f"}
,"D:\\Code\\snippets\\trivia\\src\\styles\\native-base-theme\\components\\Left.js": {"path":"D:\\Code\\snippets\\trivia\\src\\styles\\native-base-theme\\components\\Left.js","statementMap":{"0":{"start":{"line":4,"column":19},"end":{"line":8,"column":2}},"1":{"start":{"line":10,"column":1},"end":{"line":10,"column":18}}},"fnMap":{"0":{"name":"(anonymous_0)","decl":{"start":{"line":3,"column":15},"end":{"line":3,"column":16}},"loc":{"start":{"line":3,"column":41},"end":{"line":11,"column":1}},"line":3}},"branchMap":{"0":{"loc":{"start":{"line":3,"column":16},"end":{"line":3,"column":36}},"type":"default-arg","locations":[{"start":{"line":3,"column":28},"end":{"line":3,"column":36}}],"line":3}},"s":{"0":0,"1":0},"f":{"0":0},"b":{"0":[0]},"_coverageSchema":"332fd63041d2c1bcb487cc26dd0d5f7d97098a6c","hash":"99043adc363d9a212d8c7a9d09ee5865fa82dd65"}
,"D:\\Code\\snippets\\trivia\\src\\styles\\native-base-theme\\components\\ListItem.js": {"path":"D:\\Code\\snippets\\trivia\\src\\styles\\native-base-theme\\components\\ListItem.js","statementMap":{"0":{"start":{"line":7,"column":19},"end":{"line":7,"column":37}},"1":{"start":{"line":9,"column":24},"end":{"line":407,"column":3}},"2":{"start":{"line":409,"column":2},"end":{"line":409,"column":23}}},"fnMap":{"0":{"name":"(anonymous_0)","decl":{"start":{"line":6,"column":15},"end":{"line":6,"column":16}},"loc":{"start":{"line":6,"column":41},"end":{"line":410,"column":1}},"line":6}},"branchMap":{"0":{"loc":{"start":{"line":6,"column":16},"end":{"line":6,"column":36}},"type":"default-arg","locations":[{"start":{"line":6,"column":28},"end":{"line":6,"column":36}}],"line":6},"1":{"loc":{"start":{"line":30,"column":20},"end":{"line":32,"column":40}},"type":"cond-expr","locations":[{"start":{"line":31,"column":14},"end":{"line":31,"column":41}},{"start":{"line":32,"column":14},"end":{"line":32,"column":40}}],"line":30},"2":{"loc":{"start":{"line":49,"column":16},"end":{"line":49,"column":44}},"type":"cond-expr","locations":[{"start":{"line":49,"column":37},"end":{"line":49,"column":39}},{"start":{"line":49,"column":42},"end":{"line":49,"column":44}}],"line":49},"3":{"loc":{"start":{"line":60,"column":23},"end":{"line":60,"column":53}},"type":"cond-expr","locations":[{"start":{"line":60,"column":44},"end":{"line":60,"column":46}},{"start":{"line":60,"column":49},"end":{"line":60,"column":53}}],"line":60},"4":{"loc":{"start":{"line":62,"column":27},"end":{"line":62,"column":64}},"type":"cond-expr","locations":[{"start":{"line":62,"column":48},"end":{"line":62,"column":57}},{"start":{"line":62,"column":60},"end":{"line":62,"column":64}}],"line":62},"5":{"loc":{"start":{"line":63,"column":15},"end":{"line":63,"column":49}},"type":"cond-expr","locations":[{"start":{"line":63,"column":36},"end":{"line":63,"column":45}},{"start":{"line":63,"column":48},"end":{"line":63,"column":49}}],"line":63},"6":{"loc":{"start":{"line":64,"column":16},"end":{"line":64,"column":50}},"type":"cond-expr","locations":[{"start":{"line":64,"column":37},"end":{"line":64,"column":46}},{"start":{"line":64,"column":49},"end":{"line":64,"column":50}}],"line":64},"7":{"loc":{"start":{"line":83,"column":25},"end":{"line":83,"column":74}},"type":"cond-expr","locations":[{"start":{"line":83,"column":46},"end":{"line":83,"column":67}},{"start":{"line":83,"column":70},"end":{"line":83,"column":74}}],"line":83},"8":{"loc":{"start":{"line":87,"column":18},"end":{"line":89,"column":19}},"type":"cond-expr","locations":[{"start":{"line":88,"column":10},"end":{"line":88,"column":40}},{"start":{"line":89,"column":10},"end":{"line":89,"column":19}}],"line":87},"9":{"loc":{"start":{"line":90,"column":21},"end":{"line":92,"column":19}},"type":"cond-expr","locations":[{"start":{"line":91,"column":10},"end":{"line":91,"column":40}},{"start":{"line":92,"column":10},"end":{"line":92,"column":19}}],"line":90},"10":{"loc":{"start":{"line":97,"column":15},"end":{"line":97,"column":71}},"type":"cond-expr","locations":[{"start":{"line":97,"column":36},"end":{"line":97,"column":45}},{"start":{"line":97,"column":48},"end":{"line":97,"column":71}}],"line":97},"11":{"loc":{"start":{"line":374,"column":23},"end":{"line":374,"column":61}},"type":"cond-expr","locations":[{"start":{"line":374,"column":47},"end":{"line":374,"column":56}},{"start":{"line":374,"column":59},"end":{"line":374,"column":61}}],"line":374}},"s":{"0":0,"1":0,"2":0},"f":{"0":0},"b":{"0":[0],"1":[0,0],"2":[0,0],"3":[0,0],"4":[0,0],"5":[0,0],"6":[0,0],"7":[0,0],"8":[0,0],"9":[0,0],"10":[0,0],"11":[0,0]},"_coverageSchema":"332fd63041d2c1bcb487cc26dd0d5f7d97098a6c","hash":"a81a6b3c1042993d94f9638a77e22e1b7d4e50c0"}
,"D:\\Code\\snippets\\trivia\\src\\styles\\native-base-theme\\components\\Picker.android.js": {"path":"D:\\Code\\snippets\\trivia\\src\\styles\\native-base-theme\\components\\Picker.android.js","statementMap":{"0":{"start":{"line":1,"column":0},"end":{"line":1,"column":57}},"1":{"start":{"line":1,"column":71},"end":{"line":1,"column":105}},"2":{"start":{"line":1,"column":121},"end":{"line":1,"column":154}},"3":{"start":{"line":1,"column":192},"end":{"line":1,"column":237}},"4":{"start":{"line":1,"column":238},"end":{"line":13,"column":2}},"5":{"start":{"line":3,"column":25},"end":{"line":3,"column":101}},"6":{"start":{"line":4,"column":16},"end":{"line":9,"column":15}},"7":{"start":{"line":12,"column":0},"end":{"line":12,"column":19}}},"fnMap":{"0":{"name":"_interopRequireDefault","decl":{"start":{"line":1,"column":164},"end":{"line":1,"column":186}},"loc":{"start":{"line":1,"column":191},"end":{"line":1,"column":238}},"line":1},"1":{"name":"(anonymous_1)","decl":{"start":{"line":3,"column":0},"end":{"line":3,"column":1}},"loc":{"start":{"line":3,"column":10},"end":{"line":13,"column":1}},"line":3}},"branchMap":{"0":{"loc":{"start":{"line":1,"column":199},"end":{"line":1,"column":236}},"type":"cond-expr","locations":[{"start":{"line":1,"column":219},"end":{"line":1,"column":222}},{"start":{"line":1,"column":223},"end":{"line":1,"column":236}}],"line":1},"1":{"loc":{"start":{"line":1,"column":199},"end":{"line":1,"column":218}},"type":"binary-expr","locations":[{"start":{"line":1,"column":199},"end":{"line":1,"column":202}},{"start":{"line":1,"column":204},"end":{"line":1,"column":218}}],"line":1},"2":{"loc":{"start":{"line":3,"column":25},"end":{"line":3,"column":101}},"type":"cond-expr","locations":[{"start":{"line":3,"column":70},"end":{"line":3,"column":82}},{"start":{"line":3,"column":83},"end":{"line":3,"column":101}}],"line":3},"3":{"loc":{"start":{"line":3,"column":25},"end":{"line":3,"column":69}},"type":"binary-expr","locations":[{"start":{"line":3,"column":25},"end":{"line":3,"column":43}},{"start":{"line":3,"column":45},"end":{"line":3,"column":69}}],"line":3}},"s":{"0":0,"1":0,"2":0,"3":0,"4":0,"5":0,"6":0,"7":0},"f":{"0":0,"1":0},"b":{"0":[0,0],"1":[0,0],"2":[0,0],"3":[0,0]}}
,"D:\\Code\\snippets\\trivia\\src\\styles\\native-base-theme\\components\\Picker.ios.js": {"path":"D:\\Code\\snippets\\trivia\\src\\styles\\native-base-theme\\components\\Picker.ios.js","statementMap":{"0":{"start":{"line":4,"column":22},"end":{"line":4,"column":24}},"1":{"start":{"line":6,"column":2},"end":{"line":6,"column":21}}},"fnMap":{"0":{"name":"(anonymous_0)","decl":{"start":{"line":3,"column":15},"end":{"line":3,"column":16}},"loc":{"start":{"line":3,"column":41},"end":{"line":7,"column":1}},"line":3}},"branchMap":{"0":{"loc":{"start":{"line":3,"column":16},"end":{"line":3,"column":36}},"type":"default-arg","locations":[{"start":{"line":3,"column":28},"end":{"line":3,"column":36}}],"line":3}},"s":{"0":0,"1":0},"f":{"0":0},"b":{"0":[0]},"_coverageSchema":"332fd63041d2c1bcb487cc26dd0d5f7d97098a6c","hash":"f6221e496abef2b0b4be4d22b1464c887f9ea28b"}
[...]
umn":4},"end":{"line":88,"column":80}},"17":{"start":{"line":91,"column":4},"end":{"line":91,"column":35}},"18":{"start":{"line":94,"column":4},"end":{"line":94,"column":35}},"19":{"start":{"line":97,"column":4},"end":{"line":97,"column":35}},"20":{"start":{"line":103,"column":4},"end":{"line":103,"column":35}},"21":{"start":{"line":106,"column":4},"end":{"line":106,"column":35}},"22":{"start":{"line":127,"column":4},"end":{"line":127,"column":33}},"23":{"start":{"line":130,"column":4},"end":{"line":130,"column":35}},"24":{"start":{"line":133,"column":4},"end":{"line":133,"column":35}},"25":{"start":{"line":173,"column":4},"end":{"line":175,"column":13}},"26":{"start":{"line":191,"column":4},"end":{"line":191,"column":26}},"27":{"start":{"line":194,"column":4},"end":{"line":194,"column":21}},"28":{"start":{"line":202,"column":4},"end":{"line":202,"column":37}},"29":{"start":{"line":243,"column":4},"end":{"line":245,"column":13}},"30":{"start":{"line":277,"column":4},"end":{"line":279,"column":13}}},"fnMap":{},"branchMap":{"0":{"loc":{"start":{"line":10,"column":18},"end":{"line":10,"column":83}},"type":"binary-expr","locations":[{"start":{"line":10,"column":18},"end":{"line":10,"column":36}},{"start":{"line":10,"column":40},"end":{"line":10,"column":60}},{"start":{"line":10,"column":64},"end":{"line":10,"column":83}}],"line":10},"1":{"loc":{"start":{"line":24,"column":16},"end":{"line":24,"column":42}},"type":"cond-expr","locations":[{"start":{"line":24,"column":37},"end":{"line":24,"column":38}},{"start":{"line":24,"column":41},"end":{"line":24,"column":42}}],"line":24},"2":{"loc":{"start":{"line":27,"column":17},"end":{"line":27,"column":64}},"type":"cond-expr","locations":[{"start":{"line":27,"column":38},"end":{"line":27,"column":46}},{"start":{"line":27,"column":49},"end":{"line":27,"column":64}}],"line":27},"3":{"loc":{"start":{"line":32,"column":18},"end":{"line":32,"column":45}},"type":"cond-expr","locations":[{"start":{"line":32,"column":39},"end":{"line":32,"column":41}},{"start":{"line":32,"column":44},"end":{"line":32,"column":45}}],"line":32},"4":{"loc":{"start":{"line":33,"column":23},"end":{"line":33,"column":49}},"type":"cond-expr","locations":[{"start":{"line":33,"column":44},"end":{"line":33,"column":45}},{"start":{"line":33,"column":48},"end":{"line":33,"column":49}}],"line":33},"5":{"loc":{"start":{"line":34,"column":23},"end":{"line":34,"column":49}},"type":"cond-expr","locations":[{"start":{"line":34,"column":44},"end":{"line":34,"column":45}},{"start":{"line":34,"column":48},"end":{"line":34,"column":49}}],"line":34},"6":{"loc":{"start":{"line":35,"column":25},"end":{"line":35,"column":51}},"type":"cond-expr","locations":[{"start":{"line":35,"column":46},"end":{"line":35,"column":47}},{"start":{"line":35,"column":50},"end":{"line":35,"column":51}}],"line":35},"7":{"loc":{"start":{"line":36,"column":20},"end":{"line":36,"column":48}},"type":"cond-expr","locations":[{"start":{"line":36,"column":41},"end":{"line":36,"column":43}},{"start":{"line":36,"column":46},"end":{"line":36,"column":48}}],"line":36},"8":{"loc":{"start":{"line":37,"column":25},"end":{"line":37,"column":59}},"type":"cond-expr","locations":[{"start":{"line":37,"column":46},"end":{"line":37,"column":55}},{"start":{"line":37,"column":58},"end":{"line":37,"column":59}}],"line":37},"9":{"loc":{"start":{"line":38,"column":20},"end":{"line":38,"column":54}},"type":"cond-expr","locations":[{"start":{"line":38,"column":41},"end":{"line":38,"column":49}},{"start":{"line":38,"column":52},"end":{"line":38,"column":54}}],"line":38},"10":{"loc":{"start":{"line":45,"column":26},"end":{"line":45,"column":68}},"type":"cond-expr","locations":[{"start":{"line":45,"column":47},"end":{"line":45,"column":56}},{"start":{"line":45,"column":59},"end":{"line":45,"column":68}}],"line":45},"11":{"loc":{"start":{"line":46,"column":32},"end":{"line":46,"column":71}},"type":"cond-expr","locations":[{"start":{"line":46,"column":53},"end":{"line":46,"column":62}},{"start":{"line":46,"column":65},"end":{"line":46,"column":71}}],"line":46},"12":{"loc":{"start":{"line":47,"column":20},"end":{"line":47,"column":59}},"type":"cond-expr","locations":[{"start":{"line":47,"column":41},"end":{"line":47,"column":50}},{"start":{"line":47,"column":53},"end":{"line":47,"column":59}}],"line":47},"13":{"loc":{"start":{"line":48,"column":26},"end":{"line":48,"column":65}},"type":"cond-expr","locations":[{"start":{"line":48,"column":47},"end":{"line":48,"column":53}},{"start":{"line":48,"column":56},"end":{"line":48,"column":65}}],"line":48},"14":{"loc":{"start":{"line":49,"column":22},"end":{"line":49,"column":61}},"type":"cond-expr","locations":[{"start":{"line":49,"column":43},"end":{"line":49,"column":52}},{"start":{"line":49,"column":55},"end":{"line":49,"column":61}}],"line":49},"15":{"loc":{"start":{"line":50,"column":26},"end":{"line":50,"column":68}},"type":"cond-expr","locations":[{"start":{"line":50,"column":47},"end":{"line":50,"column":56}},{"start":{"line":50,"column":59},"end":{"line":50,"column":68}}],"line":50},"16":{"loc":{"start":{"line":88,"column":11},"end":{"line":88,"column":79}},"type":"cond-expr","locations":[{"start":{"line":88,"column":32},"end":{"line":88,"column":55}},{"start":{"line":88,"column":58},"end":{"line":88,"column":79}}],"line":88},"17":{"loc":{"start":{"line":113,"column":16},"end":{"line":113,"column":58}},"type":"cond-expr","locations":[{"start":{"line":113,"column":37},"end":{"line":113,"column":46}},{"start":{"line":113,"column":49},"end":{"line":113,"column":58}}],"line":113},"18":{"loc":{"start":{"line":123,"column":14},"end":{"line":123,"column":54}},"type":"cond-expr","locations":[{"start":{"line":123,"column":35},"end":{"line":123,"column":43}},{"start":{"line":123,"column":46},"end":{"line":123,"column":54}}],"line":123},"19":{"loc":{"start":{"line":140,"column":16},"end":{"line":140,"column":35}},"type":"cond-expr","locations":[{"start":{"line":140,"column":28},"end":{"line":140,"column":30}},{"start":{"line":140,"column":33},"end":{"line":140,"column":35}}],"line":140},"20":{"loc":{"start":{"line":142,"column":23},"end":{"line":142,"column":41}},"type":"cond-expr","locations":[{"start":{"line":142,"column":35},"end":{"line":142,"column":37}},{"start":{"line":142,"column":40},"end":{"line":142,"column":41}}],"line":142},"21":{"loc":{"start":{"line":145,"column":19},"end":{"line":145,"column":61}},"type":"cond-expr","locations":[{"start":{"line":145,"column":40},"end":{"line":145,"column":49}},{"start":{"line":145,"column":52},"end":{"line":145,"column":61}}],"line":145},"22":{"loc":{"start":{"line":146,"column":18},"end":{"line":146,"column":46}},"type":"cond-expr","locations":[{"start":{"line":146,"column":39},"end":{"line":146,"column":41}},{"start":{"line":146,"column":44},"end":{"line":146,"column":46}}],"line":146},"23":{"loc":{"start":{"line":147,"column":13},"end":{"line":147,"column":52}},"type":"cond-expr","locations":[{"start":{"line":147,"column":34},"end":{"line":147,"column":43}},{"start":{"line":147,"column":46},"end":{"line":147,"column":52}}],"line":147},"24":{"loc":{"start":{"line":149,"column":25},"end":{"line":149,"column":64}},"type":"cond-expr","locations":[{"start":{"line":149,"column":46},"end":{"line":149,"column":55}},{"start":{"line":149,"column":58},"end":{"line":149,"column":64}}],"line":149},"25":{"loc":{"start":{"line":150,"column":20},"end":{"line":150,"column":62}},"type":"cond-expr","locations":[{"start":{"line":150,"column":41},"end":{"line":150,"column":50}},{"start":{"line":150,"column":53},"end":{"line":150,"column":62}}],"line":150},"26":{"loc":{"start":{"line":153,"column":16},"end":{"line":153,"column":58}},"type":"cond-expr","locations":[{"start":{"line":153,"column":37},"end":{"line":153,"column":46}},{"start":{"line":153,"column":49},"end":{"line":153,"column":58}}],"line":153},"27":{"loc":{"start":{"line":154,"column":22},"end":{"line":154,"column":64}},"type":"cond-expr","locations":[{"start":{"line":154,"column":43},"end":{"line":154,"column":52}},{"start":{"line":154,"column":55},"end":{"line":154,"column":64}}],"line":154},"28":{"loc":{"start":{"line":155,"column":28},"end":{"line":155,"column":67}},"type":"cond-expr","locations":[{"start":{"line":155,"column":49},"end":{"line":155,"column":58}},{"start":{"line":155,"column":61},"end":{"line":155,"column":67}}],"line":155},"29":{"loc":{"start":{"line":156,"column":23},"end":{"line":156,"column":65}},"type":"cond-expr","locations":[{"start":{"line":156,"column":44},"end":{"line":156,"column":53}},{"start":{"line":156,"column":56},"end":{"line":156,"column":65}}],"line":156},"30":{"loc":{"start":{"line":157,"column":24},"end":{"line":157,"column":63}},"type":"cond-expr","locations":[{"start":{"line":157,"column":45},"end":{"line":157,"column":54}},{"start":{"line":157,"column":57},"end":{"line":157,"column":63}}],"line":157},"31":{"loc":{"start":{"line":158,"column":30},"end":{"line":158,"column":69}},"type":"cond-expr","locations":[{"start":{"line":158,"column":51},"end":{"line":158,"column":60}},{"start":{"line":158,"column":63},"end":{"line":158,"column":69}}],"line":158},"32":{"loc":{"start":{"line":161,"column":19},"end":{"line":161,"column":58}},"type":"cond-expr","locations":[{"start":{"line":161,"column":40},"end":{"line":161,"column":49}},{"start":{"line":161,"column":52},"end":{"line":161,"column":58}}],"line":161},"33":{"loc":{"start":{"line":163,"column":18},"end":{"line":163,"column":65}},"type":"cond-expr","locations":[{"start":{"line":163,"column":40},"end":{"line":163,"column":59}},{"start":{"line":163,"column":63},"end":{"line":163,"column":65}}],"line":163},"34":{"loc":{"start":{"line":163,"column":40},"end":{"line":163,"column":59}},"type":"cond-expr","locations":[{"start":{"line":163,"column":52},"end":{"line":163,"column":54}},{"start":{"line":163,"column":57},"end":{"line":163,"column":59}}],"line":163},"35":{"loc":{"start":{"line":164,"column":19},"end":{"line":164,"column":47}},"type":"cond-expr","locations":[{"start":{"line":164,"column":40},"end":{"line":164,"column":42}},{"start":{"line":164,"column":45},"end":{"line":164,"column":47}}],"line":164},"36":{"loc":{"start":{"line":165,"column":25},"end":{"line":165,"column":53}},"type":"cond-expr","locations":[{"start":{"line":165,"column":46},"end":{"line":165,"column":48}},{"start":{"line":165,"column":51},"end":{"line":165,"column":53}}],"line":165},"37":{"loc":{"start":{"line":166,"column":21},"end":{"line":166,"column":60}},"type":"cond-expr","locations":[{"start":{"line":166,"column":42},"end":{"line":166,"column":51}},{"start":{"line":166,"column":54},"end":{"line":166,"column":60}}],"line":166},"38":{"loc":{"start":{"line":167,"column":19},"end":{"line":167,"column":47}},"type":"cond-expr","locations":[{"start":{"line":167,"column":40},"end":{"line":167,"column":42}},{"start":{"line":167,"column":45},"end":{"line":167,"column":47}}],"line":167},"39":{"loc":{"start":{"line":169,"column":20},"end":{"line":169,"column":56}},"type":"cond-expr","locations":[{"start":{"line":169,"column":41},"end":{"line":169,"column":47}},{"start":{"line":169,"column":50},"end":{"line":169,"column":56}}],"line":169},"40":{"loc":{"start":{"line":171,"column":16},"end":{"line":171,"column":69}},"type":"cond-expr","locations":[{"start":{"line":171,"column":37},"end":{"line":171,"column":51}},{"start":{"line":171,"column":54},"end":{"line":171,"column":69}}],"line":171},"41":{"loc":{"start":{"line":180,"column":16},"end":{"line":180,"column":44}},"type":"cond-expr","locations":[{"start":{"line":180,"column":37},"end":{"line":180,"column":39}},{"start":{"line":180,"column":42},"end":{"line":180,"column":44}}],"line":180},"42":{"loc":{"start":{"line":182,"column":18},"end":{"line":182,"column":46}},"type":"cond-expr","locations":[{"start":{"line":182,"column":39},"end":{"line":182,"column":41}},{"start":{"line":182,"column":44},"end":{"line":182,"column":46}}],"line":182},"43":{"loc":{"start":{"line":210,"column":18},"end":{"line":210,"column":46}},"type":"cond-expr","locations":[{"start":{"line":210,"column":39},"end":{"line":210,"column":41}},{"start":{"line":210,"column":44},"end":{"line":210,"column":46}}],"line":210},"44":{"loc":{"start":{"line":211,"column":14},"end":{"line":211,"column":42}},"type":"cond-expr","locations":[{"start":{"line":211,"column":35},"end":{"line":211,"column":37}},{"start":{"line":211,"column":40},"end":{"line":211,"column":42}}],"line":211},"45":{"loc":{"start":{"line":224,"column":19},"end":{"line":224,"column":45}},"type":"cond-expr","locations":[{"start":{"line":224,"column":40},"end":{"line":224,"column":41}},{"start":{"line":224,"column":44},"end":{"line":224,"column":45}}],"line":224},"46":{"loc":{"start":{"line":234,"column":16},"end":{"line":234,"column":44}},"type":"cond-expr","locations":[{"start":{"line":234,"column":37},"end":{"line":234,"column":39}},{"start":{"line":234,"column":42},"end":{"line":234,"column":44}}],"line":234},"47":{"loc":{"start":{"line":238,"column":22},"end":{"line":238,"column":50}},"type":"cond-expr","locations":[{"start":{"line":238,"column":43},"end":{"line":238,"column":45}},{"start":{"line":238,"column":48},"end":{"line":238,"column":50}}],"line":238},"48":{"loc":{"start":{"line":263,"column":19},"end":{"line":263,"column":66}},"type":"cond-expr","locations":[{"start":{"line":263,"column":40},"end":{"line":263,"column":48}},{"start":{"line":263,"column":51},"end":{"line":263,"column":66}}],"line":263},"49":{"loc":{"start":{"line":264,"column":17},"end":{"line":264,"column":45}},"type":"cond-expr","locations":[{"start":{"line":264,"column":38},"end":{"line":264,"column":40}},{"start":{"line":264,"column":43},"end":{"line":264,"column":45}}],"line":264},"50":{"loc":{"start":{"line":265,"column":20},"end":{"line":265,"column":48}},"type":"cond-expr","locations":[{"start":{"line":265,"column":41},"end":{"line":265,"column":43}},{"start":{"line":265,"column":46},"end":{"line":265,"column":48}}],"line":265},"51":{"loc":{"start":{"line":266,"column":17},"end":{"line":266,"column":56}},"type":"cond-expr","locations":[{"start":{"line":266,"column":38},"end":{"line":266,"column":47}},{"start":{"line":266,"column":50},"end":{"line":266,"column":56}}],"line":266},"52":{"loc":{"start":{"line":269,"column":18},"end":{"line":269,"column":54}},"type":"cond-expr","locations":[{"start":{"line":269,"column":39},"end":{"line":269,"column":45}},{"start":{"line":269,"column":48},"end":{"line":269,"column":54}}],"line":269},"53":{"loc":{"start":{"line":272,"column":20},"end":{"line":272,"column":46}},"type":"cond-expr","locations":[{"start":{"line":272,"column":41},"end":{"line":272,"column":42}},{"start":{"line":272,"column":45},"end":{"line":272,"column":46}}],"line":272}},"s":{"0":8,"1":8,"2":8,"3":8,"4":8,"5":0,"6":0,"7":0,"8":0,"9":0,"10":0,"11":0,"12":0,"13":0,"14":0,"15":0,"16":0,"17":0,"18":0,"19":0,"20":0,"21":0,"22":0,"23":0,"24":0,"25":0,"26":0,"27":0,"28":0,"29":0,"30":0},"f":{},"b":{"0":[8,8,0],"1":[8,0],"2":[8,0],"3":[8,0],"4":[8,0],"5":[8,0],"6":[8,0],"7":[8,0],"8":[8,0],"9":[8,0],"10":[8,0],"11":[8,0],"12":[8,0],"13":[8,0],"14":[8,0],"15":[8,0],"16":[0,0],"17":[8,0],"18":[8,0],"19":[0,8],"20":[0,8],"21":[8,0],"22":[8,0],"23":[8,0],"24":[8,0],"25":[8,0],"26":[8,0],"27":[8,0],"28":[8,0],"29":[8,0],"30":[8,0],"31":[8,0],"32":[8,0],"33":[8,0],"34":[0,8],"35":[8,0],"36":[8,0],"37":[8,0],"38":[8,0],"39":[8,0],"40":[8,0],"41":[8,0],"42":[8,0],"43":[8,0],"44":[8,0],"45":[8,0],"46":[8,0],"47":[8,0],"48":[8,0],"49":[8,0],"50":[8,0],"51":[8,0],"52":[8,0],"53":[8,0]},"_coverageSchema":"332fd63041d2c1bcb487cc26dd0d5f7d97098a6c","hash":"5b2ff2d98f744b4391393d1e41df2c4820ce1b9f"}
,"D:\\Code\\snippets\\trivia\\src\\utils\\api.js": {"path":"D:\\Code\\snippets\\trivia\\src\\utils\\api.js","statementMap":{"0":{"start":{"line":28,"column":20},"end":{"line":32,"column":5}},"1":{"start":{"line":35,"column":17},"end":{"line":40,"column":6}},"2":{"start":{"line":42,"column":19},"end":{"line":42,"column":23}},"3":{"start":{"line":44,"column":4},"end":{"line":56,"column":5}},"4":{"start":{"line":45,"column":21},"end":{"line":45,"column":53}},"5":{"start":{"line":46,"column":8},"end":{"line":50,"column":9}},"6":{"start":{"line":47,"column":12},"end":{"line":47,"column":41}},"7":{"start":{"line":48,"column":15},"end":{"line":50,"column":9}},"8":{"start":{"line":49,"column":12},"end":{"line":49,"column":41}},"9":{"start":{"line":58,"column":4},"end":{"line":68,"column":5}},"10":{"start":{"line":64,"column":8},"end":{"line":67,"column":10}},"11":{"start":{"line":70,"column":4},"end":{"line":73,"column":6}},"12":{"start":{"line":77,"column":17},"end":{"line":77,"column":64}},"13":{"start":{"line":79,"column":4},"end":{"line":81,"column":5}},"14":{"start":{"line":80,"column":8},"end":{"line":80,"column":18}},"15":{"start":{"line":85,"column":4},"end":{"line":91,"column":8}},"16":{"start":{"line":85,"column":48},"end":{"line":91,"column":5}}},"fnMap":{"0":{"name":"remoteFetch","decl":{"start":{"line":27,"column":15},"end":{"line":27,"column":26}},"loc":{"start":{"line":27,"column":64},"end":{"line":74,"column":1}},"line":27},"1":{"name":"fetchQuestions","decl":{"start":{"line":76,"column":15},"end":{"line":76,"column":29}},"loc":{"start":{"line":76,"column":58},"end":{"line":92,"column":1}},"line":76},"2":{"name":"(anonymous_2)","decl":{"start":{"line":85,"column":33},"end":{"line":85,"column":34}},"loc":{"start":{"line":85,"column":48},"end":{"line":91,"column":5}},"line":85}},"branchMap":{"0":{"loc":{"start":{"line":29,"column":11},"end":{"line":29,"column":35}},"type":"cond-expr","locations":[{"start":{"line":29,"column":18},"end":{"line":29,"column":30}},{"start":{"line":29,"column":33},"end":{"line":29,"column":35}}],"line":29},"1":{"loc":{"start":{"line":39,"column":14},"end":{"line":39,"column":60}},"type":"binary-expr","locations":[{"start":{"line":39,"column":14},"end":{"line":39,"column":18}},{"start":{"line":39,"column":22},"end":{"line":39,"column":31}},{"start":{"line":39,"column":35},"end":{"line":39,"column":60}}],"line":39},"2":{"loc":{"start":{"line":46,"column":8},"end":{"line":50,"column":9}},"type":"if","locations":[{"start":{"line":46,"column":8},"end":{"line":50,"column":9}},{"start":{"line":46,"column":8},"end":{"line":50,"column":9}}],"line":46},"3":{"loc":{"start":{"line":48,"column":15},"end":{"line":50,"column":9}},"type":"if","locations":[{"start":{"line":48,"column":15},"end":{"line":50,"column":9}},{"start":{"line":48,"column":15},"end":{"line":50,"column":9}}],"line":48},"4":{"loc":{"start":{"line":58,"column":4},"end":{"line":68,"column":5}},"type":"if","locations":[{"start":{"line":58,"column":4},"end":{"line":68,"column":5}},{"start":{"line":58,"column":4},"end":{"line":68,"column":5}}],"line":58},"5":{"loc":{"start":{"line":79,"column":4},"end":{"line":81,"column":5}},"type":"if","locations":[{"start":{"line":79,"column":4},"end":{"line":81,"column":5}},{"start":{"line":79,"column":4},"end":{"line":81,"column":5}}],"line":79},"6":{"loc":{"start":{"line":79,"column":8},"end":{"line":79,"column":124}},"type":"binary-expr","locations":[{"start":{"line":79,"column":8},"end":{"line":79,"column":27}},{"start":{"line":79,"column":32},"end":{"line":79,"column":50}},{"start":{"line":79,"column":56},"end":{"line":79,"column":89}},{"start":{"line":79,"column":95},"end":{"line":79,"column":123}}],"line":79}},"s":{"0":2,"1":2,"2":2,"3":2,"4":2,"5":2,"6":2,"7":0,"8":0,"9":2,"10":0,"11":2,"12":2,"13":2,"14":0,"15":2,"16":4},"f":{"0":2,"1":2,"2":4},"b":{"0":[2,0],"1":[2,2,0],"2":[2,0],"3":[0,0],"4":[0,2],"5":[0,2],"6":[2,2,2,2]},"_coverageSchema":"332fd63041d2c1bcb487cc26dd0d5f7d97098a6c","hash":"1615e2c2584bc0727a37781f16e14d956ecd07c4"}
,"D:\\Code\\snippets\\trivia\\src\\utils\\index.js": {"path":"D:\\Code\\snippets\\trivia\\src\\utils\\index.js","statementMap":{},"fnMap":{},"branchMap":{},"s":{},"f":{},"b":{},"_coverageSchema":"332fd63041d2c1bcb487cc26dd0d5f7d97098a6c","hash":"62ba144603fd842596965cea7f59df2f6af85509"}
}
