TN:
SF:D:\Code\snippets\trivia\src\Root.js
FN:1,(anonymous_0)
FN:1,sliceIterator
FN:1,(anonymous_2)
FN:11,_interopRequireDefault
FN:15,Root
FN:22,onBeforeLift
FNF:6
FNH:0
FNDA:0,(anonymous_0)
FNDA:0,sliceIterator
FNDA:0,(anonymous_2)
FNDA:0,_interopRequireDefault
FNDA:0,Root
FNDA:0,onBeforeLift
DA:1,0
DA:3,0
DA:4,0
DA:5,0
DA:6,0
DA:7,0
DA:8,0
DA:9,0
DA:10,0
DA:11,0
DA:13,0
DA:15,0
DA:16,0
DA:22,0
DA:31,0
LF:15
LH:0
BRDA:1,0,0,0
BRDA:1,0,1,0
BRDA:1,1,0,0
BRDA:1,1,1,0
BRDA:1,2,0,0
BRDA:1,2,1,0
BRDA:1,3,0,0
BRDA:1,3,1,0
BRDA:1,4,0,0
BRDA:1,4,1,0
BRDA:1,5,0,0
BRDA:1,5,1,0
BRDA:1,6,0,0
BRDA:1,6,1,0
BRDA:1,7,0,0
BRDA:1,7,1,0
BRDA:11,8,0,0
BRDA:11,8,1,0
BRDA:11,9,0,0
BRDA:11,9,1,0
BRF:20
BRH:0
end_of_record
TN:
SF:D:\Code\snippets\trivia\src\components\List.js
FN:20,(anonymous_0)
FN:27,(anonymous_1)
FN:34,(anonymous_2)
FN:44,(anonymous_3)
FN:46,(anonymous_4)
FNF:5
FNH:2
FNDA:1,(anonymous_0)
FNDA:1,(anonymous_1)
FNDA:0,(anonymous_2)
FNDA:0,(anonymous_3)
FNDA:0,(anonymous_4)
DA:21,1
DA:22,1
DA:23,0
DA:28,1
DA:30,1
DA:31,0
DA:34,0
DA:41,1
DA:44,0
DA:46,0
LF:10
LH:5
BRDA:22,0,0,0
BRDA:22,0,1,1
BRDA:30,1,0,0
BRDA:30,1,1,1
BRF:4
BRH:2
end_of_record
TN:
SF:D:\Code\snippets\trivia\src\components\QuestionBox.js
FN:11,(anonymous_0)
FNF:1
FNH:1
FNDA:1,(anonymous_0)
DA:12,1
DA:13,1
DA:15,1
LF:3
LH:3
BRF:0
BRH:0
end_of_record
TN:
SF:D:\Code\snippets\trivia\src\components\ResultItem.js
FN:11,(anonymous_0)
FNF:1
FNH:1
FNDA:1,(anonymous_0)
DA:12,1
DA:13,1
DA:16,1
DA:17,0
DA:19,1
DA:22,1
LF:6
LH:5
BRDA:16,0,0,0
BRDA:16,0,1,1
BRDA:33,1,0,1
BRDA:33,1,1,1
BRF:4
BRH:3
end_of_record
TN:
SF:D:\Code\snippets\trivia\src\components\index.js
FNF:0
FNH:0
LF:0
LH:0
BRF:0
BRH:0
end_of_record
TN:
SF:D:\Code\snippets\trivia\src\navigation\ConnectedNavigator.js
FN:42,(anonymous_0)
FN:50,(anonymous_1)
FN:56,(anonymous_2)
FN:61,(anonymous_3)
FNF:4
FNH:0
FNDA:0,(anonymous_0)
FNDA:0,(anonymous_1)
FNDA:0,(anonymous_2)
FNDA:0,(anonymous_3)
DA:15,5
DA:16,1
DA:17,1
DA:18,1
DA:22,5
DA:28,5
DA:40,5
DA:42,5
DA:43,0
DA:51,0
DA:52,0
DA:53,0
DA:57,0
DA:58,0
DA:62,0
DA:63,0
DA:64,0
DA:66,0
DA:70,5
DA:72,5
LF:20
LH:10
BRDA:63,0,0,0
BRDA:63,0,1,0
BRF:2
BRH:0
end_of_record
TN:
SF:D:\Code\snippets\trivia\src\navigation\index.js
FNF:0
FNH:0
LF:0
LH:0
BRF:0
BRH:0
end_of_record
TN:
SF:D:\Code\snippets\trivia\src\navigation\utils.js
FN:5,(anonymous_0)
FN:10,(anonymous_1)
FN:30,(anonymous_2)
FNF:3
FNH:1
FNDA:3,(anonymous_0)
FNDA:0,(anonymous_1)
FNDA:0,(anonymous_2)
DA:5,5
DA:6,3
DA:8,3
DA:9,3
DA:10,3
DA:11,0
DA:12,0
DA:14,0
DA:17,3
DA:18,1
DA:27,3
DA:30,5
DA:31,0
LF:13
LH:9
BRDA:5,0,0,2
BRDA:11,1,0,0
BRDA:11,1,1,0
BRDA:17,2,0,1
BRDA:17,2,1,2
BRF:5
BRH:3
end_of_record
TN:
SF:D:\Code\snippets\trivia\src\redux\actions.js
FN:9,(anonymous_0)
FN:10,(anonymous_1)
FN:17,(anonymous_2)
FN:30,(anonymous_3)
FN:31,(anonymous_4)
FN:42,(anonymous_5)
FN:43,(anonymous_6)
FNF:7
FNH:7
FNDA:1,(anonymous_0)
FNDA:1,(anonymous_1)
FNDA:1,(anonymous_2)
FNDA:1,(anonymous_3)
FNDA:1,(anonymous_4)
FNDA:1,(anonymous_5)
FNDA:1,(anonymous_6)
DA:6,5
DA:10,1
DA:11,1
DA:14,1
DA:17,1
DA:18,1
DA:27,5
DA:31,1
DA:32,1
DA:43,1
DA:44,1
LF:11
LH:11
BRF:0
BRH:0
end_of_record
TN:
SF:D:\Code\snippets\trivia\src\redux\index.js
FNF:0
FNH:0
LF:0
LH:0
BRF:0
BRH:0
end_of_record
TN:
SF:D:\Code\snippets\trivia\src\redux\reducers.js
FN:12,(anonymous_0)
FN:47,(anonymous_1)
FN:65,(anonymous_2)
FN:74,(anonymous_3)
FNF:4
FNH:4
FNDA:12,(anonymous_0)
FNDA:9,(anonymous_1)
FNDA:9,(anonymous_2)
FNDA:1,(anonymous_3)
DA:10,5
DA:12,5
DA:14,12
DA:16,1
DA:17,1
DA:18,1
DA:24,2
DA:26,2
DA:27,1
DA:29,1
DA:32,2
DA:33,2
DA:36,7
DA:37,7
DA:41,10
DA:45,5
DA:47,5
DA:50,9
DA:52,1
DA:53,1
DA:55,1
DA:56,1
DA:60,9
DA:63,5
DA:65,5
DA:68,9
DA:70,1
DA:71,1
DA:73,1
DA:74,1
DA:76,1
DA:77,0
DA:79,1
DA:82,1
DA:83,1
DA:88,9
DA:91,5
LF:37
LH:36
BRDA:12,0,0,12
BRDA:14,1,0,1
BRDA:14,1,1,2
BRDA:14,1,2,7
BRDA:26,2,0,1
BRDA:26,2,1,1
BRDA:47,3,0,7
BRDA:50,4,0,1
BRDA:50,4,1,1
BRDA:50,4,2,7
BRDA:60,5,0,9
BRDA:60,5,1,7
BRDA:65,6,0,7
BRDA:68,7,0,1
BRDA:68,7,1,1
BRDA:68,7,2,7
BRDA:76,8,0,0
BRDA:76,8,1,1
BRDA:88,9,0,9
BRDA:88,9,1,7
BRF:20
BRH:19
end_of_record
TN:
SF:D:\Code\snippets\trivia\src\redux\selectors.js
FN:6,(anonymous_0)
FN:7,(anonymous_1)
FN:12,(anonymous_2)
FN:13,(anonymous_3)
FN:14,(anonymous_4)
FNF:5
FNH:5
FNDA:9,(anonymous_0)
FNDA:9,(anonymous_1)
FNDA:9,(anonymous_2)
FNDA:18,(anonymous_3)
FNDA:27,(anonymous_4)
DA:6,9
DA:7,9
DA:9,9
DA:13,9
DA:14,27
DA:15,18
DA:24,9
LF:7
LH:7
BRDA:19,0,0,18
BRDA:19,0,1,18
BRDA:20,1,0,18
BRDA:20,1,1,18
BRF:4
BRH:4
end_of_record
TN:
SF:D:\Code\snippets\trivia\src\redux\state.js
FNF:0
FNH:0
DA:32,9
LF:1
LH:1
BRF:0
BRH:0
end_of_record
TN:
SF:D:\Code\snippets\trivia\src\redux\store.js
FN:13,(anonymous_0)
FN:35,(anonymous_1)
FN:40,(anonymous_2)
FN:47,(anonymous_3)
FNF:4
FNH:0
FNDA:0,(anonymous_0)
FNDA:0,(anonymous_1)
FNDA:0,(anonymous_2)
FNDA:0,(anonymous_3)
DA:14,0
DA:19,0
DA:20,0
DA:23,0
DA:28,0
DA:30,0
DA:31,0
DA:32,0
DA:37,0
DA:41,0
DA:42,0
DA:44,0
DA:47,0
DA:48,0
DA:54,0
LF:15
LH:0
BRDA:19,0,0,0
BRDA:19,0,1,0
BRDA:42,1,0,0
BRDA:42,1,1,0
BRDA:42,2,0,0
BRDA:42,2,1,0
BRF:6
BRH:0
end_of_record
TN:
SF:D:\Code\snippets\trivia\src\screens\Home.js
FN:10,(anonymous_0)
FN:17,(anonymous_1)
FN:22,(anonymous_2)
FN:52,(anonymous_3)
FNF:4
FNH:0
FNDA:0,(anonymous_0)
FNDA:0,(anonymous_1)
FNDA:0,(anonymous_2)
FNDA:0,(anonymous_3)
DA:10,5
DA:11,0
DA:18,0
DA:19,0
DA:23,0
DA:25,0
DA:28,0
DA:52,0
LF:8
LH:1
BRDA:25,0,0,0
BRDA:25,0,1,0
BRDA:37,1,0,0
BRDA:37,1,1,0
BRF:4
BRH:0
end_of_record
TN:
SF:D:\Code\snippets\trivia\src\screens\Quiz.js
FN:11,(anonymous_0)
FN:21,(anonymous_1)
FN:26,(anonymous_2)
FN:47,(anonymous_3)
FN:58,(anonymous_4)
FNF:5
FNH:0
FNDA:0,(anonymous_0)
FNDA:0,(anonymous_1)
FNDA:0,(anonymous_2)
FNDA:0,(anonymous_3)
FNDA:0,(anonymous_4)
DA:11,5
DA:12,0
DA:14,0
DA:22,0
DA:23,0
DA:27,0
DA:29,0
DA:47,0
DA:58,0
LF:9
LH:1
BRF:0
BRH:0
end_of_record
TN:
SF:D:\Code\snippets\trivia\src\screens\Results.js
FN:12,(anonymous_0)
FN:14,(anonymous_1)
FN:25,(anonymous_2)
FN:30,(anonymous_3)
FN:35,(anonymous_4)
FN:50,(anonymous_5)
FN:63,(anonymous_6)
FN:74,(anonymous_7)
FNF:8
FNH:0
FNDA:0,(anonymous_0)
FNDA:0,(anonymous_1)
FNDA:0,(anonymous_2)
FNDA:0,(anonymous_3)
FNDA:0,(anonymous_4)
FNDA:0,(anonymous_5)
FNDA:0,(anonymous_6)
FNDA:0,(anonymous_7)
DA:12,5
DA:13,0
DA:14,0
DA:16,0
DA:26,0
DA:27,0
DA:31,0
DA:32,0
DA:36,0
DA:38,0
DA:51,0
DA:63,0
DA:74,0
LF:13
LH:1
BRF:0
BRH:0
end_of_record
TN:
SF:D:\Code\snippets\trivia\src\screens\Splash.js
FN:8,(anonymous_0)
FNF:1
FNH:0
FNDA:0,(anonymous_0)
DA:8,5
DA:9,0
LF:2
LH:1
BRF:0
BRH:0
end_of_record
TN:
SF:D:\Code\snippets\trivia\src\screens\index.js
FNF:0
FNH:0
LF:0
LH:0
BRF:0
BRH:0
end_of_record
TN:
SF:D:\Code\snippets\trivia\src\styles\Colors.js
FNF:0
FNH:0
LF:0
LH:0
BRF:0
BRH:0
end_of_record
TN:
SF:D:\Code\snippets\trivia\src\styles\Images.js
FNF:0
FNH:0
LF:0
LH:0
BRF:0
BRH:0
end_of_record
TN:
SF:D:\Code\snippets\trivia\src\styles\Styles.js
FNF:0
FNH:0
LF:0
LH:0
BRDA:8,0,0,8
BRDA:8,0,1,0
BRF:2
BRH:1
end_of_record
TN:
SF:D:\Code\snippets\trivia\src\styles\Theme.js
FNF:0
FNH:0
LF:0
LH:0
BRF:0
BRH:0
end_of_record
TN:
SF:D:\Code\snippets\trivia\src\styles\index.js
FNF:0
FNH:0
LF:0
LH:0
BRF:0
BRH:0
end_of_record
TN:
SF:D:\Code\snippets\trivia\src\styles\native-base-theme\components\Badge.js
FN:3,(anonymous_0)
FNF:1
FNH:0
FNDA:0,(anonymous_0)
DA:4,0
DA:34,0
LF:2
LH:0
BRDA:3,0,0,0
BRF:1
BRH:0
end_of_record
TN:
SF:D:\Code\snippets\trivia\src\styles\native-base-theme\components\Body.js
FN:3,(anonymous_0)
FNF:1
FNH:0
FNDA:0,(anonymous_0)
DA:4,0
DA:10,0
LF:2
LH:0
BRDA:3,0,0,0
BRF:1
BRH:0
end_of_record
TN:
SF:D:\Code\snippets\trivia\src\styles\native-base-theme\components\Button.js
FN:3,(anonymous_0)
FNF:1
FNH:0
FNDA:0,(anonymous_0)
DA:4,0
DA:5,0
DA:7,0
DA:483,0
LF:4
LH:0
BRDA:3,0,0,0
BRDA:421,1,0,0
BRDA:421,1,1,0
BRDA:427,2,0,0
BRDA:427,2,1,0
BRDA:475,3,0,0
BRDA:475,3,1,0
BRDA:477,4,0,0
BRDA:477,4,1,0
BRDA:478,5,0,0
BRDA:478,5,1,0
BRDA:479,6,0,0
BRDA:479,6,1,0
BRF:13
BRH:0
end_of_record
TN:
SF:D:\Code\snippets\trivia\src\styles\native-base-theme\components\Card.js
FN:3,(anonymous_0)
FNF:1
FNH:0
FNDA:0,(anonymous_0)
DA:4,0
DA:27,0
LF:2
LH:0
BRDA:3,0,0,0
BRF:1
BRH:0
end_of_record
TN:
SF:D:\Code\snippets\trivia\src\styles\native-base-theme\components\CardItem.js
FN:3,(anonymous_0)
FNF:1
FNH:0
FNDA:0,(anonymous_0)
DA:4,0
DA:6,0
DA:212,0
LF:3
LH:0
BRDA:3,0,0,0
BRDA:57,1,0,0
BRDA:57,1,1,0
BRDA:158,2,0,0
BRDA:158,2,1,0
BRDA:163,3,0,0
BRDA:163,3,1,0
BRDA:165,4,0,0
BRDA:165,4,1,0
BRDA:173,5,0,0
BRDA:173,5,1,0
BRDA:180,6,0,0
BRDA:180,6,1,0
BRF:13
BRH:0
end_of_record
TN:
SF:D:\Code\snippets\trivia\src\styles\native-base-theme\components\CheckBox.js
FN:3,(anonymous_0)
FNF:1
FNH:0
FNDA:0,(anonymous_0)
DA:4,0
DA:35,0
LF:2
LH:0
BRDA:3,0,0,0
BRF:1
BRH:0
end_of_record
TN:
SF:D:\Code\snippets\trivia\src\styles\native-base-theme\components\Container.js
FN:6,(anonymous_0)
FNF:1
FNH:0
FNDA:0,(anonymous_0)
DA:5,8
DA:7,0
DA:16,0
LF:3
LH:1
BRDA:6,0,0,0
BRDA:12,1,0,0
BRDA:12,1,1,0
BRF:3
BRH:0
end_of_record
TN:
SF:D:\Code\snippets\trivia\src\styles\native-base-theme\components\Content.js
FN:3,(anonymous_0)
FNF:1
FNH:0
FNDA:0,(anonymous_0)
DA:4,0
DA:16,0
LF:2
LH:0
BRDA:3,0,0,0
BRF:1
BRH:0
end_of_record
TN:
SF:D:\Code\snippets\trivia\src\styles\native-base-theme\components\Fab.js
FN:3,(anonymous_0)
FNF:1
FNH:0
FNDA:0,(anonymous_0)
DA:4,0
DA:6,0
DA:26,0
LF:3
LH:0
BRDA:3,0,0,0
BRF:1
BRH:0
end_of_record
TN:
SF:D:\Code\snippets\trivia\src\styles\native-base-theme\components\Footer.js
FN:3,(anonymous_0)
FNF:1
FNH:0
FNDA:0,(anonymous_0)
DA:4,0
DA:5,0
DA:7,0
DA:98,0
LF:4
LH:0
BRDA:3,0,0,0
BRDA:86,1,0,0
BRDA:86,1,1,0
BRDA:86,2,0,0
BRDA:86,2,1,0
BRDA:89,3,0,0
BRDA:89,3,1,0
BRDA:89,4,0,0
BRDA:89,4,1,0
BRF:9
BRH:0
end_of_record
TN:
SF:D:\Code\snippets\trivia\src\styles\native-base-theme\components\FooterTab.js
FN:5,(anonymous_0)
FNF:1
FNH:0
FNDA:0,(anonymous_0)
DA:6,0
DA:8,0
DA:76,0
LF:3
LH:0
BRDA:5,0,0,0
BRDA:34,1,0,0
BRDA:34,1,1,0
BRDA:40,2,0,0
BRDA:40,2,1,0
BRDA:67,3,0,0
BRDA:67,3,1,0
BRF:7
BRH:0
end_of_record
TN:
SF:D:\Code\snippets\trivia\src\styles\native-base-theme\components\Form.js
FN:3,(anonymous_0)
FNF:1
FNH:0
FNDA:0,(anonymous_0)
DA:4,0
DA:6,0
DA:87,0
LF:3
LH:0
BRDA:3,0,0,0
BRF:1
BRH:0
end_of_record
TN:
SF:D:\Code\snippets\trivia\src\styles\native-base-theme\components\H1.js
FN:5,(anonymous_0)
FNF:1
FNH:0
FNDA:0,(anonymous_0)
DA:6,0
DA:18,0
LF:2
LH:0
BRDA:5,0,0,0
BRF:1
BRH:0
end_of_record
TN:
SF:D:\Code\snippets\trivia\src\styles\native-base-theme\components\H2.js
FN:3,(anonymous_0)
FNF:1
FNH:0
FNDA:0,(anonymous_0)
DA:4,0
DA:10,0
LF:2
LH:0
BRDA:3,0,0,0
BRF:1
BRH:0
end_of_record
TN:
SF:D:\Code\snippets\trivia\src\styles\native-base-theme\components\H3.js
FN:3,(anonymous_0)
FNF:1
FNH:0
FNDA:0,(anonymous_0)
DA:4,0
DA:10,0
LF:2
LH:0
BRDA:3,0,0,0
BRF:1
BRH:0
end_of_record
TN:
SF:D:\Code\snippets\trivia\src\styles\native-base-theme\components\Header.js
FN:5,(anonymous_0)
FNF:1
FNH:0
FNDA:0,(anonymous_0)
DA:6,0
DA:7,0
DA:9,0
DA:317,0
LF:4
LH:0
BRDA:5,0,0,0
BRDA:121,1,0,0
BRDA:121,1,1,0
BRDA:123,2,0,0
BRDA:123,2,1,0
BRDA:124,3,0,0
BRDA:124,3,1,0
BRDA:125,4,0,0
BRDA:125,4,1,0
BRDA:130,5,0,0
BRDA:130,5,1,0
BRDA:130,6,0,0
BRDA:130,6,1,0
BRDA:178,7,0,0
BRDA:178,7,1,0
BRDA:197,8,0,0
BRDA:197,8,1,0
BRDA:197,9,0,0
BRDA:197,9,1,0
BRDA:203,10,0,0
BRDA:203,10,1,0
BRDA:203,11,0,0
BRDA:203,11,1,0
BRDA:208,12,0,0
BRDA:208,12,1,0
BRDA:258,13,0,0
BRDA:258,13,1,0
BRDA:266,14,0,0
BRDA:266,14,1,0
BRDA:274,15,0,0
BRDA:274,15,1,0
BRDA:303,16,0,0
BRDA:303,16,1,0
BRDA:303,17,0,0
BRDA:303,17,1,0
BRDA:304,18,0,0
BRDA:304,18,1,0
BRF:37
BRH:0
end_of_record
TN:
SF:D:\Code\snippets\trivia\src\styles\native-base-theme\components\Icon.js
FN:3,(anonymous_0)
FNF:1
FNH:0
FNDA:0,(anonymous_0)
DA:4,0
DA:9,0
LF:2
LH:0
BRDA:3,0,0,0
BRF:1
BRH:0
end_of_record
TN:
SF:D:\Code\snippets\trivia\src\styles\native-base-theme\components\Input.js
FN:3,(anonymous_0)
FNF:1
FNH:0
FNDA:0,(anonymous_0)
DA:4,0
DA:17,0
LF:2
LH:0
BRDA:3,0,0,0
BRF:1
BRH:0
end_of_record
TN:
SF:D:\Code\snippets\trivia\src\styles\native-base-theme\components\InputGroup.js
FN:3,(anonymous_0)
FNF:1
FNH:0
FNDA:0,(anonymous_0)
DA:4,0
DA:129,0
LF:2
LH:0
BRDA:3,0,0,0
BRF:1
BRH:0
end_of_record
TN:
SF:D:\Code\snippets\trivia\src\styles\native-base-theme\components\Item.js
FN:5,(anonymous_0)
FNF:1
FNH:0
FNDA:0,(anonymous_0)
DA:6,0
DA:214,0
LF:2
LH:0
BRDA:5,0,0,0
BRDA:49,1,0,0
BRDA:49,1,1,0
BRDA:51,2,0,0
BRDA:51,2,1,0
BRDA:93,3,0,0
BRDA:93,3,1,0
BRF:7
BRH:0
end_of_record
TN:
SF:D:\Code\snippets\trivia\src\styles\native-base-theme\components\Label.js
FN:3,(anonymous_0)
FNF:1
FNH:0
FNDA:0,(anonymous_0)
DA:4,0
DA:11,0
LF:2
LH:0
BRDA:3,0,0,0
BRF:1
BRH:0
end_of_record
TN:
SF:D:\Code\snippets\trivia\src\styles\native-base-theme\components\Left.js
FN:3,(anonymous_0)
FNF:1
FNH:0
FNDA:0,(anonymous_0)
DA:4,0
DA:10,0
LF:2
LH:0
BRDA:3,0,0,0
BRF:1
BRH:0
end_of_record
TN:
SF:D:\Code\snippets\trivia\src\styles\native-base-theme\components\ListItem.js
FN:6,(anonymous_0)
FNF:1
FNH:0
FNDA:0,(anonymous_0)
DA:7,0
DA:9,0
DA:409,0
LF:3
LH:0
BRDA:6,0,0,0
BRDA:30,1,0,0
BRDA:30,1,1,0
BRDA:49,2,0,0
BRDA:49,2,1,0
BRDA:60,3,0,0
BRDA:60,3,1,0
BRDA:62,4,0,0
BRDA:62,4,1,0
BRDA:63,5,0,0
BRDA:63,5,1,0
BRDA:64,6,0,0
BRDA:64,6,1,0
BRDA:83,7,0,0
BRDA:83,7,1,0
BRDA:87,8,0,0
BRDA:87,8,1,0
BRDA:90,9,0,0
BRDA:90,9,1,0
BRDA:97,10,0,0
BRDA:97,10,1,0
BRDA:374,11,0,0
BRDA:374,11,1,0
BRF:23
BRH:0
end_of_record
TN:
SF:D:\Code\snippets\trivia\src\styles\native-base-theme\components\Picker.android.js
FN:1,_interopRequireDefault
FN:3,(anonymous_1)
FNF:2
FNH:0
FNDA:0,_interopRequireDefault
FNDA:0,(anonymous_1)
DA:1,0
DA:3,0
DA:4,0
DA:12,0
LF:4
LH:0
BRDA:1,0,0,0
BRDA:1,0,1,0
BRDA:1,1,0,0
BRDA:1,1,1,0
BRDA:3,2,0,0
BRDA:3,2,1,0
BRDA:3,3,0,0
BRDA:3,3,1,0
BRF:8
BRH:0
end_of_record
TN:
SF:D:\Code\snippets\trivia\src\styles\native-base-theme\components\Picker.ios.js
FN:3,(anonymous_0)
FNF:1
FNH:0
FNDA:0,(anonymous_0)
DA:4,0
DA:6,0
LF:2
LH:0
BRDA:3,0,0,0
BRF:1
BRH:0
end_of_record
TN:
SF:D:\Code\snippets\trivia\src\styles\native-base-theme\components\Radio.js
FN:5,(anonymous_0)
FNF:1
FNH:0
FNDA:0,(anonymous_0)
DA:6,0
DA:25,0
LF:2
LH:0
BRDA:5,0,0,0
BRDA:9,1,0,0
BRDA:9,1,1,0
BRDA:12,2,0,0
BRDA:12,2,1,0
BRDA:13,3,0,0
BRDA:13,3,1,0
BRDA:17,4,0,0
BRDA:17,4,1,0
BRDA:18,5,0,0
BRDA:18,5,1,0
BRDA:21,6,0,0
BRDA:21,6,1,0
BRF:13
BRH:0
end_of_record
TN:
SF:D:\Code\snippets\trivia\src\styles\native-base-theme\components\Right.js
FN:3,(anonymous_0)
FNF:1
FNH:0
FNDA:0,(anonymous_0)
DA:4,0
DA:13,0
LF:2
LH:0
BRDA:3,0,0,0
BRF:1
BRH:0
end_of_record
TN:
SF:D:\Code\snippets\trivia\src\styles\native-base-theme\components\Segment.js
FN:3,(anonymous_0)
FNF:1
FNH:0
FNDA:0,(anonymous_0)
DA:4,0
DA:6,0
DA:44,0
LF:3
LH:0
BRDA:3,0,0,0
BRDA:29,1,0,0
BRDA:29,1,1,0
BRDA:30,2,0,0
BRDA:30,2,1,0
BRDA:34,3,0,0
BRDA:34,3,1,0
BRDA:35,4,0,0
BRDA:35,4,1,0
BRF:9
BRH:0
end_of_record
TN:
SF:D:\Code\snippets\trivia\src\styles\native-base-theme\components\Separator.js
FN:3,(anonymous_0)
FNF:1
FNH:0
FNDA:0,(anonymous_0)
DA:4,0
DA:46,0
LF:2
LH:0
BRDA:3,0,0,0
BRF:1
BRH:0
end_of_record
TN:
SF:D:\Code\snippets\trivia\src\styles\native-base-theme\components\Spinner.js
FN:3,(anonymous_0)
FNF:1
FNH:0
FNDA:0,(anonymous_0)
DA:4,0
DA:8,0
LF:2
LH:0
BRDA:3,0,0,0
BRF:1
BRH:0
end_of_record
TN:
SF:D:\Code\snippets\trivia\src\styles\native-base-theme\components\Subtitle.js
FN:3,(anonymous_0)
FNF:1
FNH:0
FNDA:0,(anonymous_0)
DA:4,0
DA:11,0
LF:2
LH:0
BRDA:3,0,0,0
BRF:1
BRH:0
end_of_record
TN:
SF:D:\Code\snippets\trivia\src\styles\native-base-theme\components\SwipeRow.js
FN:3,(anonymous_0)
FNF:1
FNH:0
FNDA:0,(anonymous_0)
DA:4,0
DA:45,0
LF:2
LH:0
BRDA:3,0,0,0
BRF:1
BRH:0
end_of_record
TN:
SF:D:\Code\snippets\trivia\src\styles\native-base-theme\components\Switch.js
FN:3,(anonymous_0)
FNF:1
FNH:0
FNDA:0,(anonymous_0)
DA:4,0
DA:8,0
LF:2
LH:0
BRDA:3,0,0,0
BRF:1
BRH:0
end_of_record
TN:
SF:D:\Code\snippets\trivia\src\styles\native-base-theme\components\Tab.js
FN:3,(anonymous_0)
FNF:1
FNH:0
FNDA:0,(anonymous_0)
DA:4,0
DA:9,0
LF:2
LH:0
BRDA:3,0,0,0
BRF:1
BRH:0
end_of_record
TN:
SF:D:\Code\snippets\trivia\src\styles\native-base-theme\components\TabBar.js
FN:3,(anonymous_0)
FNF:1
FNH:0
FNDA:0,(anonymous_0)
DA:4,0
DA:54,0
LF:2
LH:0
BRDA:3,0,0,0
BRF:1
BRH:0
end_of_record
TN:
SF:D:\Code\snippets\trivia\src\styles\native-base-theme\components\TabContainer.js
FN:4,(anonymous_0)
FNF:1
FNH:0
FNDA:0,(anonymous_0)
DA:5,0
DA:6,0
DA:8,0
DA:23,0
LF:4
LH:0
BRDA:4,0,0,0
BRDA:12,1,0,0
BRDA:12,1,1,0
BRDA:13,2,0,0
BRDA:13,2,1,0
BRDA:16,3,0,0
BRDA:16,3,1,0
BRDA:17,4,0,0
BRDA:17,4,1,0
BRDA:19,5,0,0
BRDA:19,5,1,0
BRF:11
BRH:0
end_of_record
TN:
SF:D:\Code\snippets\trivia\src\styles\native-base-theme\components\TabHeading.js
FN:3,(anonymous_0)
FNF:1
FNH:0
FNDA:0,(anonymous_0)
DA:4,0
DA:6,0
DA:36,0
LF:3
LH:0
BRDA:3,0,0,0
BRDA:14,1,0,0
BRDA:14,1,1,0
BRDA:15,2,0,0
BRDA:15,2,1,0
BRDA:23,3,0,0
BRDA:23,3,1,0
BRF:7
BRH:0
end_of_record
TN:
SF:D:\Code\snippets\trivia\src\styles\native-base-theme\components\Text.js
FN:5,(anonymous_0)
FNF:1
FNH:0
FNDA:0,(anonymous_0)
DA:6,0
DA:26,0
LF:2
LH:0
BRDA:5,0,0,0
BRF:1
BRH:0
end_of_record
TN:
SF:D:\Code\snippets\trivia\src\styles\native-base-theme\components\Textarea.js
FN:3,(anonymous_0)
FNF:1
FNH:0
FNDA:0,(anonymous_0)
DA:4,0
DA:22,0
LF:2
LH:0
BRDA:3,0,0,0
BRF:1
BRH:0
end_of_record
TN:
SF:D:\Code\snippets\trivia\src\styles\native-base-theme\components\Thumbnail.js
FN:3,(anonymous_0)
FNF:1
FNH:0
FNDA:0,(anonymous_0)
DA:4,0
DA:39,0
LF:2
LH:0
BRDA:3,0,0,0
BRF:1
BRH:0
end_of_record
TN:
SF:D:\Code\snippets\trivia\src\styles\native-base-theme\components\Title.js
FN:5,(anonymous_0)
FNF:1
FNH:0
FNDA:0,(anonymous_0)
DA:6,0
DA:14,0
LF:2
LH:0
BRDA:5,0,0,0
BRDA:10,1,0,0
BRDA:10,1,1,0
BRF:3
BRH:0
end_of_record
TN:
SF:D:\Code\snippets\trivia\src\styles\native-base-theme\components\Toast.js
FN:3,(anonymous_0)
FNF:1
FNH:0
FNDA:0,(anonymous_0)
DA:4,0
DA:6,0
DA:37,0
LF:3
LH:0
BRDA:3,0,0,0
BRDA:17,1,0,0
BRDA:17,1,1,0
BRF:3
BRH:0
end_of_record
TN:
SF:D:\Code\snippets\trivia\src\styles\native-base-theme\components\View.js
FN:3,(anonymous_0)
FNF:1
FNH:0
FNDA:0,(anonymous_0)
DA:4,0
DA:10,0
LF:2
LH:0
BRDA:3,0,0,0
BRF:1
BRH:0
end_of_record
TN:
SF:D:\Code\snippets\trivia\src\styles\native-base-theme\components\index.js
FN:45,(anonymous_0)
FN:214,(anonymous_1)
FN:215,(anonymous_2)
FNF:3
FNH:0
FNDA:0,(anonymous_0)
FNDA:0,(anonymous_1)
FNDA:0,(anonymous_2)
DA:46,0
DA:214,0
DA:215,0
DA:218,0
DA:223,0
DA:224,0
DA:225,0
DA:227,0
DA:231,0
DA:232,0
DA:237,0
DA:239,0
LF:12
LH:0
BRDA:45,0,0,0
BRDA:218,1,0,0
BRDA:218,1,1,0
BRDA:219,2,0,0
BRDA:219,2,1,0
BRDA:219,2,2,0
BRDA:223,3,0,0
BRDA:223,3,1,0
BRDA:224,4,0,0
BRDA:224,4,1,0
BRDA:231,5,0,0
BRDA:231,5,1,0
BRDA:231,6,0,0
BRDA:231,6,1,0
BRF:14
BRH:0
end_of_record
TN:
SF:D:\Code\snippets\trivia\src\styles\native-base-theme\variables\commonColor.js
FN:3,_interopRequireDefault
FNF:1
FNH:0
FNDA:0,_interopRequireDefault
DA:1,0
DA:3,0
DA:5,0
DA:6,0
DA:7,0
DA:8,0
DA:9,0
DA:53,0
DA:57,0
DA:60,0
DA:63,0
DA:66,0
DA:69,0
DA:72,0
DA:75,0
DA:78,0
DA:81,0
DA:84,0
DA:87,0
DA:90,0
DA:93,0
DA:96,0
DA:102,0
DA:105,0
DA:126,0
DA:129,0
DA:132,0
DA:169,0
DA:187,0
DA:190,0
DA:198,0
DA:239,0
DA:273,0
LF:33
LH:0
BRDA:3,0,0,0
BRDA:3,0,1,0
BRDA:3,1,0,0
BRDA:3,1,1,0
BRDA:9,2,0,0
BRDA:9,2,1,0
BRDA:9,2,2,0
BRDA:23,3,0,0
BRDA:23,3,1,0
BRDA:26,4,0,0
BRDA:26,4,1,0
BRDA:31,5,0,0
BRDA:31,5,1,0
BRDA:32,6,0,0
BRDA:32,6,1,0
BRDA:33,7,0,0
BRDA:33,7,1,0
BRDA:34,8,0,0
BRDA:34,8,1,0
BRDA:35,9,0,0
BRDA:35,9,1,0
BRDA:36,10,0,0
BRDA:36,10,1,0
BRDA:37,11,0,0
BRDA:37,11,1,0
BRDA:87,12,0,0
BRDA:87,12,1,0
BRDA:122,13,0,0
BRDA:122,13,1,0
BRDA:136,14,0,0
BRDA:136,14,1,0
BRDA:138,15,0,0
BRDA:138,15,1,0
BRDA:142,16,0,0
BRDA:142,16,1,0
BRDA:143,17,0,0
BRDA:143,17,1,0
BRDA:146,18,0,0
BRDA:146,18,1,0
BRDA:152,19,0,0
BRDA:152,19,1,0
BRDA:159,20,0,0
BRDA:159,20,1,0
BRDA:159,21,0,0
BRDA:159,21,1,0
BRDA:160,22,0,0
BRDA:160,22,1,0
BRDA:161,23,0,0
BRDA:161,23,1,0
BRDA:162,24,0,0
BRDA:162,24,1,0
BRDA:163,25,0,0
BRDA:163,25,1,0
BRDA:176,26,0,0
BRDA:176,26,1,0
BRDA:178,27,0,0
BRDA:178,27,1,0
BRDA:206,28,0,0
BRDA:206,28,1,0
BRDA:207,29,0,0
BRDA:207,29,1,0
BRDA:220,30,0,0
BRDA:220,30,1,0
BRDA:230,31,0,0
BRDA:230,31,1,0
BRDA:234,32,0,0
BRDA:234,32,1,0
BRDA:259,33,0,0
BRDA:259,33,1,0
BRDA:260,34,0,0
BRDA:260,34,1,0
BRDA:261,35,0,0
BRDA:261,35,1,0
BRDA:268,36,0,0
BRDA:268,36,1,0
BRF:75
BRH:0
end_of_record
TN:
SF:D:\Code\snippets\trivia\src\styles\native-base-theme\variables\material.js
FN:4,_interopRequireDefault
FNF:1
FNH:0
FNDA:0,_interopRequireDefault
DA:1,0
DA:3,0
DA:4,0
DA:6,0
DA:7,0
DA:8,0
DA:9,0
DA:10,0
DA:54,0
DA:58,0
DA:61,0
DA:64,0
DA:67,0
DA:70,0
DA:73,0
DA:76,0
DA:79,0
DA:82,0
DA:85,0
DA:88,0
DA:91,0
DA:94,0
DA:97,0
DA:103,0
DA:106,0
DA:127,0
DA:130,0
DA:133,0
DA:170,0
DA:188,0
DA:191,0
DA:199,0
DA:240,0
DA:274,0
LF:34
LH:0
BRDA:4,0,0,0
BRDA:4,0,1,0
BRDA:4,1,0,0
BRDA:4,1,1,0
BRDA:10,2,0,0
BRDA:10,2,1,0
BRDA:10,2,2,0
BRDA:24,3,0,0
BRDA:24,3,1,0
BRDA:27,4,0,0
BRDA:27,4,1,0
BRDA:35,5,0,0
BRDA:35,5,1,0
BRDA:36,6,0,0
BRDA:36,6,1,0
BRDA:37,7,0,0
BRDA:37,7,1,0
BRDA:38,8,0,0
BRDA:38,8,1,0
BRDA:88,9,0,0
BRDA:88,9,1,0
BRDA:137,10,0,0
BRDA:137,10,1,0
BRDA:139,11,0,0
BRDA:139,11,1,0
BRDA:143,12,0,0
BRDA:143,12,1,0
BRDA:160,13,0,0
BRDA:160,13,1,0
BRDA:160,14,0,0
BRDA:160,14,1,0
BRDA:161,15,0,0
BRDA:161,15,1,0
BRDA:162,16,0,0
BRDA:162,16,1,0
BRDA:164,17,0,0
BRDA:164,17,1,0
BRDA:177,18,0,0
BRDA:177,18,1,0
BRDA:179,19,0,0
BRDA:179,19,1,0
BRDA:207,20,0,0
BRDA:207,20,1,0
BRDA:208,21,0,0
BRDA:208,21,1,0
BRDA:221,22,0,0
BRDA:221,22,1,0
BRDA:231,23,0,0
BRDA:231,23,1,0
BRDA:235,24,0,0
BRDA:235,24,1,0
BRDA:260,25,0,0
BRDA:260,25,1,0
BRF:53
BRH:0
end_of_record
TN:
SF:D:\Code\snippets\trivia\src\styles\native-base-theme\variables\platform.js
FNF:0
FNH:0
DA:6,8
DA:7,8
DA:8,8
DA:9,8
DA:10,8
DA:54,0
DA:58,0
DA:61,0
DA:64,0
DA:67,0
DA:70,0
DA:73,0
DA:76,0
DA:79,0
DA:82,0
DA:85,0
DA:88,0
DA:91,0
DA:94,0
DA:97,0
DA:103,0
DA:106,0
DA:127,0
DA:130,0
DA:133,0
DA:173,0
DA:191,0
DA:194,0
DA:202,0
DA:243,0
DA:277,0
LF:31
LH:5
BRDA:10,0,0,8
BRDA:10,0,1,8
BRDA:10,0,2,0
BRDA:24,1,0,8
BRDA:24,1,1,0
BRDA:27,2,0,8
BRDA:27,2,1,0
BRDA:32,3,0,8
BRDA:32,3,1,0
BRDA:33,4,0,8
BRDA:33,4,1,0
BRDA:34,5,0,8
BRDA:34,5,1,0
BRDA:35,6,0,8
BRDA:35,6,1,0
BRDA:36,7,0,8
BRDA:36,7,1,0
BRDA:37,8,0,8
BRDA:37,8,1,0
BRDA:38,9,0,8
BRDA:38,9,1,0
BRDA:45,10,0,8
BRDA:45,10,1,0
BRDA:46,11,0,8
BRDA:46,11,1,0
BRDA:47,12,0,8
BRDA:47,12,1,0
BRDA:48,13,0,8
BRDA:48,13,1,0
BRDA:49,14,0,8
BRDA:49,14,1,0
BRDA:50,15,0,8
BRDA:50,15,1,0
BRDA:88,16,0,0
BRDA:88,16,1,0
BRDA:113,17,0,8
BRDA:113,17,1,0
BRDA:123,18,0,8
BRDA:123,18,1,0
BRDA:140,19,0,0
BRDA:140,19,1,8
BRDA:142,20,0,0
BRDA:142,20,1,8
BRDA:145,21,0,8
BRDA:145,21,1,0
BRDA:146,22,0,8
BRDA:146,22,1,0
BRDA:147,23,0,8
BRDA:147,23,1,0
BRDA:149,24,0,8
BRDA:149,24,1,0
BRDA:150,25,0,8
BRDA:150,25,1,0
BRDA:153,26,0,8
BRDA:153,26,1,0
BRDA:154,27,0,8
BRDA:154,27,1,0
BRDA:155,28,0,8
BRDA:155,28,1,0
BRDA:156,29,0,8
BRDA:156,29,1,0
BRDA:157,30,0,8
BRDA:157,30,1,0
BRDA:158,31,0,8
BRDA:158,31,1,0
BRDA:161,32,0,8
BRDA:161,32,1,0
BRDA:163,33,0,8
BRDA:163,33,1,0
BRDA:163,34,0,0
BRDA:163,34,1,8
BRDA:164,35,0,8
BRDA:164,35,1,0
BRDA:165,36,0,8
BRDA:165,36,1,0
BRDA:166,37,0,8
BRDA:166,37,1,0
BRDA:167,38,0,8
BRDA:167,38,1,0
BRDA:169,39,0,8
BRDA:169,39,1,0
BRDA:171,40,0,8
BRDA:171,40,1,0
BRDA:180,41,0,8
BRDA:180,41,1,0
BRDA:182,42,0,8
BRDA:182,42,1,0
BRDA:210,43,0,8
BRDA:210,43,1,0
BRDA:211,44,0,8
BRDA:211,44,1,0
BRDA:224,45,0,8
BRDA:224,45,1,0
BRDA:234,46,0,8
BRDA:234,46,1,0
BRDA:238,47,0,8
BRDA:238,47,1,0
BRDA:263,48,0,8
BRDA:263,48,1,0
BRDA:264,49,0,8
BRDA:264,49,1,0
BRDA:265,50,0,8
BRDA:265,50,1,0
BRDA:266,51,0,8
BRDA:266,51,1,0
BRDA:269,52,0,8
BRDA:269,52,1,0
BRDA:272,53,0,8
BRDA:272,53,1,0
BRF:109
BRH:54
end_of_record
TN:
SF:D:\Code\snippets\trivia\src\utils\api.js
FN:27,remoteFetch
FN:76,fetchQuestions
FN:85,(anonymous_2)
FNF:3
FNH:3
FNDA:2,remoteFetch
FNDA:2,fetchQuestions
FNDA:4,(anonymous_2)
DA:28,2
DA:35,2
DA:42,2
DA:44,2
DA:45,2
DA:46,2
DA:47,2
DA:48,0
DA:49,0
DA:58,2
DA:64,0
DA:70,2
DA:77,2
DA:79,2
DA:80,0
DA:85,4
LF:16
LH:12
BRDA:29,0,0,2
BRDA:29,0,1,0
BRDA:39,1,0,2
BRDA:39,1,1,2
BRDA:39,1,2,0
BRDA:46,2,0,2
BRDA:46,2,1,0
BRDA:48,3,0,0
BRDA:48,3,1,0
BRDA:58,4,0,0
BRDA:58,4,1,2
BRDA:79,5,0,0
BRDA:79,5,1,2
BRDA:79,6,0,2
BRDA:79,6,1,2
BRDA:79,6,2,2
BRDA:79,6,3,2
BRF:17
BRH:10
end_of_record
TN:
SF:D:\Code\snippets\trivia\src\utils\index.js
FNF:0
FNH:0
LF:0
LH:0
BRF:0
BRH:0
end_of_record
